#
# A fatal error has been detected by the Java Runtime Environment:
#
#  SIGBUS (0xa) at pc=0x000000010b44d4f0, pid=27485, tid=29195
#
# JRE version: OpenJDK Runtime Environment Temurin-17.0.3+7 (17.0.3+7) (build 17.0.3+7)
# Java VM: OpenJDK 64-Bit Server VM Temurin-17.0.3+7 (17.0.3+7, mixed mode, tiered, compressed oops, compressed class ptrs, g1 gc, bsd-aarch64)
# Problematic frame:
# v  ~StubRoutines::SafeFetchN
#
# No core dump will be written. Core dumps have been disabled. To enable core dumping, try "ulimit -c unlimited" before starting Java again
#
# If you would like to submit a bug report, please visit:
#   https://github.com/adoptium/adoptium-support/issues
# The crash happened outside the Java Virtual Machine in native code.
# See problematic frame for where to report the bug.
#

---------------  S U M M A R Y ------------

Command Line: -XX:+ShowCodeDetailsInExceptionMessages -Dfile.encoding=UTF-8 --module-path=/Users/annetorgersen/Desktop/Objektorientertprogrammering/TDT4100_prosjekt/target/classes:/Users/annetorgersen/.m2/repository/org/openjfx/javafx-fxml/17-ea+8/javafx-fxml-17-ea+8-mac-aarch64.jar:/Users/annetorgersen/.m2/repository/org/openjfx/javafx-controls/17-ea+8/javafx-controls-17-ea+8-mac-aarch64.jar:/Users/annetorgersen/.m2/repository/org/openjfx/javafx-graphics/17-ea+8/javafx-graphics-17-ea+8-mac-aarch64.jar:/Users/annetorgersen/.m2/repository/org/openjfx/javafx-base/17-ea+8/javafx-base-17-ea+8-mac-aarch64.jar -Djdk.module.main=TDT4100_project TDT4100_project/promillekalkulator.App

Host: "MacBookAir10,1" arm64, 8 cores, 8G, Darwin 21.4.0, macOS 12.3 (21E230)
Time: Wed Aug 10 20:43:53 2022 CEST elapsed time: 10.085232 seconds (0d 0h 0m 10s)

---------------  T H R E A D  ---------------

Current thread (0x000000014694b400):  JavaThread "InvokeLaterDispatcher" daemon [_thread_in_native, id=29195, stack(0x000000017046c000,0x000000017066f000)]

Stack: [0x000000017046c000,0x000000017066f000],  sp=0x000000017066e7a0,  free space=2057k
Native frames: (J=compiled Java code, j=interpreted, Vv=VM code, C=native code)
v  ~StubRoutines::SafeFetchN
V  [libjvm.dylib+0x7ba8fc]  _ZN10OopStorage7releaseEPKP7oopDesc+0x20
V  [libjvm.dylib+0x4c55f0]  jni_DeleteGlobalRef+0xd8
C  [libglass.dylib+0xa880]  -[GlassRunnable dealloc]+0x34
C  [Foundation+0x85618]  -[_NSThreadPerformInfo dealloc]+0x30
C  [Foundation+0x5198c]  -[NSObject(NSThreadPerformAdditions) performSelectorOnMainThread:withObject:waitUntilDone:]+0x88
C  0x2a1f80011300754c
J 2755 c1 com.sun.glass.ui.mac.MacApplication.submitForLaterInvocation(Ljava/lang/Runnable;)V javafx.graphics (6 bytes) @ 0x000000010bf1be58 [0x000000010bf1bdc0+0x0000000000000098]
C  0x0000000780072528

Java frames: (J=compiled Java code, j=interpreted, Vv=VM code)
J 2780  com.sun.glass.ui.mac.MacApplication._submitForLaterInvocation(Ljava/lang/Runnable;)V javafx.graphics (0 bytes) @ 0x000000011300754c [0x00000001130074c0+0x000000000000008c]
J 2755 c1 com.sun.glass.ui.mac.MacApplication.submitForLaterInvocation(Ljava/lang/Runnable;)V javafx.graphics (6 bytes) @ 0x000000010bf1be58 [0x000000010bf1bdc0+0x0000000000000098]
j  com.sun.glass.ui.InvokeLaterDispatcher.run()V+82 javafx.graphics
v  ~StubRoutines::call_stub

siginfo: si_signo: 10 (SIGBUS), si_code: 1 (BUS_ADRALN), si_addr: 0x000000010b44d4f0

Register to memory mapping:

 x0=0x0000000145e26b08 is a global jni handle
 x1=0x0 is NULL
 x2=0x0000000785584c30 is an oop: com.sun.glass.ui.InvokeLaterDispatcher$Future 
{0x0000000785584c30} - klass: 'com/sun/glass/ui/InvokeLaterDispatcher$Future'
 - ---- fields (total size 3 words):
 - private 'done' 'Z' @12  true
 - private final 'runnable' 'Ljava/lang/Runnable;' @16  a 'com/sun/javafx/application/PlatformImpl$$Lambda$90+0x00000008000ffbc0'{0x00000007853b9d48} (f0a773a9)
 - final synthetic 'this$0' 'Lcom/sun/glass/ui/InvokeLaterDispatcher;' @20  a 'com/sun/glass/ui/InvokeLaterDispatcher'{0x0000000780072528} (f000e4a5)
 x3=0x0 is NULL
 x4=0x00000000000130a8 is an unknown value
 x5=0x0 is NULL
 x6=0x0 is NULL
 x7=0x0 is NULL
 x8=0x000000010b44d4ec is at begin+0 in a stub
StubRoutines::SafeFetchN [0x000000010b44d4ec, 0x000000010b44d4f8] (12 bytes)
 x9=0x0 is NULL
x10=0x2010000030300000 is an unknown value
x11=0x0000000000000007 is an unknown value
x12=0x0000000000000004 is an unknown value
x13=0x0000000147172f40 points into unknown readable memory: 0x0000000000000000 | 00 00 00 00 00 00 00 00
x14=0x0000190000000000 is an unknown value
x15=0x00000001206e5f98: OBJC_CLASS_$_GlassRunnable+0 in /Users/annetorgersen/.openjfx/cache/17-ea/libglass.dylib at 0x00000001206a0000
x16=0x00000001a16310fc: pthread_getspecific+0 in /usr/lib/system/libsystem_pthread.dylib at 0x00000001a162f000
x17=0x0000000145fc7d80 points into unknown readable memory: 0xfffffffffffffffe | fe ff ff ff ff ff ff ff
x18=0x0 is NULL
x19=0x000000014704cc10 points into unknown readable memory: 0x0000000147033cf0 | f0 3c 03 47 01 00 00 00
x20=0x0000000145e26900 points into unknown readable memory: 0x0000000000000000 | 00 00 00 00 00 00 00 00
x21=0x0000000145e26b08 is a global jni handle
x22=0x000000014694b400 is a thread
x23=0x0000000000000001 is an unknown value
x24=0x0000000145e26ac0 is a global jni handle
x25=0x000000010846ca98: _ZN12StubRoutines17_safefetchN_entryE+0 in /Users/annetorgersen/.vscode/extensions/redhat.java-1.9.0-darwin-arm64/jre/17.0.3-macosx-aarch64/lib/server/libjvm.dylib at 0x0000000107808000
x26=0x0000000120e98000 is pointing into metadata
x27=0x0 is NULL
x28=0x000000014694b400 is a thread


Registers:
 x0=0x0000000145e26b08  x1=0x0000000000000000  x2=0x0000000785584c30  x3=0x0000000000000000
 x4=0x00000000000130a8  x5=0x0000000000000000  x6=0x0000000000000000  x7=0x0000000000000000
 x8=0x000000010b44d4ec  x9=0x0000000000000000 x10=0x2010000030300000 x11=0x0000000000000007
x12=0x0000000000000004 x13=0x0000000147172f40 x14=0x0000190000000000 x15=0x00000001206e5f98
x16=0x00000001a16310fc x17=0x0000000145fc7d80 x18=0x0000000000000000 x19=0x000000014704cc10
x20=0x0000000145e26900 x21=0x0000000145e26b08 x22=0x000000014694b400 x23=0x0000000000000001
x24=0x0000000145e26ac0 x25=0x000000010846ca98 x26=0x0000000120e98000 x27=0x0000000000000000
x28=0x000000014694b400  fp=0x000000017066e7e0  lr=0x0000000107fc16cc  sp=0x000000017066e7a0
pc=0x000000010b44d4f0 cpsr=0x0000000060001000
Top of Stack: (sp=0x000000017066e7a0)
0x000000017066e7a0:   0000000120e98000 0000000000000001
0x000000017066e7b0:   00000008000e9b78 0000000000000000
0x000000017066e7c0:   00000001478ab8a8 0000000145e26ac0
0x000000017066e7d0:   0000000145e26ac0 000000014704cc10
0x000000017066e7e0:   000000017066e820 0000000107fc28fc
0x000000017066e7f0:   0000000000000001 0000000145e26ac0
0x000000017066e800:   00000001478ab8a8 0000000145e26ac0
0x000000017066e810:   0000000000000001 00000001478ab600
0x000000017066e820:   000000017066e860 0000000107ccd5f0
0x000000017066e830:   00000008000e9b78 000000010760eb40
0x000000017066e840:   0000000107610570 00000001eb6f5be0
0x000000017066e850:   0000000000000000 0000000107610570
0x000000017066e860:   000000017066e890 00000001206aa880
0x000000017066e870:   2573e669512300c7 0000000000000000
0x000000017066e880:   0000000000000000 0000000107611300
0x000000017066e890:   000000017066e8d0 00000001a25fe618
0x000000017066e8a0:   00000008000e9b78 000000010760eb40
0x000000017066e8b0:   0000000107610570 2573e669512300c7
0x000000017066e8c0:   0000000000000000 0000000000000000
0x000000017066e8d0:   000000017066e910 041e0001a25ca98c
0x000000017066e8e0:   00000008000e9b78 000000010b4547c0
0x000000017066e8f0:   0000000120e97882 0000000108474458
0x000000017066e900:   000000017066e9f0 00000000000000b9
0x000000017066e910:   000000017066e970 2a1f80011300754c
0x000000017066e920:   00000007816aa730 0000000785584c30
0x000000017066e930:   000000017066ea98 00000001a163d630
0x000000017066e940:   000000014694b400 0000000108451150
0x000000017066e950:   000000017066ea00 0000000000000001
0x000000017066e960:   000000017066e9a0 00000007817c9a18
0x000000017066e970:   000000017066ea60 000000010bf1be58
0x000000017066e980:   0000000785584c30 00000007853b9d48
0x000000017066e990:   000000017066e9f8 00000000000000b6 

Instructions: (pc=0x000000010b44d4f0)
0x000000010b44d3f0:   f2a10869 f2c00029 6d425935 1e640886
0x000000010b44d400:   0c402d31 1e6408c7 1f5654d0 1e6c1017
0x000000010b44d410:   1f5050d0 1f504cd0 1f5048d0 1e650af6
0x000000010b44d420:   1f50d8f6 1f5694d6 1f5158f6 1e762880
0x000000010b44d430:   36000501 1e614000 14000026 2e251ca5
0x000000010b44d440:   d2923009 f2a10869 f2c00029 6d425d36
0x000000010b44d450:   1e600806 0c402d32 1f5758c7 1e6c101a
0x000000010b44d460:   1f4754c7 1e650805 1f4750c7 d2866668
0x000000010b44d470:   f2a7fa68 1f474cc7 1e6608c0 1f4748c7
0x000000010b44d480:   1e6e1019 eb08007f 540000ac 1f479400
0x000000010b44d490:   1f460340 1e603b20 1400000e d2a7fd29
0x000000010b44d4a0:   eb09007f 540000ac 51480069 d3607d29
0x000000010b44d4b0:   9e670121 14000002 1e6a5001 1f679417
0x000000010b44d4c0:   1f668742 1e613b23 1e773857 1e773860
0x000000010b44d4d0:   a8c17ff3 910003bf a8c17bfd d65f03c0
0x000000010b44d4e0:   b9400001 aa0103e0 d65f03c0 f9400001
0x000000010b44d4f0:   aa0103e0 d65f03c0 00000000 00000000
0x000000010b44d500:   00000000 00000000 00000000 00000000
0x000000010b44d510:   00000000 00000000 00000000 00000000
0x000000010b44d520:   00000000 00000000 00000000 00000000
0x000000010b44d530:   00000000 00000000 00000000 00000000
0x000000010b44d540:   00000000 00000000 00000000 00000000
0x000000010b44d550:   00000000 00000000 00000000 00000000
0x000000010b44d560:   00000000 00000000 00000000 00000000
0x000000010b44d570:   00000000 00000000 00000000 00000000
0x000000010b44d580:   00000000 00000000 00000000 00000000
0x000000010b44d590:   00000000 00000000 00000000 00000000
0x000000010b44d5a0:   00000000 00000000 00000000 00000000
0x000000010b44d5b0:   00000000 00000000 00000000 00000000
0x000000010b44d5c0:   00000000 00000000 00000000 00000000
0x000000010b44d5d0:   00000000 00000000 00000000 00000000
0x000000010b44d5e0:   00000000 00000000 00000000 00000000 


Stack slot to memory mapping:
stack at sp + 0 slots: 0x0000000120e98000 is pointing into metadata
stack at sp + 1 slots: 0x0000000000000001 is an unknown value
stack at sp + 2 slots: 0x00000008000e9b78 is a pointer to class: 
com.sun.glass.ui.mac.MacApplication {0x00000008000e9b78}
 - instance size:     5
 - klass size:        135
 - access:            final synchronized 
 - state:             fully_initialized
 - name:              'com/sun/glass/ui/mac/MacApplication'
 - super:             'com/sun/glass/ui/Application'
 - sub:               
 - arrays:            NULL
 - methods:           Array<T>(0x0000000120e6fd20)
 - method ordering:   Array<T>(0x0000000120800018)
 - default_methods:   Array<T>(0x0000000000000000)
 - local interfaces:  Array<T>(0x0000000120e6fb10)
 - trans. interfaces: Array<T>(0x0000000120e6fb10)
 - constants:         constant pool [546]/operands[69] {0x0000000120e6e848} for 'com/sun/glass/ui/mac/MacApplication' cache=0x0000000120e957e0
 - class loader data:  loader data: 0x0000000145f2f8e0 for instance a 'jdk/internal/loader/ClassLoaders$AppClassLoader'{0x0000000780079710}
 - source file:       'MacApplication.java'
 - class annotations:       Array<T>(0x0000000000000000)
 - class type annotations:  Array<T>(0x0000000000000000)
 - field annotations:       Array<T>(0x0000000000000000)
 - field type annotations:  Array<T>(0x0000000000000000)
 - inner classes:     Array<T>(0x0000000120e71408)
 - nest members:     Array<T>(0x0000000120e71460)
 - permitted subclasses:     Array<T>(0x0000000120800028)
 - java mirror:       a 'java/lang/Class'{0x00000007816aa6b8} = 'com/sun/glass/ui/mac/MacApplication'
 - vtable length      71  (start addr: 0x00000008000e9d48)
 - itable length      5 (start addr: 0x00000008000e9f80)
 - ---- static fields (1 words):
 - static final 'BROWSER_PARENT_ID' 'J' @112 
 - ---- non-static fields (7 words):
 - private 'initialActiveEventReceived' 'Z' @12 
 - private 'terminateWhenLastWindowClosed' 'Z' @13 
 - protected 'name' 'Ljava/lang/String;' @16 
 - private 'eventHandler' 'Lcom/sun/glass/ui/Application$EventHandler;' @20 
 - private 'initialOpenedFiles' '[Ljava/lang/String;' @24 
 - private 'isTaskbarApplication' 'Z' @14 
 - private 'firstDidResignActive' 'Z' @15 
 - private final 'invokeLaterDispatcher' 'Lcom/sun/glass/ui/InvokeLaterDispatcher;' @28 
 - private 'appleMenu' 'Lcom/sun/glass/ui/Menu;' @32 
 - private final 'reactivationLatch' 'Ljava/util/concurrent/CountDownLatch;' @36 
 - non-static oop maps: 16-36 
stack at sp + 3 slots: 0x0 is NULL
stack at sp + 4 slots: 0x00000001478ab8a8 points into unknown readable memory: 0x00000001084268a0 | a0 68 42 08 01 00 00 00
stack at sp + 5 slots: 0x0000000145e26ac0 is a global jni handle
stack at sp + 6 slots: 0x0000000145e26ac0 is a global jni handle
stack at sp + 7 slots: 0x000000014704cc10 points into unknown readable memory: 0x0000000147033cf0 | f0 3c 03 47 01 00 00 00

StubRoutines::SafeFetchN [0x000000010b44d4ec, 0x000000010b44d4f8] (12 bytes)
[MachCode]
  0x000000010b44d4ec: 0100 40f9 | e003 01aa | c003 5fd6 
[/MachCode]

---------------  P R O C E S S  ---------------

Threads class SMR info:
_java_thread_list=0x0000000126f44310, length=18, elements={
0x000000014600e800, 0x0000000136008200, 0x0000000136008800, 0x000000014601b200,
0x000000014601e800, 0x000000014601ee00, 0x000000014601f400, 0x0000000123008200,
0x0000000123010800, 0x00000001478a5600, 0x00000001468e7e00, 0x0000000146813000,
0x000000014694b400, 0x00000001478ab600, 0x000000014698e400, 0x0000000147d11000,
0x0000000131b3f000, 0x0000000147906a00
}

Java Threads: ( => current thread )
  0x000000014600e800 JavaThread "main" [_thread_blocked, id=9731, stack(0x000000016dc70000,0x000000016de73000)]
  0x0000000136008200 JavaThread "Reference Handler" daemon [_thread_blocked, id=17411, stack(0x000000016eac4000,0x000000016ecc7000)]
  0x0000000136008800 JavaThread "Finalizer" daemon [_thread_blocked, id=16387, stack(0x000000016ecd0000,0x000000016eed3000)]
  0x000000014601b200 JavaThread "Signal Dispatcher" daemon [_thread_blocked, id=41987, stack(0x000000016eff4000,0x000000016f1f7000)]
  0x000000014601e800 JavaThread "Service Thread" daemon [_thread_blocked, id=22531, stack(0x000000016f200000,0x000000016f403000)]
  0x000000014601ee00 JavaThread "Monitor Deflation Thread" daemon [_thread_blocked, id=22787, stack(0x000000016f40c000,0x000000016f60f000)]
  0x000000014601f400 JavaThread "C2 CompilerThread0" daemon [_thread_blocked, id=40963, stack(0x000000016f618000,0x000000016f81b000)]
  0x0000000123008200 JavaThread "C1 CompilerThread0" daemon [_thread_blocked, id=40451, stack(0x000000016f824000,0x000000016fa27000)]
  0x0000000123010800 JavaThread "Sweeper thread" daemon [_thread_blocked, id=23043, stack(0x000000016fa30000,0x000000016fc33000)]
  0x00000001478a5600 JavaThread "Common-Cleaner" daemon [_thread_blocked, id=23555, stack(0x000000016fc3c000,0x000000016fe3f000)]
  0x00000001468e7e00 JavaThread "Notification Thread" daemon [_thread_blocked, id=24067, stack(0x000000016fe48000,0x000000017004b000)]
  0x0000000146813000 JavaThread "QuantumRenderer-0" daemon [_thread_blocked, id=39427, stack(0x0000000170260000,0x0000000170463000)]
=>0x000000014694b400 JavaThread "InvokeLaterDispatcher" daemon [_thread_in_native, id=29195, stack(0x000000017046c000,0x000000017066f000)]
  0x00000001478ab600 JavaThread "JavaFX Application Thread" [_thread_in_native, id=259, stack(0x000000016d3e8000,0x000000016dbe4000)]
  0x000000014698e400 JavaThread "JavaFX-Launcher" [_thread_blocked, id=78599, stack(0x000000017099c000,0x0000000170b9f000)]
  0x0000000147d11000 JavaThread "Prism Font Disposer" daemon [_thread_blocked, id=54535, stack(0x00000001717f0000,0x00000001719f3000)]
  0x0000000131b3f000 JavaThread "Cleaner-0" daemon [_thread_blocked, id=60167, stack(0x0000000171b14000,0x0000000171d17000)]
  0x0000000147906a00 JavaThread "PulseTimer-CVDisplayLink thread" daemon [_thread_in_native, id=72199, stack(0x0000000170678000,0x00000001706fb000)]

Other Threads:
  0x0000000147051cf0 VMThread "VM Thread" [stack: 0x000000016e8b8000,0x000000016eabb000] [id=18179]
  0x0000000145f5a3f0 WatcherThread [stack: 0x0000000170054000,0x0000000170257000] [id=39939]
  0x0000000147009780 GCTaskThread "GC Thread#0" [stack: 0x000000016de7c000,0x000000016e07f000] [id=12803]
  0x000000010740d100 GCTaskThread "GC Thread#1" [stack: 0x0000000170ba8000,0x0000000170dab000] [id=52995]
  0x000000010740d980 GCTaskThread "GC Thread#2" [stack: 0x0000000170db4000,0x0000000170fb7000] [id=53251]
  0x00000001470f45f0 GCTaskThread "GC Thread#3" [stack: 0x0000000170fc0000,0x00000001711c3000] [id=73731]
  0x00000001470f5120 GCTaskThread "GC Thread#4" [stack: 0x00000001711cc000,0x00000001713cf000] [id=53763]
  0x00000001471a9dd0 GCTaskThread "GC Thread#5" [stack: 0x00000001713d8000,0x00000001715db000] [id=73219]
  0x00000001470f8ad0 GCTaskThread "GC Thread#6" [stack: 0x00000001715e4000,0x00000001717e7000] [id=54275]
  0x0000000145e9eea0 GCTaskThread "GC Thread#7" [stack: 0x0000000171d20000,0x0000000171f23000] [id=60963]
  0x000000014700a630 ConcurrentGCThread "G1 Main Marker" [stack: 0x000000016e088000,0x000000016e28b000] [id=13315]
  0x0000000145e22e80 ConcurrentGCThread "G1 Conc#0" [stack: 0x000000016e294000,0x000000016e497000] [id=13827]
  0x000000010750dee0 ConcurrentGCThread "G1 Conc#1" [stack: 0x0000000171f2c000,0x000000017212f000] [id=61187]
  0x00000001470245c0 ConcurrentGCThread "G1 Refine#0" [stack: 0x000000016e4a0000,0x000000016e6a3000] [id=14595]
  0x0000000147025360 ConcurrentGCThread "G1 Service" [stack: 0x000000016e6ac000,0x000000016e8af000] [id=14851]

Threads with active compile tasks:

VM state: not at safepoint (normal execution)

VM Mutex/Monitor currently owned by a thread: None

Heap address: 0x0000000780000000, size: 2048 MB, Compressed Oops mode: Zero based, Oop shift amount: 3

CDS archive(s) not mapped
Compressed class space mapped at: 0x0000000800000000-0x0000000840000000, reserved size: 1073741824
Narrow klass base: 0x0000000800000000, Narrow klass shift: 0, Narrow klass range: 0x40000000

GC Precious Log:
 CPUs: 8 total, 8 available
 Memory: 8192M
 Large Page Support: Disabled
 NUMA Support: Disabled
 Compressed Oops: Enabled (Zero based)
 Heap Region Size: 1M
 Heap Min Capacity: 8M
 Heap Initial Capacity: 128M
 Heap Max Capacity: 2G
 Pre-touch: Disabled
 Parallel Workers: 8
 Concurrent Workers: 2
 Concurrent Refinement Workers: 8
 Periodic GC: Disabled

Heap:
 garbage-first heap   total 96256K, used 32885K [0x0000000780000000, 0x0000000800000000)
  region size 1024K, 11 young (11264K), 4 survivors (4096K)
 Metaspace       used 22939K, committed 23104K, reserved 1073152K
  class space    used 3109K, committed 3200K, reserved 1048576K

Heap Regions: E=young(eden), S=young(survivor), O=old, HS=humongous(starts), HC=humongous(continues), CS=collection set, F=free, OA=open archive, CA=closed archive, TAMS=top-at-mark-start (previous, next)
|   0|0x0000000780000000, 0x0000000780100000, 0x0000000780100000|100%| O|  |TAMS 0x0000000780069200, 0x0000000780000000| Untracked 
|   1|0x0000000780100000, 0x0000000780200000, 0x0000000780200000|100%|HS|  |TAMS 0x0000000780200000, 0x0000000780100000| Complete 
|   2|0x0000000780200000, 0x0000000780300000, 0x0000000780300000|100%|HC|  |TAMS 0x0000000780300000, 0x0000000780200000| Complete 
|   3|0x0000000780300000, 0x0000000780400000, 0x0000000780400000|100%|HS|  |TAMS 0x0000000780400000, 0x0000000780300000| Complete 
|   4|0x0000000780400000, 0x0000000780500000, 0x0000000780500000|100%|HC|  |TAMS 0x0000000780500000, 0x0000000780400000| Complete 
|   5|0x0000000780500000, 0x0000000780600000, 0x0000000780600000|100%|HC|  |TAMS 0x0000000780600000, 0x0000000780500000| Complete 
|   6|0x0000000780600000, 0x0000000780700000, 0x0000000780700000|100%|HC|  |TAMS 0x0000000780700000, 0x0000000780600000| Complete 
|   7|0x0000000780700000, 0x0000000780800000, 0x0000000780800000|100%|HC|  |TAMS 0x0000000780800000, 0x0000000780700000| Complete 
|   8|0x0000000780800000, 0x0000000780900000, 0x0000000780900000|100%|HC|  |TAMS 0x0000000780900000, 0x0000000780800000| Complete 
|   9|0x0000000780900000, 0x0000000780a00000, 0x0000000780a00000|100%|HC|  |TAMS 0x0000000780a00000, 0x0000000780900000| Complete 
|  10|0x0000000780a00000, 0x0000000780b00000, 0x0000000780b00000|100%|HC|  |TAMS 0x0000000780b00000, 0x0000000780a00000| Complete 
|  11|0x0000000780b00000, 0x0000000780c00000, 0x0000000780c00000|100%|HC|  |TAMS 0x0000000780c00000, 0x0000000780b00000| Complete 
|  12|0x0000000780c00000, 0x0000000780d00000, 0x0000000780d00000|100%|HC|  |TAMS 0x0000000780d00000, 0x0000000780c00000| Complete 
|  13|0x0000000780d00000, 0x0000000780d00000, 0x0000000780e00000|  0%| F|  |TAMS 0x0000000780d00000, 0x0000000780d00000| Untracked 
|  14|0x0000000780e00000, 0x0000000780e00000, 0x0000000780f00000|  0%| F|  |TAMS 0x0000000780e00000, 0x0000000780e00000| Untracked 
|  15|0x0000000780f00000, 0x0000000781000000, 0x0000000781000000|100%|HS|  |TAMS 0x0000000781000000, 0x0000000780f00000| Complete 
|  16|0x0000000781000000, 0x0000000781100000, 0x0000000781100000|100%|HC|  |TAMS 0x0000000781100000, 0x0000000781000000| Complete 
|  17|0x0000000781100000, 0x0000000781200000, 0x0000000781200000|100%|HC|  |TAMS 0x0000000781200000, 0x0000000781100000| Complete 
|  18|0x0000000781200000, 0x0000000781300000, 0x0000000781300000|100%|HC|  |TAMS 0x0000000781300000, 0x0000000781200000| Complete 
|  19|0x0000000781300000, 0x0000000781400000, 0x0000000781400000|100%|HC|  |TAMS 0x0000000781400000, 0x0000000781300000| Complete 
|  20|0x0000000781400000, 0x0000000781500000, 0x0000000781500000|100%|HS|  |TAMS 0x0000000781500000, 0x0000000781400000| Complete 
|  21|0x0000000781500000, 0x0000000781600000, 0x0000000781600000|100%|HC|  |TAMS 0x0000000781600000, 0x0000000781500000| Complete 
|  22|0x0000000781600000, 0x0000000781700000, 0x0000000781700000|100%| O|  |TAMS 0x0000000781600000, 0x0000000781600000| Untracked 
|  23|0x0000000781700000, 0x0000000781800000, 0x0000000781800000|100%| O|  |TAMS 0x0000000781700000, 0x0000000781700000| Untracked 
|  24|0x0000000781800000, 0x0000000781874c00, 0x0000000781900000| 45%| O|  |TAMS 0x0000000781800000, 0x0000000781800000| Complete 
|  25|0x0000000781900000, 0x0000000781900000, 0x0000000781a00000|  0%| F|  |TAMS 0x0000000781900000, 0x0000000781900000| Untracked 
|  26|0x0000000781a00000, 0x0000000781a00000, 0x0000000781b00000|  0%| F|  |TAMS 0x0000000781a00000, 0x0000000781a00000| Untracked 
|  27|0x0000000781b00000, 0x0000000781b00000, 0x0000000781c00000|  0%| F|  |TAMS 0x0000000781b00000, 0x0000000781b00000| Untracked 
|  28|0x0000000781c00000, 0x0000000781c00000, 0x0000000781d00000|  0%| F|  |TAMS 0x0000000781c00000, 0x0000000781c00000| Untracked 
|  29|0x0000000781d00000, 0x0000000781d00000, 0x0000000781e00000|  0%| F|  |TAMS 0x0000000781d00000, 0x0000000781d00000| Untracked 
|  30|0x0000000781e00000, 0x0000000781e00000, 0x0000000781f00000|  0%| F|  |TAMS 0x0000000781e00000, 0x0000000781e00000| Untracked 
|  31|0x0000000781f00000, 0x0000000781f00000, 0x0000000782000000|  0%| F|  |TAMS 0x0000000781f00000, 0x0000000781f00000| Untracked 
|  32|0x0000000782000000, 0x0000000782000000, 0x0000000782100000|  0%| F|  |TAMS 0x0000000782000000, 0x0000000782000000| Untracked 
|  33|0x0000000782100000, 0x0000000782100000, 0x0000000782200000|  0%| F|  |TAMS 0x0000000782100000, 0x0000000782100000| Untracked 
|  34|0x0000000782200000, 0x0000000782200000, 0x0000000782300000|  0%| F|  |TAMS 0x0000000782200000, 0x0000000782200000| Untracked 
|  35|0x0000000782300000, 0x0000000782300000, 0x0000000782400000|  0%| F|  |TAMS 0x0000000782300000, 0x0000000782300000| Untracked 
|  36|0x0000000782400000, 0x0000000782400000, 0x0000000782500000|  0%| F|  |TAMS 0x0000000782400000, 0x0000000782400000| Untracked 
|  37|0x0000000782500000, 0x0000000782500000, 0x0000000782600000|  0%| F|  |TAMS 0x0000000782500000, 0x0000000782500000| Untracked 
|  38|0x0000000782600000, 0x0000000782600000, 0x0000000782700000|  0%| F|  |TAMS 0x0000000782600000, 0x0000000782600000| Untracked 
|  39|0x0000000782700000, 0x0000000782700000, 0x0000000782800000|  0%| F|  |TAMS 0x0000000782700000, 0x0000000782700000| Untracked 
|  40|0x0000000782800000, 0x0000000782800000, 0x0000000782900000|  0%| F|  |TAMS 0x0000000782800000, 0x0000000782800000| Untracked 
|  41|0x0000000782900000, 0x0000000782900000, 0x0000000782a00000|  0%| F|  |TAMS 0x0000000782900000, 0x0000000782900000| Untracked 
|  42|0x0000000782a00000, 0x0000000782a00000, 0x0000000782b00000|  0%| F|  |TAMS 0x0000000782a00000, 0x0000000782a00000| Untracked 
|  43|0x0000000782b00000, 0x0000000782b00000, 0x0000000782c00000|  0%| F|  |TAMS 0x0000000782b00000, 0x0000000782b00000| Untracked 
|  44|0x0000000782c00000, 0x0000000782c00000, 0x0000000782d00000|  0%| F|  |TAMS 0x0000000782c00000, 0x0000000782c00000| Untracked 
|  45|0x0000000782d00000, 0x0000000782d00000, 0x0000000782e00000|  0%| F|  |TAMS 0x0000000782d00000, 0x0000000782d00000| Untracked 
|  46|0x0000000782e00000, 0x0000000782e00000, 0x0000000782f00000|  0%| F|  |TAMS 0x0000000782e00000, 0x0000000782e00000| Untracked 
|  47|0x0000000782f00000, 0x0000000782f00000, 0x0000000783000000|  0%| F|  |TAMS 0x0000000782f00000, 0x0000000782f00000| Untracked 
|  48|0x0000000783000000, 0x0000000783000000, 0x0000000783100000|  0%| F|  |TAMS 0x0000000783000000, 0x0000000783000000| Untracked 
|  49|0x0000000783100000, 0x0000000783100000, 0x0000000783200000|  0%| F|  |TAMS 0x0000000783100000, 0x0000000783100000| Untracked 
|  50|0x0000000783200000, 0x0000000783200000, 0x0000000783300000|  0%| F|  |TAMS 0x0000000783200000, 0x0000000783200000| Untracked 
|  51|0x0000000783300000, 0x0000000783300000, 0x0000000783400000|  0%| F|  |TAMS 0x0000000783300000, 0x0000000783300000| Untracked 
|  52|0x0000000783400000, 0x0000000783400000, 0x0000000783500000|  0%| F|  |TAMS 0x0000000783400000, 0x0000000783400000| Untracked 
|  53|0x0000000783500000, 0x0000000783500000, 0x0000000783600000|  0%| F|  |TAMS 0x0000000783500000, 0x0000000783500000| Untracked 
|  54|0x0000000783600000, 0x0000000783600000, 0x0000000783700000|  0%| F|  |TAMS 0x0000000783600000, 0x0000000783600000| Untracked 
|  55|0x0000000783700000, 0x0000000783700000, 0x0000000783800000|  0%| F|  |TAMS 0x0000000783700000, 0x0000000783700000| Untracked 
|  56|0x0000000783800000, 0x0000000783800000, 0x0000000783900000|  0%| F|  |TAMS 0x0000000783800000, 0x0000000783800000| Untracked 
|  57|0x0000000783900000, 0x0000000783900000, 0x0000000783a00000|  0%| F|  |TAMS 0x0000000783900000, 0x0000000783900000| Untracked 
|  58|0x0000000783a00000, 0x0000000783a00000, 0x0000000783b00000|  0%| F|  |TAMS 0x0000000783a00000, 0x0000000783a00000| Untracked 
|  59|0x0000000783b00000, 0x0000000783b00000, 0x0000000783c00000|  0%| F|  |TAMS 0x0000000783b00000, 0x0000000783b00000| Untracked 
|  60|0x0000000783c00000, 0x0000000783c00000, 0x0000000783d00000|  0%| F|  |TAMS 0x0000000783c00000, 0x0000000783c00000| Untracked 
|  61|0x0000000783d00000, 0x0000000783d00000, 0x0000000783e00000|  0%| F|  |TAMS 0x0000000783d00000, 0x0000000783d00000| Untracked 
|  62|0x0000000783e00000, 0x0000000783e00000, 0x0000000783f00000|  0%| F|  |TAMS 0x0000000783e00000, 0x0000000783e00000| Untracked 
|  63|0x0000000783f00000, 0x0000000783f00000, 0x0000000784000000|  0%| F|  |TAMS 0x0000000783f00000, 0x0000000783f00000| Untracked 
|  64|0x0000000784000000, 0x0000000784000000, 0x0000000784100000|  0%| F|  |TAMS 0x0000000784000000, 0x0000000784000000| Untracked 
|  65|0x0000000784100000, 0x0000000784100000, 0x0000000784200000|  0%| F|  |TAMS 0x0000000784100000, 0x0000000784100000| Untracked 
|  66|0x0000000784200000, 0x0000000784200000, 0x0000000784300000|  0%| F|  |TAMS 0x0000000784200000, 0x0000000784200000| Untracked 
|  67|0x0000000784300000, 0x0000000784300000, 0x0000000784400000|  0%| F|  |TAMS 0x0000000784300000, 0x0000000784300000| Untracked 
|  68|0x0000000784400000, 0x0000000784400000, 0x0000000784500000|  0%| F|  |TAMS 0x0000000784400000, 0x0000000784400000| Untracked 
|  69|0x0000000784500000, 0x0000000784500000, 0x0000000784600000|  0%| F|  |TAMS 0x0000000784500000, 0x0000000784500000| Untracked 
|  70|0x0000000784600000, 0x0000000784600000, 0x0000000784700000|  0%| F|  |TAMS 0x0000000784600000, 0x0000000784600000| Untracked 
|  71|0x0000000784700000, 0x0000000784700000, 0x0000000784800000|  0%| F|  |TAMS 0x0000000784700000, 0x0000000784700000| Untracked 
|  72|0x0000000784800000, 0x0000000784800000, 0x0000000784900000|  0%| F|  |TAMS 0x0000000784800000, 0x0000000784800000| Untracked 
|  73|0x0000000784900000, 0x0000000784900000, 0x0000000784a00000|  0%| F|  |TAMS 0x0000000784900000, 0x0000000784900000| Untracked 
|  74|0x0000000784a00000, 0x0000000784a00000, 0x0000000784b00000|  0%| F|  |TAMS 0x0000000784a00000, 0x0000000784a00000| Untracked 
|  75|0x0000000784b00000, 0x0000000784b00000, 0x0000000784c00000|  0%| F|  |TAMS 0x0000000784b00000, 0x0000000784b00000| Untracked 
|  76|0x0000000784c00000, 0x0000000784c00000, 0x0000000784d00000|  0%| F|  |TAMS 0x0000000784c00000, 0x0000000784c00000| Untracked 
|  77|0x0000000784d00000, 0x0000000784d00000, 0x0000000784e00000|  0%| F|  |TAMS 0x0000000784d00000, 0x0000000784d00000| Untracked 
|  78|0x0000000784e00000, 0x0000000784e00000, 0x0000000784f00000|  0%| F|  |TAMS 0x0000000784e00000, 0x0000000784e00000| Untracked 
|  79|0x0000000784f00000, 0x0000000784f00000, 0x0000000785000000|  0%| F|  |TAMS 0x0000000784f00000, 0x0000000784f00000| Untracked 
|  80|0x0000000785000000, 0x0000000785000000, 0x0000000785100000|  0%| F|  |TAMS 0x0000000785000000, 0x0000000785000000| Untracked 
|  81|0x0000000785100000, 0x0000000785100000, 0x0000000785200000|  0%| F|  |TAMS 0x0000000785100000, 0x0000000785100000| Untracked 
|  82|0x0000000785200000, 0x0000000785200000, 0x0000000785300000|  0%| F|  |TAMS 0x0000000785200000, 0x0000000785200000| Untracked 
|  83|0x0000000785300000, 0x0000000785400000, 0x0000000785400000|100%| E|  |TAMS 0x0000000785300000, 0x0000000785300000| Complete 
|  84|0x0000000785400000, 0x0000000785500000, 0x0000000785500000|100%| E|CS|TAMS 0x0000000785400000, 0x0000000785400000| Complete 
|  85|0x0000000785500000, 0x0000000785600000, 0x0000000785600000|100%| E|CS|TAMS 0x0000000785500000, 0x0000000785500000| Complete 
|  86|0x0000000785600000, 0x0000000785700000, 0x0000000785700000|100%| E|CS|TAMS 0x0000000785600000, 0x0000000785600000| Complete 
|  87|0x0000000785700000, 0x0000000785800000, 0x0000000785800000|100%| E|CS|TAMS 0x0000000785700000, 0x0000000785700000| Complete 
|  88|0x0000000785800000, 0x0000000785900000, 0x0000000785900000|100%| E|CS|TAMS 0x0000000785800000, 0x0000000785800000| Complete 
|  89|0x0000000785900000, 0x00000007859a8a50, 0x0000000785a00000| 65%| S|CS|TAMS 0x0000000785900000, 0x0000000785900000| Complete 
|  90|0x0000000785a00000, 0x0000000785b00000, 0x0000000785b00000|100%| S|CS|TAMS 0x0000000785a00000, 0x0000000785a00000| Complete 
|  91|0x0000000785b00000, 0x0000000785c00000, 0x0000000785c00000|100%| S|CS|TAMS 0x0000000785b00000, 0x0000000785b00000| Complete 
|  92|0x0000000785c00000, 0x0000000785d00000, 0x0000000785d00000|100%| S|CS|TAMS 0x0000000785c00000, 0x0000000785c00000| Complete 
| 127|0x0000000787f00000, 0x0000000788000000, 0x0000000788000000|100%| E|CS|TAMS 0x0000000787f00000, 0x0000000787f00000| Complete 

Card table byte_map: [0x0000000106c00000,0x0000000107000000] _byte_map_base: 0x0000000103000000

Marking Bits (Prev, Next): (CMBitMap*) 0x0000000147820e50, (CMBitMap*) 0x0000000147820e10
 Prev Bits: [0x000000011c44c000, 0x000000011e44c000)
 Next Bits: [0x000000011a44c000, 0x000000011c44c000)

Polling page: 0x000000010239c000

Metaspace:

Usage:
  Non-class:     19.37 MB used.
      Class:      3.04 MB used.
       Both:     22.40 MB used.

Virtual space:
  Non-class space:       24.00 MB reserved,      19.44 MB ( 81%) committed,  3 nodes.
      Class space:        1.00 GB reserved,       3.12 MB ( <1%) committed,  1 nodes.
             Both:        1.02 GB reserved,      22.56 MB (  2%) committed. 

Chunk freelists:
   Non-Class:  128.00 KB
       Class:  774.00 KB
        Both:  902.00 KB

MaxMetaspaceSize: unlimited
CompressedClassSpaceSize: 1.00 GB
Initial GC threshold: 21.00 MB
Current GC threshold: 35.25 MB
CDS: off
MetaspaceReclaimPolicy: balanced
 - commit_granule_bytes: 65536.
 - commit_granule_words: 8192.
 - virtual_space_node_default_size: 1048576.
 - enlarge_chunks_in_place: 1.
 - new_chunks_are_fully_committed: 0.
 - uncommit_free_chunks: 1.
 - use_allocation_guard: 0.
 - handle_deallocations: 1.


Internal statistics:

num_allocs_failed_limit: 3.
num_arena_births: 192.
num_arena_deaths: 0.
num_vsnodes_births: 4.
num_vsnodes_deaths: 0.
num_space_committed: 361.
num_space_uncommitted: 0.
num_chunks_returned_to_freelist: 3.
num_chunks_taken_from_freelist: 733.
num_chunk_merges: 0.
num_chunk_splits: 514.
num_chunks_enlarged: 408.
num_purges: 0.
num_inconsistent_stats: 0.

CodeHeap 'non-profiled nmethods': size=120032Kb used=1101Kb max_used=1101Kb free=118930Kb
 bounds [0x0000000112f14000, 0x0000000113184000, 0x000000011a44c000]
CodeHeap 'profiled nmethods': size=120016Kb used=5992Kb max_used=5992Kb free=114023Kb
 bounds [0x000000010b9e0000, 0x000000010bfc0000, 0x0000000112f14000]
CodeHeap 'non-nmethods': size=5712Kb used=1401Kb max_used=1479Kb free=4310Kb
 bounds [0x000000010b44c000, 0x000000010b6bc000, 0x000000010b9e0000]
 total_blobs=3675 nmethods=2898 adapters=692
 compilation: enabled
              stopped_count=0, restarted_count=0
 full_count=0

Compilation events (20 events):
Event: 9.567 Thread 0x0000000123008200 nmethod 2968 0x000000010bfb3890 code [0x000000010bfb3bc0, 0x000000010bfb4818]
Event: 9.581 Thread 0x0000000123008200 2969       3       java.util.stream.ReferencePipeline$3::opWrapSink (10 bytes)
Event: 9.581 Thread 0x0000000123008200 nmethod 2969 0x000000010bfb4e10 code [0x000000010bfb5000, 0x000000010bfb55d8]
Event: 9.581 Thread 0x0000000123008200 2972       3       java.util.Collections::emptyList (4 bytes)
Event: 9.581 Thread 0x0000000123008200 nmethod 2972 0x000000010bfb5810 code [0x000000010bfb59c0, 0x000000010bfb5aa8]
Event: 9.581 Thread 0x0000000123008200 2970       3       java.util.stream.ReferencePipeline$3$1::<init> (11 bytes)
Event: 9.582 Thread 0x0000000123008200 nmethod 2970 0x000000010bfb5b10 code [0x000000010bfb5d00, 0x000000010bfb6258]
Event: 9.582 Thread 0x0000000123008200 2971       3       java.util.stream.Sink$ChainedReference::begin (11 bytes)
Event: 9.582 Thread 0x0000000123008200 nmethod 2971 0x000000010bfb6410 code [0x000000010bfb65c0, 0x000000010bfb67d8]
Event: 9.582 Thread 0x0000000123008200 2973       3       javafx.scene.Node$LazyBoundsProperty::get (25 bytes)
Event: 9.583 Thread 0x0000000123008200 nmethod 2973 0x000000010bfb6890 code [0x000000010bfb6a40, 0x000000010bfb6d18]
Event: 9.583 Thread 0x0000000123008200 2974       3       com.sun.javafx.text.PrismTextLayout::getBounds (9 bytes)
Event: 9.584 Thread 0x0000000123008200 nmethod 2974 0x000000010bfb6e10 code [0x000000010bfb6fc0, 0x000000010bfb7218]
Event: 9.584 Thread 0x0000000123008200 2975       3       com.sun.javafx.geom.transform.Identity::inverseDeltaTransform (20 bytes)
Event: 9.584 Thread 0x0000000123008200 nmethod 2975 0x000000010bfb7310 code [0x000000010bfb7500, 0x000000010bfb7928]
Event: 10.043 Thread 0x0000000123008200 2976       3       com.sun.javafx.event.EventHandlerManager::dispatchBubblingEvent (23 bytes)
Event: 10.044 Thread 0x0000000123008200 nmethod 2976 0x000000010bfb7b10 code [0x000000010bfb7d00, 0x000000010bfb8088]
Event: 10.075 Thread 0x0000000123008200 2977       1       com.sun.javafx.stage.WindowEventDispatcher::getLastDispatcher (5 bytes)
Event: 10.076 Thread 0x0000000123008200 nmethod 2977 0x0000000113026f10 code [0x0000000113027080, 0x0000000113027168]
Event: 10.083 Thread 0x0000000123008200 2978       3       com.sun.javafx.scene.input.PickResultChooser::computePoint (55 bytes)

GC Heap History (4 events):
Event: 0.654 GC heap before
{Heap before GC invocations=0 (full 0):
 garbage-first heap   total 131072K, used 22528K [0x0000000780000000, 0x0000000800000000)
  region size 1024K, 23 young (23552K), 0 survivors (0K)
 Metaspace       used 13449K, committed 13632K, reserved 1064960K
  class space    used 1623K, committed 1728K, reserved 1048576K
}
Event: 0.657 GC heap after
{Heap after GC invocations=1 (full 0):
 garbage-first heap   total 131072K, used 3492K [0x0000000780000000, 0x0000000800000000)
  region size 1024K, 3 young (3072K), 3 survivors (3072K)
 Metaspace       used 13449K, committed 13632K, reserved 1064960K
  class space    used 1623K, committed 1728K, reserved 1048576K
}
Event: 6.230 GC heap before
{Heap before GC invocations=1 (full 0):
 garbage-first heap   total 131072K, used 56740K [0x0000000780000000, 0x0000000800000000)
  region size 1024K, 35 young (35840K), 3 survivors (3072K)
 Metaspace       used 21314K, committed 21504K, reserved 1073152K
  class space    used 2948K, committed 3072K, reserved 1048576K
}
Event: 6.235 GC heap after
{Heap after GC invocations=2 (full 0):
 garbage-first heap   total 131072K, used 26741K [0x0000000780000000, 0x0000000800000000)
  region size 1024K, 4 young (4096K), 4 survivors (4096K)
 Metaspace       used 21314K, committed 21504K, reserved 1073152K
  class space    used 2948K, committed 3072K, reserved 1048576K
}

Deoptimization events (20 events):
Event: 7.018 Thread 0x0000000146813000 DEOPT PACKING pc=0x0000000112ffe314 sp=0x0000000170461870
Event: 7.018 Thread 0x0000000146813000 DEOPT UNPACKING pc=0x000000010b48ad1c sp=0x0000000170461740 mode 2
Event: 7.168 Thread 0x0000000146813000 Uncommon trap: trap_request=0xffffff45 fr.pc=0x000000011300e750 relative=0x0000000000001910
Event: 7.168 Thread 0x0000000146813000 Uncommon trap: reason=unstable_if action=reinterpret pc=0x000000011300e750 method=com.sun.javafx.sg.prism.NGNode.doRender(Lcom/sun/prism/Graphics;)V @ 24 c2
Event: 7.168 Thread 0x0000000146813000 DEOPT PACKING pc=0x000000011300e750 sp=0x00000001704610a0
Event: 7.168 Thread 0x0000000146813000 DEOPT UNPACKING pc=0x000000010b48ad1c sp=0x0000000170460f80 mode 2
Event: 7.933 Thread 0x00000001478ab600 Uncommon trap: trap_request=0xffffff45 fr.pc=0x0000000112f7f6e0 relative=0x0000000000000ee0
Event: 7.933 Thread 0x00000001478ab600 Uncommon trap: reason=unstable_if action=reinterpret pc=0x0000000112f7f6e0 method=java.util.concurrent.ConcurrentHashMap.putVal(Ljava/lang/Object;Ljava/lang/Object;Z)Ljava/lang/Object; @ 231 c2
Event: 7.933 Thread 0x00000001478ab600 DEOPT PACKING pc=0x0000000112f7f6e0 sp=0x000000016dbdd660
Event: 7.933 Thread 0x00000001478ab600 DEOPT UNPACKING pc=0x000000010b48ad1c sp=0x000000016dbdd560 mode 2
Event: 7.957 Thread 0x0000000146813000 Uncommon trap: trap_request=0xffffff45 fr.pc=0x0000000112ffba60 relative=0x00000000000000a0
Event: 7.958 Thread 0x0000000146813000 Uncommon trap: reason=unstable_if action=reinterpret pc=0x0000000112ffba60 method=com.sun.javafx.sg.prism.NGNode.render(Lcom/sun/prism/Graphics;)V @ 20 c2
Event: 7.958 Thread 0x0000000146813000 DEOPT PACKING pc=0x0000000112ffba60 sp=0x00000001704614a0
Event: 7.958 Thread 0x0000000146813000 DEOPT UNPACKING pc=0x000000010b48ad1c sp=0x0000000170461430 mode 2
Event: 8.450 Thread 0x0000000146813000 Uncommon trap: trap_request=0xffffff45 fr.pc=0x0000000112ff8bac relative=0x00000000000000ec
Event: 8.450 Thread 0x0000000146813000 Uncommon trap: reason=unstable_if action=reinterpret pc=0x0000000112ff8bac method=com.sun.javafx.geom.RectBounds.intersects(Lcom/sun/javafx/geom/BaseBounds;)Z @ 8 c2
Event: 8.450 Thread 0x0000000146813000 DEOPT PACKING pc=0x0000000112ff8bac sp=0x0000000170461f50
Event: 8.450 Thread 0x0000000146813000 DEOPT UNPACKING pc=0x000000010b48ad1c sp=0x0000000170461ee0 mode 2
Event: 9.253 Thread 0x0000000146813000 DEOPT PACKING pc=0x000000010bd2bcd4 sp=0x00000001704603d0
Event: 9.253 Thread 0x0000000146813000 DEOPT UNPACKING pc=0x000000010b48ab7c sp=0x000000017045fff0 mode 0

Classes unloaded (0 events):
No events

Classes redefined (0 events):
No events

Internal exceptions (20 events):
Event: 0.836 Thread 0x00000001478ab600 Implicit null exception at 0x0000000112f5d754 to 0x0000000112f5da98
Event: 0.927 Thread 0x00000001478ab600 Exception <a 'java/lang/ClassNotFoundException'{0x00000007870d1940}: com/sun/javafx/scene/control/skin/resources/controls> (0x00000007870d1940) 
thrown [../../src/hotspot/share/prims/jni.cpp, line 535]
Event: 0.928 Thread 0x00000001478ab600 Exception <a 'java/lang/ClassNotFoundException'{0x00000007870df440}: com/sun/javafx/scene/control/skin/resources/controls_no> (0x00000007870df440) 
thrown [../../src/hotspot/share/prims/jni.cpp, line 535]
Event: 0.928 Thread 0x00000001478ab600 Exception <a 'java/lang/ClassNotFoundException'{0x00000007870e0520}: com/sun/javafx/scene/control/skin/resources/controls_nb> (0x00000007870e0520) 
thrown [../../src/hotspot/share/prims/jni.cpp, line 535]
Event: 0.928 Thread 0x00000001478ab600 Exception <a 'java/lang/ClassNotFoundException'{0x00000007870e1610}: com/sun/javafx/scene/control/skin/resources/controls_no_NO> (0x00000007870e1610) 
thrown [../../src/hotspot/share/prims/jni.cpp, line 535]
Event: 0.928 Thread 0x00000001478ab600 Exception <a 'java/lang/ClassNotFoundException'{0x00000007870e2718}: com/sun/javafx/scene/control/skin/resources/controls_nb_NO> (0x00000007870e2718) 
thrown [../../src/hotspot/share/prims/jni.cpp, line 535]
Event: 0.944 Thread 0x00000001478ab600 Exception <a 'java/lang/NoSuchMethodError'{0x0000000786ea7008}: 'void java.lang.invoke.DirectMethodHandle$Holder.invokeSpecial(java.lang.Object, java.lang.Object, java.lang.Object, java.lang.Object, java.lang.Object, java.lang.Object)'> (0x0000000786ea7008) 
thrown [../../src/hotspot/share/interpreter/linkResolver.cpp, line 766]
Event: 0.953 Thread 0x00000001478ab600 Exception <a 'java/lang/NoSuchMethodError'{0x0000000786b03bd0}: 'java.lang.Object java.lang.invoke.DirectMethodHandle$Holder.invokeInterface(java.lang.Object, java.lang.Object, java.lang.Object)'> (0x0000000786b03bd0) 
thrown [../../src/hotspot/share/interpreter/linkResolver.cpp, line 766]
Event: 0.953 Thread 0x00000001478ab600 Exception <a 'java/lang/IncompatibleClassChangeError'{0x0000000786b07558}: Found class java.lang.Object, but interface was expected> (0x0000000786b07558) 
thrown [../../src/hotspot/share/interpreter/linkResolver.cpp, line 833]
Event: 0.992 Thread 0x00000001478ab600 Exception <a 'java/lang/NoSuchMethodError'{0x0000000786ae7408}: 'java.lang.Object java.lang.invoke.DirectMethodHandle$Holder.newInvokeSpecial(java.lang.Object, java.lang.Object, int)'> (0x0000000786ae7408) 
thrown [../../src/hotspot/share/interpreter/linkResolver.cpp, line 766]
Event: 1.049 Thread 0x0000000146813000 Exception <a 'java/lang/NoSuchMethodError'{0x0000000786532278}: 'int java.lang.invoke.DirectMethodHandle$Holder.invokeStaticInit(java.lang.Object, java.lang.Object)'> (0x0000000786532278) 
thrown [../../src/hotspot/share/interpreter/linkResolver.cpp, line 766]
Event: 1.051 Thread 0x00000001478ab600 Exception <a 'java/lang/NoSuchMethodError'{0x00000007869902d0}: 'long java.lang.invoke.DirectMethodHandle$Holder.invokeStatic(java.lang.Object, java.lang.Object, java.lang.Object)'> (0x00000007869902d0) 
thrown [../../src/hotspot/share/interpreter/linkResolver.cpp, line 766]
Event: 1.051 Thread 0x00000001478ab600 Exception <a 'java/lang/NoSuchMethodError'{0x0000000786993a78}: 'long java.lang.invoke.DirectMethodHandle$Holder.invokeStaticInit(java.lang.Object, java.lang.Object, java.lang.Object)'> (0x0000000786993a78) 
thrown [../../src/hotspot/share/interpreter/linkResolver.cpp, line 766]
Event: 1.051 Thread 0x00000001478ab600 Exception <a 'java/lang/NoSuchMethodError'{0x00000007869ab680}: 'java.lang.Object java.lang.invoke.DirectMethodHandle$Holder.newInvokeSpecial(java.lang.Object, java.lang.Object, long)'> (0x00000007869ab680) 
thrown [../../src/hotspot/share/interpreter/linkResolver.cpp, line 766]
Event: 1.051 Thread 0x00000001478ab600 Exception <a 'java/lang/NoSuchMethodError'{0x00000007869aef48}: 'java.lang.Object java.lang.invoke.Invokers$Holder.linkToTargetMethod(java.lang.Object, long, java.lang.Object)'> (0x00000007869aef48) 
thrown [../../src/hotspot/share/interpreter/linkResolver.cpp, line 766]
Event: 6.111 Thread 0x00000001478ab600 Exception <a 'sun/nio/fs/UnixException'{0x00000007861e3da8}> (0x00000007861e3da8) 
thrown [../../src/hotspot/share/prims/jni.cpp, line 516]
Event: 6.136 Thread 0x00000001478ab600 Exception <a 'java/io/FileNotFoundException'{0x0000000785f1c4c0}> (0x0000000785f1c4c0) 
thrown [../../src/hotspot/share/prims/jni.cpp, line 516]
Event: 6.193 Thread 0x00000001478ab600 Exception <a 'java/io/FileNotFoundException'{0x0000000785f6a190}> (0x0000000785f6a190) 
thrown [../../src/hotspot/share/prims/jni.cpp, line 516]
Event: 6.206 Thread 0x00000001478ab600 Exception <a 'java/io/FileNotFoundException'{0x0000000785f9c3a8}> (0x0000000785f9c3a8) 
thrown [../../src/hotspot/share/prims/jni.cpp, line 516]
Event: 6.287 Thread 0x0000000146813000 Exception <a 'java/lang/NoSuchMethodError'{0x00000007856a4ac0}: 'java.lang.Object java.lang.invoke.DirectMethodHandle$Holder.invokeStaticInit(java.lang.Object, int)'> (0x00000007856a4ac0) 
thrown [../../src/hotspot/share/interpreter/linkResolver.cpp, line 766]

VM Operations (20 events):
Event: 4.962 Executing VM operation: Cleanup
Event: 4.962 Executing VM operation: Cleanup done
Event: 5.967 Executing VM operation: Cleanup
Event: 5.967 Executing VM operation: Cleanup done
Event: 6.230 Executing VM operation: CollectForMetadataAllocation
Event: 6.235 Executing VM operation: CollectForMetadataAllocation done
Event: 6.237 Executing VM operation: G1Concurrent
Event: 6.238 Executing VM operation: G1Concurrent done
Event: 6.240 Executing VM operation: G1Concurrent
Event: 6.240 Executing VM operation: G1Concurrent done
Event: 6.275 Executing VM operation: ICBufferFull
Event: 6.275 Executing VM operation: ICBufferFull done
Event: 6.516 Executing VM operation: ICBufferFull
Event: 6.516 Executing VM operation: ICBufferFull done
Event: 7.521 Executing VM operation: Cleanup
Event: 7.522 Executing VM operation: Cleanup done
Event: 8.527 Executing VM operation: Cleanup
Event: 8.527 Executing VM operation: Cleanup done
Event: 9.532 Executing VM operation: Cleanup
Event: 9.532 Executing VM operation: Cleanup done

Events (20 events):
Event: 7.932 loading class sun/util/locale/provider/BreakIteratorProviderImpl
Event: 7.933 loading class sun/util/locale/provider/BreakIteratorProviderImpl done
Event: 7.933 loading class sun/util/locale/provider/BaseLocaleDataMetaInfo
Event: 7.933 loading class sun/util/locale/provider/BaseLocaleDataMetaInfo done
Event: 7.934 loading class sun/text/resources/BreakIteratorInfo
Event: 7.935 loading class sun/text/resources/BreakIteratorInfo done
Event: 7.935 loading class sun/text/resources/BreakIteratorResources
Event: 7.935 loading class sun/util/resources/BreakIteratorResourceBundle
Event: 7.935 loading class sun/util/resources/BreakIteratorResourceBundle done
Event: 7.935 loading class sun/text/resources/BreakIteratorResources done
Event: 7.936 loading class sun/text/RuleBasedBreakIterator
Event: 7.937 loading class sun/text/RuleBasedBreakIterator done
Event: 7.938 loading class sun/text/CompactByteArray
Event: 7.938 loading class sun/text/CompactByteArray done
Event: 7.939 loading class sun/text/SupplementaryCharacterData
Event: 7.939 loading class sun/text/SupplementaryCharacterData done
Event: 7.939 loading class java/text/BreakIterator$BreakIteratorCache
Event: 7.939 loading class java/text/BreakIterator$BreakIteratorCache done
Event: 7.949 Protecting memory [0x0000000170678000,0x0000000170684000] with protection modes 0
Event: 7.949 Thread 0x0000000147906a00 Thread added: 0x0000000147906a00


Dynamic libraries:
0x0000000102350000 	/Users/annetorgersen/.vscode/extensions/redhat.java-1.9.0-darwin-arm64/jre/17.0.3-macosx-aarch64/lib/libjli.dylib
0x00000001ac0c4000 	/usr/lib/libz.1.dylib
0x00000001ac17b000 	/usr/lib/libSystem.B.dylib
0x00000001ac175000 	/usr/lib/system/libcache.dylib
0x00000001ac133000 	/usr/lib/system/libcommonCrypto.dylib
0x00000001ac15c000 	/usr/lib/system/libcompiler_rt.dylib
0x00000001ac153000 	/usr/lib/system/libcopyfile.dylib
0x00000001a13bb000 	/usr/lib/system/libcorecrypto.dylib
0x00000001a146e000 	/usr/lib/system/libdispatch.dylib
0x00000001a163c000 	/usr/lib/system/libdyld.dylib
0x00000001ac16b000 	/usr/lib/system/libkeymgr.dylib
0x00000001ac10e000 	/usr/lib/system/libmacho.dylib
0x00000001ab803000 	/usr/lib/system/libquarantine.dylib
0x00000001ac168000 	/usr/lib/system/libremovefile.dylib
0x00000001a67a4000 	/usr/lib/system/libsystem_asl.dylib
0x00000001a135d000 	/usr/lib/system/libsystem_blocks.dylib
0x00000001a14f6000 	/usr/lib/system/libsystem_c.dylib
0x00000001ac160000 	/usr/lib/system/libsystem_collections.dylib
0x00000001aac91000 	/usr/lib/system/libsystem_configuration.dylib
0x00000001a9eed000 	/usr/lib/system/libsystem_containermanager.dylib
0x00000001abe70000 	/usr/lib/system/libsystem_coreservices.dylib
0x00000001a3d64000 	/usr/lib/system/libsystem_darwin.dylib
0x00000001ac16c000 	/usr/lib/system/libsystem_dnssd.dylib
0x00000001a14f3000 	/usr/lib/system/libsystem_featureflags.dylib
0x00000001a1651000 	/usr/lib/system/libsystem_info.dylib
0x00000001ac0d6000 	/usr/lib/system/libsystem_m.dylib
0x00000001a1443000 	/usr/lib/system/libsystem_malloc.dylib
0x00000001a6733000 	/usr/lib/system/libsystem_networkextension.dylib
0x00000001a41bd000 	/usr/lib/system/libsystem_notify.dylib
0x00000001b24b9000 	/usr/lib/system/libsystem_product_info_filter.dylib
0x00000001aac96000 	/usr/lib/system/libsystem_sandbox.dylib
0x00000001ac165000 	/usr/lib/system/libsystem_secinit.dylib
0x00000001a15f7000 	/usr/lib/system/libsystem_kernel.dylib
0x00000001a1649000 	/usr/lib/system/libsystem_platform.dylib
0x00000001a162f000 	/usr/lib/system/libsystem_pthread.dylib
0x00000001a7efc000 	/usr/lib/system/libsystem_symptoms.dylib
0x00000001a13a1000 	/usr/lib/system/libsystem_trace.dylib
0x00000001ac140000 	/usr/lib/system/libunwind.dylib
0x00000001a135f000 	/usr/lib/system/libxpc.dylib
0x00000001a15df000 	/usr/lib/libc++abi.dylib
0x00000001a14b5000 	/usr/lib/libobjc.A.dylib
0x00000001ac14b000 	/usr/lib/liboah.dylib
0x00000001a1578000 	/usr/lib/libc++.1.dylib
0x00000001b7fd2000 	/System/Library/Frameworks/Cocoa.framework/Versions/A/Cocoa
0x00000001a421e000 	/System/Library/Frameworks/AppKit.framework/Versions/C/AppKit
0x00000001a7724000 	/System/Library/Frameworks/CoreData.framework/Versions/A/CoreData
0x00000001a2579000 	/System/Library/Frameworks/Foundation.framework/Versions/C/Foundation
0x00000001a50d6000 	/System/Library/PrivateFrameworks/UIFoundation.framework/Versions/A/UIFoundation
0x00000001b21b3000 	/System/Library/PrivateFrameworks/RemoteViewServices.framework/Versions/A/RemoteViewServices
0x00000001aa639000 	/System/Library/PrivateFrameworks/XCTTargetBootstrap.framework/Versions/A/XCTTargetBootstrap
0x00000001adeb7000 	/System/Library/PrivateFrameworks/InternationalSupport.framework/Versions/A/InternationalSupport
0x00000001adf40000 	/System/Library/PrivateFrameworks/UserActivity.framework/Versions/A/UserActivity
0x00000001ad3b2000 	/usr/lib/libspindump.dylib
0x00000001a5347000 	/System/Library/Frameworks/UniformTypeIdentifiers.framework/Versions/A/UniformTypeIdentifiers
0x00000001a8b84000 	/usr/lib/libapp_launch_measurement.dylib
0x00000001a80ae000 	/System/Library/PrivateFrameworks/CoreAnalytics.framework/Versions/A/CoreAnalytics
0x00000001a8b87000 	/System/Library/PrivateFrameworks/CoreAutoLayout.framework/Versions/A/CoreAutoLayout
0x00000001a9f2a000 	/System/Library/Frameworks/Metal.framework/Versions/A/Metal
0x00000001aaca1000 	/usr/lib/liblangid.dylib
0x00000001aa63e000 	/System/Library/PrivateFrameworks/CoreSVG.framework/Versions/A/CoreSVG
0x00000001a67d8000 	/System/Library/PrivateFrameworks/SkyLight.framework/Versions/A/SkyLight
0x00000001a6bad000 	/System/Library/Frameworks/CoreGraphics.framework/Versions/A/CoreGraphics
0x00000001b287f000 	/System/Library/Frameworks/Accelerate.framework/Versions/A/Accelerate
0x00000001ace29000 	/System/Library/PrivateFrameworks/IconServices.framework/Versions/A/IconServices
0x00000001a9f0c000 	/System/Library/Frameworks/IOSurface.framework/Versions/A/IOSurface
0x00000001a80df000 	/usr/lib/libDiagnosticMessagesClient.dylib
0x00000001b5d80000 	/System/Library/Frameworks/ApplicationServices.framework/Versions/A/ApplicationServices
0x00000001aa621000 	/System/Library/PrivateFrameworks/DFRFoundation.framework/Versions/A/DFRFoundation
0x00000001a3aae000 	/usr/lib/libicucore.A.dylib
0x00000001aed63000 	/System/Library/Frameworks/AudioToolbox.framework/Versions/A/AudioToolbox
0x00000001adec3000 	/System/Library/PrivateFrameworks/DataDetectorsCore.framework/Versions/A/DataDetectorsCore
0x00000001c4803000 	/System/Library/PrivateFrameworks/TextInput.framework/Versions/A/TextInput
0x00000001a674d000 	/usr/lib/libMobileGestalt.dylib
0x00000001aa2ed000 	/System/Library/Frameworks/Carbon.framework/Versions/A/Frameworks/HIToolbox.framework/Versions/A/HIToolbox
0x00000001a8560000 	/System/Library/Frameworks/QuartzCore.framework/Versions/A/QuartzCore
0x00000001a3731000 	/System/Library/Frameworks/Security.framework/Versions/A/Security
0x00000001b21f3000 	/System/Library/Frameworks/Carbon.framework/Versions/A/Frameworks/SpeechRecognition.framework/Versions/A/SpeechRecognition
0x00000001a88da000 	/System/Library/PrivateFrameworks/CoreUI.framework/Versions/A/CoreUI
0x00000001a300e000 	/System/Library/Frameworks/CoreAudio.framework/Versions/A/CoreAudio
0x00000001a81d4000 	/System/Library/Frameworks/DiskArbitration.framework/Versions/A/DiskArbitration
0x00000001ad7bc000 	/System/Library/PrivateFrameworks/MultitouchSupport.framework/Versions/A/MultitouchSupport
0x00000001a674b000 	/usr/lib/libenergytrace.dylib
0x00000001a40e6000 	/System/Library/Frameworks/IOKit.framework/Versions/A/IOKit
0x00000001b25e2000 	/System/Library/Frameworks/CoreServices.framework/Versions/A/CoreServices
0x00000001a8b14000 	/System/Library/PrivateFrameworks/PerformanceAnalysis.framework/Versions/A/PerformanceAnalysis
0x0000000202aeb000 	/System/Library/Frameworks/OpenGL.framework/Versions/A/OpenGL
0x00000001ab71b000 	/System/Library/PrivateFrameworks/MobileKeyBag.framework/Versions/A/MobileKeyBag
0x00000001a71ba000 	/System/Library/Frameworks/ColorSync.framework/Versions/A/ColorSync
0x00000001a167e000 	/System/Library/Frameworks/CoreFoundation.framework/Versions/A/CoreFoundation
0x00000001aa8bd000 	/System/Library/Frameworks/CoreImage.framework/Versions/A/CoreImage
0x00000001a2e32000 	/System/Library/Frameworks/CoreText.framework/Versions/A/CoreText
0x00000001aa66e000 	/System/Library/Frameworks/ImageIO.framework/Versions/A/ImageIO
0x00000001ac181000 	/System/Library/PrivateFrameworks/SoftLinking.framework/Versions/A/SoftLinking
0x00000001a8bd2000 	/usr/lib/libxml2.2.dylib
0x00000001ac41a000 	/usr/lib/libcompression.dylib
0x00000001ade13000 	/System/Library/PrivateFrameworks/TextureIO.framework/Versions/A/TextureIO
0x00000001acb42000 	/usr/lib/libate.dylib
0x00000001aca07000 	/usr/lib/liblzma.5.dylib
0x00000001a226d000 	/System/Library/Frameworks/SystemConfiguration.framework/Versions/A/SystemConfiguration
0x00000001ac17d000 	/usr/lib/libfakelink.dylib
0x00000001a627f000 	/System/Library/Frameworks/CFNetwork.framework/Versions/A/CFNetwork
0x00000001ac2c3000 	/usr/lib/libarchive.2.dylib
0x00000001aac9d000 	/System/Library/PrivateFrameworks/AppleSystemInfo.framework/Versions/A/AppleSystemInfo
0x00000001ab82e000 	/usr/lib/libbsm.0.dylib
0x00000001a57f0000 	/usr/lib/libnetwork.dylib
0x00000001ac117000 	/usr/lib/system/libkxld.dylib
0x00000001ab441000 	/System/Library/PrivateFrameworks/IOMobileFramebuffer.framework/Versions/A/IOMobileFramebuffer
0x0000000220417000 	/usr/lib/libCoreEntitlements.dylib
0x00000001abe52000 	/System/Library/PrivateFrameworks/AppleFSCompression.framework/Versions/A/AppleFSCompression
0x00000001ab816000 	/usr/lib/libcoretls.dylib
0x00000001aca20000 	/usr/lib/libcoretls_cfhelpers.dylib
0x00000001ac415000 	/usr/lib/libpam.2.dylib
0x00000001a7b13000 	/usr/lib/libsqlite3.dylib
0x00000001aca89000 	/usr/lib/libxar.1.dylib
0x00000001abe63000 	/usr/lib/libbz2.1.0.dylib
0x00000001ac182000 	/usr/lib/libpcap.A.dylib
0x00000001a7ef3000 	/usr/lib/libdns_services.dylib
0x00000001ac3e8000 	/usr/lib/libapple_nghttp2.dylib
0x00000001ac1bf000 	/usr/lib/libiconv.2.dylib
0x00000001ac10d000 	/usr/lib/libcharset.1.dylib
0x00000001a8b50000 	/System/Library/Frameworks/CoreServices.framework/Versions/A/Frameworks/FSEvents.framework/Versions/A/FSEvents
0x00000001a3d6f000 	/System/Library/Frameworks/CoreServices.framework/Versions/A/Frameworks/CarbonCore.framework/Versions/A/CarbonCore
0x00000001a8134000 	/System/Library/Frameworks/CoreServices.framework/Versions/A/Frameworks/Metadata.framework/Versions/A/Metadata
0x00000001abe76000 	/System/Library/Frameworks/CoreServices.framework/Versions/A/Frameworks/OSServices.framework/Versions/A/OSServices
0x00000001ac349000 	/System/Library/Frameworks/CoreServices.framework/Versions/A/Frameworks/SearchKit.framework/Versions/A/SearchKit
0x00000001a7e82000 	/System/Library/Frameworks/CoreServices.framework/Versions/A/Frameworks/AE.framework/Versions/A/AE
0x00000001a1bc4000 	/System/Library/Frameworks/CoreServices.framework/Versions/A/Frameworks/LaunchServices.framework/Versions/A/LaunchServices
0x00000001ac9b0000 	/System/Library/Frameworks/CoreServices.framework/Versions/A/Frameworks/DictionaryServices.framework/Versions/A/DictionaryServices
0x00000001a8b5d000 	/System/Library/Frameworks/CoreServices.framework/Versions/A/Frameworks/SharedFileList.framework/Versions/A/SharedFileList
0x00000001ab806000 	/usr/lib/libCheckFix.dylib
0x00000001a67bc000 	/System/Library/PrivateFrameworks/TCC.framework/Versions/A/TCC
0x00000001aaca3000 	/System/Library/PrivateFrameworks/CoreNLP.framework/Versions/A/CoreNLP
0x00000001a80e2000 	/System/Library/PrivateFrameworks/MetadataUtilities.framework/Versions/A/MetadataUtilities
0x00000001a2326000 	/usr/lib/libmecabra.dylib
0x00000001ab83f000 	/usr/lib/libmecab.dylib
0x00000001a22f2000 	/usr/lib/libCRFSuite.dylib
0x00000001ab89c000 	/usr/lib/libgermantok.dylib
0x00000001ac3c1000 	/usr/lib/libThaiTokenizer.dylib
0x00000001a81dc000 	/System/Library/Frameworks/Accelerate.framework/Versions/A/Frameworks/vImage.framework/Versions/A/vImage
0x00000001b25b9000 	/System/Library/Frameworks/Accelerate.framework/Versions/A/Frameworks/vecLib.framework/Versions/A/vecLib
0x00000001acace000 	/System/Library/Frameworks/Accelerate.framework/Versions/A/Frameworks/vecLib.framework/Versions/A/libvMisc.dylib
0x00000001ab348000 	/System/Library/Frameworks/Accelerate.framework/Versions/A/Frameworks/vecLib.framework/Versions/A/libvDSP.dylib
0x00000001a1f4d000 	/System/Library/Frameworks/Accelerate.framework/Versions/A/Frameworks/vecLib.framework/Versions/A/libBLAS.dylib
0x00000001ac4eb000 	/System/Library/Frameworks/Accelerate.framework/Versions/A/Frameworks/vecLib.framework/Versions/A/libLAPACK.dylib
0x00000001ab89f000 	/System/Library/Frameworks/Accelerate.framework/Versions/A/Frameworks/vecLib.framework/Versions/A/libLinearAlgebra.dylib
0x00000001ac400000 	/System/Library/Frameworks/Accelerate.framework/Versions/A/Frameworks/vecLib.framework/Versions/A/libSparseBLAS.dylib
0x00000001ac4e6000 	/System/Library/Frameworks/Accelerate.framework/Versions/A/Frameworks/vecLib.framework/Versions/A/libQuadrature.dylib
0x00000001aad9c000 	/System/Library/Frameworks/Accelerate.framework/Versions/A/Frameworks/vecLib.framework/Versions/A/libBNNS.dylib
0x00000001a220b000 	/System/Library/Frameworks/Accelerate.framework/Versions/A/Frameworks/vecLib.framework/Versions/A/libSparse.dylib
0x00000001aad94000 	/System/Library/PrivateFrameworks/LinguisticData.framework/Versions/A/LinguisticData
0x00000001a21c3000 	/System/Library/PrivateFrameworks/Lexicon.framework/Versions/A/Lexicon
0x00000001acac6000 	/usr/lib/libChineseTokenizer.dylib
0x00000001a296a000 	/System/Library/PrivateFrameworks/LanguageModeling.framework/Versions/A/LanguageModeling
0x00000001ac3c3000 	/System/Library/PrivateFrameworks/AppleSauce.framework/Versions/A/AppleSauce
0x00000001ab42e000 	/System/Library/PrivateFrameworks/CoreEmoji.framework/Versions/A/CoreEmoji
0x00000001ac2b1000 	/usr/lib/libcmph.dylib
0x00000001a8b30000 	/System/Library/Frameworks/OpenDirectory.framework/Versions/A/Frameworks/CFOpenDirectory.framework/Versions/A/CFOpenDirectory
0x00000001a8b20000 	/System/Library/Frameworks/OpenDirectory.framework/Versions/A/OpenDirectory
0x00000001aca22000 	/System/Library/PrivateFrameworks/APFS.framework/Versions/A/APFS
0x00000001ab756000 	/System/Library/Frameworks/SecurityFoundation.framework/Versions/A/SecurityFoundation
0x00000001aca98000 	/usr/lib/libutil.dylib
0x00000001a40a8000 	/System/Library/PrivateFrameworks/CoreServicesStore.framework/Versions/A/CoreServicesStore
0x00000001aca9c000 	/usr/lib/libxslt.1.dylib
0x00000001ab7ea000 	/System/Library/PrivateFrameworks/BackgroundTaskManagement.framework/Versions/A/BackgroundTaskManagement
0x00000001add34000 	/System/Library/Frameworks/ImageIO.framework/Versions/A/Resources/libRadiance.dylib
0x00000001add3d000 	/System/Library/Frameworks/ImageIO.framework/Versions/A/Resources/libJPEG.dylib
0x00000001adc90000 	/System/Library/Frameworks/ImageIO.framework/Versions/A/Resources/libPng.dylib
0x00000001adcb2000 	/System/Library/Frameworks/ImageIO.framework/Versions/A/Resources/libTIFF.dylib
0x00000001add98000 	/System/Library/Frameworks/ImageIO.framework/Versions/A/Resources/libGIF.dylib
0x00000001ad6cc000 	/System/Library/Frameworks/ImageIO.framework/Versions/A/Resources/libJP2.dylib
0x00000001acdee000 	/usr/lib/libexpat.1.dylib
0x00000001ad687000 	/System/Library/PrivateFrameworks/AppleJPEG.framework/Versions/A/AppleJPEG
0x00000001aa1a9000 	/System/Library/PrivateFrameworks/FontServices.framework/libFontParser.dylib
0x00000001a7e27000 	/System/Library/PrivateFrameworks/RunningBoardServices.framework/Versions/A/RunningBoardServices
0x00000001b86a5000 	/System/Library/PrivateFrameworks/IOSurfaceAccelerator.framework/Versions/A/IOSurfaceAccelerator
0x00000001ad7b8000 	/System/Library/PrivateFrameworks/WatchdogClient.framework/Versions/A/WatchdogClient
0x00000001a2a6e000 	/System/Library/Frameworks/CoreDisplay.framework/Versions/A/CoreDisplay
0x00000001aa093000 	/System/Library/Frameworks/CoreMedia.framework/Versions/A/CoreMedia
0x00000001a9f20000 	/System/Library/PrivateFrameworks/IOAccelerator.framework/Versions/A/IOAccelerator
0x00000001a8cc0000 	/System/Library/Frameworks/CoreVideo.framework/Versions/A/CoreVideo
0x00000001ac413000 	/System/Library/Frameworks/MetalPerformanceShaders.framework/Versions/A/MetalPerformanceShaders
0x00000001ad7f7000 	/System/Library/Frameworks/VideoToolbox.framework/Versions/A/VideoToolbox
0x00000001a7d6b000 	/System/Library/PrivateFrameworks/BaseBoard.framework/Versions/A/BaseBoard
0x00000001a7af9000 	/System/Library/PrivateFrameworks/ProtocolBuffer.framework/Versions/A/ProtocolBuffer
0x00000001add2f000 	/System/Library/PrivateFrameworks/GPUWrangler.framework/Versions/A/GPUWrangler
0x00000001add0f000 	/System/Library/PrivateFrameworks/IOPresentment.framework/Versions/A/IOPresentment
0x00000001add37000 	/System/Library/PrivateFrameworks/DSExternalDisplay.framework/Versions/A/DSExternalDisplay
0x0000000202ade000 	/System/Library/Frameworks/OpenGL.framework/Versions/A/Libraries/libCoreFSCache.dylib
0x000000020cf9d000 	/System/Library/PrivateFrameworks/GPUCompiler.framework/Versions/31001/Libraries/libGPUCompilerUtils.dylib
0x00000001add9d000 	/System/Library/PrivateFrameworks/CMCaptureCore.framework/Versions/A/CMCaptureCore
0x00000001ad39f000 	/System/Library/PrivateFrameworks/AppServerSupport.framework/Versions/A/AppServerSupport
0x00000001af620000 	/System/Library/PrivateFrameworks/perfdata.framework/Versions/A/perfdata
0x00000001a2b8e000 	/System/Library/PrivateFrameworks/AudioToolboxCore.framework/Versions/A/AudioToolboxCore
0x00000001aa06c000 	/System/Library/PrivateFrameworks/caulk.framework/Versions/A/caulk
0x00000001aef15000 	/usr/lib/libAudioStatistics.dylib
0x00000001c0e6a000 	/System/Library/PrivateFrameworks/SystemPolicy.framework/Versions/A/SystemPolicy
0x00000001af181000 	/usr/lib/libSMC.dylib
0x00000001b7eb4000 	/System/Library/Frameworks/CoreMIDI.framework/Versions/A/CoreMIDI
0x00000001adc5e000 	/usr/lib/libAudioToolboxUtility.dylib
0x00000001bcf37000 	/System/Library/PrivateFrameworks/OSAServicesClient.framework/Versions/A/OSAServicesClient
0x00000001af62d000 	/usr/lib/libperfcheck.dylib
0x00000001c1982000 	/usr/lib/libmis.dylib
0x0000000202b40000 	/System/Library/Frameworks/OpenGL.framework/Versions/A/Libraries/libGLU.dylib
0x0000000202aff000 	/System/Library/Frameworks/OpenGL.framework/Versions/A/Libraries/libGFXShared.dylib
0x0000000202cec000 	/System/Library/Frameworks/OpenGL.framework/Versions/A/Libraries/libGL.dylib
0x0000000202b08000 	/System/Library/Frameworks/OpenGL.framework/Versions/A/Libraries/libGLImage.dylib
0x0000000202afc000 	/System/Library/Frameworks/OpenGL.framework/Versions/A/Libraries/libCVMSPluginSupport.dylib
0x0000000202ae5000 	/System/Library/Frameworks/OpenGL.framework/Versions/A/Libraries/libCoreVMClient.dylib
0x00000001aac1d000 	/System/Library/Frameworks/MetalPerformanceShaders.framework/Versions/A/Frameworks/MPSCore.framework/Versions/A/MPSCore
0x00000001abdc5000 	/System/Library/Frameworks/MetalPerformanceShaders.framework/Versions/A/Frameworks/MPSImage.framework/Versions/A/MPSImage
0x00000001ab8b4000 	/System/Library/Frameworks/MetalPerformanceShaders.framework/Versions/A/Frameworks/MPSNeuralNetwork.framework/Versions/A/MPSNeuralNetwork
0x00000001abced000 	/System/Library/Frameworks/MetalPerformanceShaders.framework/Versions/A/Frameworks/MPSMatrix.framework/Versions/A/MPSMatrix
0x00000001abac6000 	/System/Library/Frameworks/MetalPerformanceShaders.framework/Versions/A/Frameworks/MPSRayIntersector.framework/Versions/A/MPSRayIntersector
0x00000001abd1e000 	/System/Library/Frameworks/MetalPerformanceShaders.framework/Versions/A/Frameworks/MPSNDArray.framework/Versions/A/MPSNDArray
0x0000000204c57000 	/System/Library/Frameworks/MetalPerformanceShaders.framework/Versions/A/Frameworks/MPSFunctions.framework/Versions/A/MPSFunctions
0x00000001a1e24000 	/System/Library/PrivateFrameworks/MetalTools.framework/Versions/A/MetalTools
0x00000001aac9b000 	/System/Library/PrivateFrameworks/AggregateDictionary.framework/Versions/A/AggregateDictionary
0x00000001acbd3000 	/usr/lib/libIOReport.dylib
0x00000001b6ed2000 	/System/Library/PrivateFrameworks/ASEProcessing.framework/Versions/A/ASEProcessing
0x00000001acf48000 	/System/Library/PrivateFrameworks/FaceCore.framework/Versions/A/FaceCore
0x00000001acf3a000 	/System/Library/PrivateFrameworks/GraphVisualizer.framework/Versions/A/GraphVisualizer
0x000000020ceb4000 	/System/Library/PrivateFrameworks/FontServices.framework/Versions/A/FontServices
0x00000001ad35b000 	/System/Library/PrivateFrameworks/OTSVG.framework/Versions/A/OTSVG
0x00000001a888a000 	/System/Library/Frameworks/ApplicationServices.framework/Versions/A/Frameworks/ATS.framework/Versions/A/Resources/libFontRegistry.dylib
0x00000001ad3a8000 	/System/Library/PrivateFrameworks/FontServices.framework/libhvf.dylib
0x000000020ceb5000 	/System/Library/PrivateFrameworks/FontServices.framework/libXTFontStaticRegistryData.dylib
0x0000000202e8d000 	/System/Library/Frameworks/OpenCL.framework/Versions/A/OpenCL
0x00000001acda2000 	/System/Library/PrivateFrameworks/AppleVA.framework/Versions/A/AppleVA
0x00000001aef3d000 	/System/Library/Frameworks/ApplicationServices.framework/Versions/A/Frameworks/ATS.framework/Versions/A/ATS
0x00000001a72b7000 	/System/Library/Frameworks/ApplicationServices.framework/Versions/A/Frameworks/HIServices.framework/Versions/A/HIServices
0x00000001adda7000 	/System/Library/Frameworks/ApplicationServices.framework/Versions/A/Frameworks/PrintCore.framework/Versions/A/PrintCore
0x00000001af2d4000 	/System/Library/Frameworks/ApplicationServices.framework/Versions/A/Frameworks/QD.framework/Versions/A/QD
0x00000001af2cc000 	/System/Library/Frameworks/ApplicationServices.framework/Versions/A/Frameworks/ColorSyncLegacy.framework/Versions/A/ColorSyncLegacy
0x00000001aef29000 	/System/Library/Frameworks/ApplicationServices.framework/Versions/A/Frameworks/SpeechSynthesis.framework/Versions/A/SpeechSynthesis
0x00000001add68000 	/System/Library/Frameworks/ApplicationServices.framework/Versions/A/Frameworks/ATSUI.framework/Versions/A/ATSUI
0x00000001af261000 	/usr/lib/libcups.2.dylib
0x00000001af63b000 	/System/Library/Frameworks/Kerberos.framework/Versions/A/Kerberos
0x00000001af64c000 	/System/Library/Frameworks/GSS.framework/Versions/A/GSS
0x00000001aefad000 	/usr/lib/libresolv.9.dylib
0x00000001ad3b7000 	/System/Library/PrivateFrameworks/Heimdal.framework/Versions/A/Heimdal
0x00000001b6107000 	/System/Library/Frameworks/Kerberos.framework/Versions/A/Libraries/libHeimdalProxy.dylib
0x00000001a7f05000 	/System/Library/Frameworks/Network.framework/Versions/A/Network
0x00000001ace09000 	/usr/lib/libheimdal-asn1.dylib
0x00000001af69c000 	/System/Library/PrivateFrameworks/CommonAuth.framework/Versions/A/CommonAuth
0x00000001aeea3000 	/System/Library/PrivateFrameworks/AudioSession.framework/Versions/A/AudioSession
0x00000001ace9b000 	/System/Library/PrivateFrameworks/MediaExperience.framework/Versions/A/MediaExperience
0x00000001aed29000 	/System/Library/PrivateFrameworks/AudioSession.framework/libSessionUtility.dylib
0x00000001af2e0000 	/System/Library/PrivateFrameworks/AudioResourceArbitration.framework/Versions/A/AudioResourceArbitration
0x00000001b3496000 	/System/Library/PrivateFrameworks/PowerLog.framework/Versions/A/PowerLog
0x00000001ace13000 	/System/Library/PrivateFrameworks/IconFoundation.framework/Versions/A/IconFoundation
0x00000001b21df000 	/System/Library/PrivateFrameworks/SpeechRecognitionCore.framework/Versions/A/SpeechRecognitionCore
0x0000000107808000 	/Users/annetorgersen/.vscode/extensions/redhat.java-1.9.0-darwin-arm64/jre/17.0.3-macosx-aarch64/lib/server/libjvm.dylib
0x0000000102464000 	/Users/annetorgersen/.vscode/extensions/redhat.java-1.9.0-darwin-arm64/jre/17.0.3-macosx-aarch64/lib/libjimage.dylib
0x00000001024ec000 	/Users/annetorgersen/.vscode/extensions/redhat.java-1.9.0-darwin-arm64/jre/17.0.3-macosx-aarch64/lib/libjava.dylib
0x0000000102760000 	/Users/annetorgersen/.vscode/extensions/redhat.java-1.9.0-darwin-arm64/jre/17.0.3-macosx-aarch64/lib/libzip.dylib
0x0000000102798000 	/Users/annetorgersen/.vscode/extensions/redhat.java-1.9.0-darwin-arm64/jre/17.0.3-macosx-aarch64/lib/libnio.dylib
0x00000001027dc000 	/Users/annetorgersen/.vscode/extensions/redhat.java-1.9.0-darwin-arm64/jre/17.0.3-macosx-aarch64/lib/libnet.dylib
0x0000000102778000 	/Users/annetorgersen/.openjfx/cache/17-ea/libprism_es2.dylib
0x00000001a406b000 	/System/Library/PrivateFrameworks/CoreServicesInternal.framework/Versions/A/CoreServicesInternal
0x0000000202cf6000 	/System/Library/Frameworks/OpenGL.framework/Versions/A/Resources/GLEngine.bundle/GLEngine
0x0000000202b7e000 	/System/Library/Frameworks/OpenGL.framework/Versions/A/Libraries/libGLProgrammability.dylib
0x0000000120608000 	/System/Library/Extensions/AppleMetalOpenGLRenderer.bundle/Contents/MacOS/AppleMetalOpenGLRenderer
0x0000000202e65000 	/System/Library/Frameworks/OpenGL.framework/Versions/A/Resources/GLRendererFloat.bundle/GLRendererFloat
0x0000000202f65000 	/System/Library/Extensions/AGXMetal13_3.bundle/Contents/MacOS/AGXMetal13_3
0x00000001c199e000 	/System/Library/PrivateFrameworks/GPURawCounter.framework/Versions/A/GPURawCounter
0x00000001bc0a8000 	/System/Library/PrivateFrameworks/IOGPU.framework/Versions/A/IOGPU
0x00000001206a0000 	/Users/annetorgersen/.openjfx/cache/17-ea/libglass.dylib
0x00000001b36ee000 	/System/Library/Frameworks/FileProvider.framework/Versions/A/FileProvider
0x00000001a7cd3000 	/System/Library/Frameworks/Accounts.framework/Versions/A/Accounts
0x00000001b3872000 	/System/Library/PrivateFrameworks/GenerationalStorage.framework/Versions/A/GenerationalStorage
0x00000001b4435000 	/System/Library/PrivateFrameworks/CoreSymbolication.framework/Versions/A/CoreSymbolication
0x00000001b348a000 	/System/Library/PrivateFrameworks/SymptomDiagnosticReporter.framework/Versions/A/SymptomDiagnosticReporter
0x00000001a535b000 	/System/Library/PrivateFrameworks/DesktopServicesPriv.framework/Versions/A/DesktopServicesPriv
0x00000001a41cd000 	/usr/lib/libsandbox.1.dylib
0x00000001a8d4e000 	/System/Library/PrivateFrameworks/UserManagement.framework/Versions/A/UserManagement
0x00000001b43f2000 	/System/Library/PrivateFrameworks/DebugSymbols.framework/Versions/A/DebugSymbols
0x00000001af2bf000 	/System/Library/PrivateFrameworks/NetAuth.framework/Versions/A/NetAuth
0x00000001b01dd000 	/System/Library/PrivateFrameworks/Sharing.framework/Versions/A/Sharing
0x00000001a8d1e000 	/System/Library/PrivateFrameworks/login.framework/Versions/A/Frameworks/loginsupport.framework/Versions/A/loginsupport
0x00000001b5627000 	/System/Library/PrivateFrameworks/Apple80211.framework/Versions/A/Apple80211
0x00000001abea9000 	/System/Library/PrivateFrameworks/AuthKit.framework/Versions/A/AuthKit
0x00000001ab52a000 	/System/Library/PrivateFrameworks/CoreUtils.framework/Versions/A/CoreUtils
0x00000001ab44d000 	/System/Library/Frameworks/CoreWLAN.framework/Versions/A/CoreWLAN
0x00000001b034d000 	/System/Library/Frameworks/IOBluetooth.framework/Versions/A/IOBluetooth
0x00000001b5687000 	/System/Library/PrivateFrameworks/CoreWiFi.framework/Versions/A/CoreWiFi
0x00000001b3fd2000 	/System/Library/PrivateFrameworks/FrontBoardServices.framework/Versions/A/FrontBoardServices
0x00000001b406a000 	/System/Library/PrivateFrameworks/BoardServices.framework/Versions/A/BoardServices
0x00000001ab744000 	/System/Library/PrivateFrameworks/AssertionServices.framework/Versions/A/AssertionServices
0x00000001b5804000 	/System/Library/PrivateFrameworks/BackBoardServices.framework/Versions/A/BackBoardServices
0x00000001af733000 	/System/Library/PrivateFrameworks/CorePhoneNumbers.framework/Versions/A/CorePhoneNumbers
0x00000001b35ba000 	/System/Library/PrivateFrameworks/DiskManagement.framework/Versions/A/DiskManagement
0x00000001b34bd000 	/System/Library/PrivateFrameworks/AppleIDAuthSupport.framework/Versions/A/AppleIDAuthSupport
0x000000020747e000 	/System/Library/PrivateFrameworks/AAAFoundation.framework/Versions/A/AAAFoundation
0x00000001af712000 	/System/Library/PrivateFrameworks/KeychainCircle.framework/Versions/A/KeychainCircle
0x00000001b3586000 	/System/Library/PrivateFrameworks/MediaKit.framework/Versions/A/MediaKit
0x00000001b34ca000 	/System/Library/Frameworks/DiscRecording.framework/Versions/A/DiscRecording
0x00000001acd1e000 	/usr/lib/libCoreStorage.dylib
0x00000001b5b01000 	/usr/lib/libcsfde.dylib
0x00000001b0422000 	/System/Library/PrivateFrameworks/ProtectedCloudStorage.framework/Versions/A/ProtectedCloudStorage
0x00000001b5af9000 	/System/Library/PrivateFrameworks/EFILogin.framework/Versions/A/EFILogin
0x00000001b3899000 	/System/Library/PrivateFrameworks/OctagonTrust.framework/Versions/A/OctagonTrust
0x000000020c04f000 	/System/Library/PrivateFrameworks/CoreUtilsExtras.framework/Versions/A/CoreUtilsExtras
0x00000001b33ef000 	/System/Library/Frameworks/CoreBluetooth.framework/Versions/A/CoreBluetooth
0x00000001b618c000 	/System/Library/Frameworks/AudioUnit.framework/Versions/A/AudioUnit
0x00000001acd16000 	/usr/lib/libMatch.1.dylib
0x00000001c5e4a000 	/System/Library/Frameworks/Accelerate.framework/Versions/A/Frameworks/vImage.framework/Versions/A/Libraries/libCGInterfaces.dylib
0x0000000122fd4000 	/usr/lib/libobjc-trampolines.dylib
0x00000001a8a18000 	/System/Library/PrivateFrameworks/ViewBridge.framework/Versions/A/ViewBridge
0x0000000126e90000 	/Users/annetorgersen/.openjfx/cache/17-ea/libjavafx_font.dylib
0x00000001ad47a000 	/System/Library/PrivateFrameworks/login.framework/Versions/A/login
0x0000000220595000 	/usr/lib/libRosetta.dylib
0x00000001b2908000 	/System/Library/PrivateFrameworks/SystemAdministration.framework/Versions/A/SystemAdministration
0x00000001adfae000 	/System/Library/Frameworks/MediaToolbox.framework/Versions/A/MediaToolbox
0x00000001b21a7000 	/System/Library/Frameworks/DirectoryService.framework/Versions/A/DirectoryService
0x00000001b598e000 	/System/Library/PrivateFrameworks/DiskImages.framework/Versions/A/DiskImages
0x00000001ab7f5000 	/System/Library/Frameworks/ServiceManagement.framework/Versions/A/ServiceManagement
0x00000001b5b77000 	/System/Library/PrivateFrameworks/LoginUIKit.framework/Versions/A/Frameworks/LoginUICore.framework/Versions/A/LoginUICore
0x00000001ad630000 	/usr/lib/libodfde.dylib
0x00000001b36ba000 	/System/Library/PrivateFrameworks/CoreAVCHD.framework/Versions/A/CoreAVCHD
0x00000001b28ca000 	/System/Library/Frameworks/MediaAccessibility.framework/Versions/A/MediaAccessibility
0x00000001b36b6000 	/System/Library/PrivateFrameworks/Mangrove.framework/Versions/A/Mangrove
0x00000001b28d7000 	/System/Library/PrivateFrameworks/AlgosScoreFramework.framework/Versions/A/AlgosScoreFramework
0x000000020913a000 	/System/Library/PrivateFrameworks/CMPhoto.framework/Versions/A/CMPhoto
0x00000001b36aa000 	/System/Library/PrivateFrameworks/CoreAUC.framework/Versions/A/CoreAUC
0x00000001b5b0d000 	/usr/lib/libcurl.4.dylib
0x000000022093d000 	/usr/lib/libcrypto.46.dylib
0x0000000220de2000 	/usr/lib/libssl.48.dylib
0x00000001b5824000 	/System/Library/Frameworks/LDAP.framework/Versions/A/LDAP
0x00000001b5860000 	/System/Library/PrivateFrameworks/TrustEvaluationAgent.framework/Versions/A/TrustEvaluationAgent
0x00000001aefc6000 	/usr/lib/libsasl2.2.dylib
0x00000001b28fd000 	/System/Library/PrivateFrameworks/CoreDaemon.framework/Versions/B/CoreDaemon
0x00000001b28f7000 	/System/Library/PrivateFrameworks/AppleSRP.framework/Versions/A/AppleSRP


VM Arguments:
jvm_args: -XX:+ShowCodeDetailsInExceptionMessages -Dfile.encoding=UTF-8 --module-path=/Users/annetorgersen/Desktop/Objektorientertprogrammering/TDT4100_prosjekt/target/classes:/Users/annetorgersen/.m2/repository/org/openjfx/javafx-fxml/17-ea+8/javafx-fxml-17-ea+8-mac-aarch64.jar:/Users/annetorgersen/.m2/repository/org/openjfx/javafx-controls/17-ea+8/javafx-controls-17-ea+8-mac-aarch64.jar:/Users/annetorgersen/.m2/repository/org/openjfx/javafx-graphics/17-ea+8/javafx-graphics-17-ea+8-mac-aarch64.jar:/Users/annetorgersen/.m2/repository/org/openjfx/javafx-base/17-ea+8/javafx-base-17-ea+8-mac-aarch64.jar -Djdk.module.main=TDT4100_project 
java_command: TDT4100_project/promillekalkulator.App
java_class_path (initial): /Users/annetorgersen/.m2/repository/org/openjfx/javafx-fxml/17-ea+8/javafx-fxml-17-ea+8.jar:/Users/annetorgersen/.m2/repository/org/openjfx/javafx-controls/17-ea+8/javafx-controls-17-ea+8.jar:/Users/annetorgersen/.m2/repository/org/openjfx/javafx-graphics/17-ea+8/javafx-graphics-17-ea+8.jar:/Users/annetorgersen/.m2/repository/org/openjfx/javafx-base/17-ea+8/javafx-base-17-ea+8.jar:/Users/annetorgersen/.m2/repository/org/junit/jupiter/junit-jupiter-engine/5.7.0/junit-jupiter-engine-5.7.0.jar:/Users/annetorgersen/.m2/repository/org/apiguardian/apiguardian-api/1.1.0/apiguardian-api-1.1.0.jar:/Users/annetorgersen/.m2/repository/org/junit/platform/junit-platform-engine/1.7.0/junit-platform-engine-1.7.0.jar:/Users/annetorgersen/.m2/repository/org/opentest4j/opentest4j/1.2.0/opentest4j-1.2.0.jar:/Users/annetorgersen/.m2/repository/org/junit/platform/junit-platform-commons/1.7.0/junit-platform-commons-1.7.0.jar:/Users/annetorgersen/.m2/repository/org/junit/jupiter/junit-jupiter-api/5.7.0/junit-jupiter-api-5.7.0.jar
Launcher Type: SUN_STANDARD

[Global flags]
     intx CICompilerCount                          = 4                                         {product} {ergonomic}
     uint ConcGCThreads                            = 2                                         {product} {ergonomic}
     uint G1ConcRefinementThreads                  = 8                                         {product} {ergonomic}
   size_t G1HeapRegionSize                         = 1048576                                   {product} {ergonomic}
    uintx GCDrainStackTargetSize                   = 64                                        {product} {ergonomic}
   size_t InitialHeapSize                          = 134217728                                 {product} {ergonomic}
   size_t MarkStackSize                            = 4194304                                   {product} {ergonomic}
   size_t MaxHeapSize                              = 2147483648                                {product} {ergonomic}
   size_t MaxNewSize                               = 1287651328                                {product} {ergonomic}
   size_t MinHeapDeltaBytes                        = 1048576                                   {product} {ergonomic}
   size_t MinHeapSize                              = 8388608                                   {product} {ergonomic}
    uintx NonNMethodCodeHeapSize                   = 5839564                                {pd product} {ergonomic}
    uintx NonProfiledCodeHeapSize                  = 122909338                              {pd product} {ergonomic}
    uintx ProfiledCodeHeapSize                     = 122909338                              {pd product} {ergonomic}
    uintx ReservedCodeCacheSize                    = 251658240                              {pd product} {ergonomic}
     bool SegmentedCodeCache                       = true                                      {product} {ergonomic}
     bool ShowCodeDetailsInExceptionMessages       = true                                   {manageable} {command line}
   size_t SoftMaxHeapSize                          = 2147483648                             {manageable} {ergonomic}
     bool UseCompressedClassPointers               = true                           {product lp64_product} {ergonomic}
     bool UseCompressedOops                        = true                           {product lp64_product} {ergonomic}
     bool UseG1GC                                  = true                                      {product} {ergonomic}
     bool UseNUMA                                  = false                                     {product} {ergonomic}
     bool UseNUMAInterleaving                      = false                                     {product} {ergonomic}

Logging:
Log output configuration:
 #0: stdout all=warning uptime,level,tags
 #1: stderr all=off uptime,level,tags

Environment Variables:
PATH=/usr/local/bin:/usr/bin:/bin:/usr/sbin:/sbin
SHELL=/bin/zsh

Signal Handlers:
   SIGSEGV: _ZL13crash_handleriP9__siginfoPv in libjvm.dylib, mask=11100110000111110111111111111111, flags=SA_RESTART|SA_SIGINFO
    SIGBUS: _ZL13crash_handleriP9__siginfoPv in libjvm.dylib, mask=11100110000111110111111111111111, flags=SA_RESTART|SA_SIGINFO
    SIGFPE: _ZL13crash_handleriP9__siginfoPv in libjvm.dylib, mask=11100110000111110111111111111111, flags=SA_RESTART|SA_SIGINFO
   SIGPIPE: _ZL17javaSignalHandleriP9__siginfoPv in libjvm.dylib, mask=11100110000111110111111111111111, flags=SA_RESTART|SA_SIGINFO
   SIGXFSZ: _ZL17javaSignalHandleriP9__siginfoPv in libjvm.dylib, mask=11100110000111110111111111111111, flags=SA_RESTART|SA_SIGINFO
    SIGILL: _ZL13crash_handleriP9__siginfoPv in libjvm.dylib, mask=11100110000111110111111111111111, flags=SA_RESTART|SA_SIGINFO
   SIGUSR2: _ZL10SR_handleriP9__siginfoP17__darwin_ucontext in libjvm.dylib, mask=00100000000000000000000000000000, flags=SA_RESTART|SA_SIGINFO
    SIGHUP: _ZL11UserHandleriPvS_ in libjvm.dylib, mask=11100110000111110111111111111111, flags=SA_RESTART|SA_SIGINFO
    SIGINT: _ZL11UserHandleriPvS_ in libjvm.dylib, mask=11100110000111110111111111111111, flags=SA_RESTART|SA_SIGINFO
   SIGTERM: _ZL11UserHandleriPvS_ in libjvm.dylib, mask=11100110000111110111111111111111, flags=SA_RESTART|SA_SIGINFO
   SIGQUIT: _ZL11UserHandleriPvS_ in libjvm.dylib, mask=11100110000111110111111111111111, flags=SA_RESTART|SA_SIGINFO
  *** Handler was modified!
  *** Expected: _ZL17javaSignalHandleriP9__siginfoPv in libjvm.dylib, mask=11100110100111111111111111111111, flags=SA_RESTART|SA_SIGINFO
   SIGTRAP: _ZL13crash_handleriP9__siginfoPv in libjvm.dylib, mask=11100110000111110111111111111111, flags=SA_RESTART|SA_SIGINFO


---------------  S Y S T E M  ---------------

OS:
uname: Darwin 21.4.0 Darwin Kernel Version 21.4.0: Mon Feb 21 20:36:53 PST 2022; root:xnu-8020.101.4~2/RELEASE_ARM64_T8101 arm64
OS uptime: 1 days 7:45 hours
rlimit (soft/hard): STACK 8176k/65520k , CORE 0k/infinity , NPROC 1333/2000 , NOFILE 10240/infinity , AS infinity/infinity , CPU infinity/infinity , DATA infinity/infinity , FSIZE infinity/infinity , MEMLOCK infinity/infinity , RSS infinity/infinity
load average: 4.65 2.89 2.29

CPU: total 8 (initial active 8) 0x61:0x0:0x1b588bb3:0, fp, simd, crc, lse

Memory: 16k page, physical 8388608k(75168k free), swap 3145728k(1327360k free)

vm_info: OpenJDK 64-Bit Server VM (17.0.3+7) for bsd-aarch64 JRE (17.0.3+7), built on Apr 19 2022 22:59:25 by "jenkins" with clang Apple LLVM 12.0.0 (clang-1200.0.32.29)

END.
