#
# A fatal error has been detected by the Java Runtime Environment:
#
#  SIGBUS (0xa) at pc=0x00000001288014f0, pid=26626, tid=29959
#
# JRE version: OpenJDK Runtime Environment Temurin-17.0.3+7 (17.0.3+7) (build 17.0.3+7)
# Java VM: OpenJDK 64-Bit Server VM Temurin-17.0.3+7 (17.0.3+7, mixed mode, tiered, compressed oops, compressed class ptrs, g1 gc, bsd-aarch64)
# Problematic frame:
# v  ~StubRoutines::SafeFetchN
#
# No core dump will be written. Core dumps have been disabled. To enable core dumping, try "ulimit -c unlimited" before starting Java again
#
# If you would like to submit a bug report, please visit:
#   https://github.com/adoptium/adoptium-support/issues
# The crash happened outside the Java Virtual Machine in native code.
# See problematic frame for where to report the bug.
#

---------------  S U M M A R Y ------------

Command Line: -XX:+ShowCodeDetailsInExceptionMessages -Dfile.encoding=UTF-8 --module-path=/Users/annetorgersen/Desktop/Objektorientertprogrammering/TDT4100_prosjekt/target/classes:/Users/annetorgersen/.m2/repository/org/openjfx/javafx-fxml/17-ea+8/javafx-fxml-17-ea+8-mac-aarch64.jar:/Users/annetorgersen/.m2/repository/org/openjfx/javafx-controls/17-ea+8/javafx-controls-17-ea+8-mac-aarch64.jar:/Users/annetorgersen/.m2/repository/org/openjfx/javafx-graphics/17-ea+8/javafx-graphics-17-ea+8-mac-aarch64.jar:/Users/annetorgersen/.m2/repository/org/openjfx/javafx-base/17-ea+8/javafx-base-17-ea+8-mac-aarch64.jar -Djdk.module.main=TDT4100_project TDT4100_project/promillekalkulator.App

Host: "MacBookAir10,1" arm64, 8 cores, 8G, Darwin 21.4.0, macOS 12.3 (21E230)
Time: Wed Aug 10 20:33:11 2022 CEST elapsed time: 29.198929 seconds (0d 0h 0m 29s)

---------------  T H R E A D  ---------------

Current thread (0x0000000126957400):  JavaThread "InvokeLaterDispatcher" daemon [_thread_in_native, id=29959, stack(0x000000017045c000,0x000000017065f000)]

Stack: [0x000000017045c000,0x000000017065f000],  sp=0x000000017065e7a0,  free space=2057k
Native frames: (J=compiled Java code, j=interpreted, Vv=VM code, C=native code)
v  ~StubRoutines::SafeFetchN
V  [libjvm.dylib+0x7ba8fc]  _ZN10OopStorage7releaseEPKP7oopDesc+0x20
V  [libjvm.dylib+0x4c55f0]  jni_DeleteGlobalRef+0xd8
C  [libglass.dylib+0xa880]  -[GlassRunnable dealloc]+0x34
C  [Foundation+0x85618]  -[_NSThreadPerformInfo dealloc]+0x30
C  [Foundation+0x5198c]  -[NSObject(NSThreadPerformAdditions) performSelectorOnMainThread:withObject:waitUntilDone:]+0x88
C  0xae040001303d4ecc
J 2979 c1 com.sun.glass.ui.mac.MacApplication.submitForLaterInvocation(Ljava/lang/Runnable;)V javafx.graphics (6 bytes) @ 0x00000001293622d8 [0x0000000129362240+0x0000000000000098]
C  0x000000078005b7c0

Java frames: (J=compiled Java code, j=interpreted, Vv=VM code)
J 2980  com.sun.glass.ui.mac.MacApplication._submitForLaterInvocation(Ljava/lang/Runnable;)V javafx.graphics (0 bytes) @ 0x00000001303d4ecc [0x00000001303d4e40+0x000000000000008c]
J 2979 c1 com.sun.glass.ui.mac.MacApplication.submitForLaterInvocation(Ljava/lang/Runnable;)V javafx.graphics (6 bytes) @ 0x00000001293622d8 [0x0000000129362240+0x0000000000000098]
j  com.sun.glass.ui.InvokeLaterDispatcher.run()V+82 javafx.graphics
v  ~StubRoutines::call_stub

siginfo: si_signo: 10 (SIGBUS), si_code: 1 (BUS_ADRALN), si_addr: 0x00000001288014f0

Register to memory mapping:

 x0=0x00000001278295c8 points into unknown readable memory: 0x0000000000000000 | 00 00 00 00 00 00 00 00
 x1=0x0 is NULL
 x2=0x000000078558a890 is an oop: com.sun.glass.ui.InvokeLaterDispatcher$Future 
{0x000000078558a890} - klass: 'com/sun/glass/ui/InvokeLaterDispatcher$Future'
 - ---- fields (total size 3 words):
 - private 'done' 'Z' @12  true
 - private final 'runnable' 'Ljava/lang/Runnable;' @16  a 'com/sun/javafx/tk/quantum/QuantumToolkit$$Lambda$83+0x00000008000f7db8'{0x000000078005b9c8} (f000b739)
 - final synthetic 'this$0' 'Lcom/sun/glass/ui/InvokeLaterDispatcher;' @20  a 'com/sun/glass/ui/InvokeLaterDispatcher'{0x000000078005b7c0} (f000b6f8)
 x3=0x0 is NULL
 x4=0x00000000000130a8 is an unknown value
 x5=0x0 is NULL
 x6=0x0 is NULL
 x7=0x0 is NULL
 x8=0x00000001288014ec is at begin+0 in a stub
StubRoutines::SafeFetchN [0x00000001288014ec, 0x00000001288014f8] (12 bytes)
 x9=0x0 is NULL
x10=0x2010000030300000 is an unknown value
x11=0x0000000000000007 is an unknown value
x12=0x0000000000000004 is an unknown value
x13=0x00000001278d05b0 points into unknown readable memory: 0x0000000000000000 | 00 00 00 00 00 00 00 00
x14=0x00003b0000000000 is an unknown value
x15=0x0000000115545f98: OBJC_CLASS_$_GlassRunnable+0 in /Users/annetorgersen/.openjfx/cache/17-ea/libglass.dylib at 0x0000000115500000
x16=0x00000001a16310fc: pthread_getspecific+0 in /usr/lib/system/libsystem_pthread.dylib at 0x00000001a162f000
x17=0x0000000111531ea0 points into unknown readable memory: 0xfffffffffffffffe | fe ff ff ff ff ff ff ff
x18=0x0 is NULL
x19=0x000000012672dda0 points into unknown readable memory: 0x0000000126711120 | 20 11 71 26 01 00 00 00
x20=0x00000001278293c0 points into unknown readable memory: 0x0000000000000000 | 00 00 00 00 00 00 00 00
x21=0x00000001278295c8 points into unknown readable memory: 0x0000000000000000 | 00 00 00 00 00 00 00 00
x22=0x0000000126957400 is a thread
x23=0x0000000000000001 is an unknown value
x24=0x0000000127829580 is a global jni handle
x25=0x000000010846ca98: _ZN12StubRoutines17_safefetchN_entryE+0 in /Users/annetorgersen/.vscode/extensions/redhat.java-1.9.0-darwin-arm64/jre/17.0.3-macosx-aarch64/lib/server/libjvm.dylib at 0x0000000107808000
x26=0x0000000112698000 is pointing into metadata
x27=0x0 is NULL
x28=0x0000000126957400 is a thread


Registers:
 x0=0x00000001278295c8  x1=0x0000000000000000  x2=0x000000078558a890  x3=0x0000000000000000
 x4=0x00000000000130a8  x5=0x0000000000000000  x6=0x0000000000000000  x7=0x0000000000000000
 x8=0x00000001288014ec  x9=0x0000000000000000 x10=0x2010000030300000 x11=0x0000000000000007
x12=0x0000000000000004 x13=0x00000001278d05b0 x14=0x00003b0000000000 x15=0x0000000115545f98
x16=0x00000001a16310fc x17=0x0000000111531ea0 x18=0x0000000000000000 x19=0x000000012672dda0
x20=0x00000001278293c0 x21=0x00000001278295c8 x22=0x0000000126957400 x23=0x0000000000000001
x24=0x0000000127829580 x25=0x000000010846ca98 x26=0x0000000112698000 x27=0x0000000000000000
x28=0x0000000126957400  fp=0x000000017065e7e0  lr=0x0000000107fc16cc  sp=0x000000017065e7a0
pc=0x00000001288014f0 cpsr=0x0000000060001000
Top of Stack: (sp=0x000000017065e7a0)
0x000000017065e7a0:   0000000112698000 0000000000000001
0x000000017065e7b0:   00000008000ea378 0000000000000000
0x000000017065e7c0:   0000000115ae02a8 00000001278295a8
0x000000017065e7d0:   00000001278295a8 000000012672dda0
0x000000017065e7e0:   000000017065e820 0000000107fc28fc
0x000000017065e7f0:   0000000000000001 00000001278295a8
0x000000017065e800:   0000000115ae02a8 00000001278295a8
0x000000017065e810:   0000000000000001 0000000115ae0000
0x000000017065e820:   000000017065e860 0000000107ccd5f0
0x000000017065e830:   00000008000ea378 0000000107416210
0x000000017065e840:   000000010741a290 00000001eb6f5be0
0x000000017065e850:   0000000000000000 000000010741a290
0x000000017065e860:   000000017065e890 000000011550a880
0x000000017065e870:   02e57ec7a6d100ac 0000000000000000
0x000000017065e880:   0000000000000000 0000000107421050
0x000000017065e890:   000000017065e8d0 00000001a25fe618
0x000000017065e8a0:   00000008000ea378 0000000107416210
0x000000017065e8b0:   000000010741a290 02e57ec7a6d100ac
0x000000017065e8c0:   0000000000000000 0000000000000000
0x000000017065e8d0:   000000017065e910 61758001a25ca98c
0x000000017065e8e0:   00000008000ea378 00000001288087c0
0x000000017065e8f0:   00000001126978ba 0000000108474458
0x000000017065e900:   000000017065e9f0 00000000000000b9
0x000000017065e910:   000000017065e970 ae040001303d4ecc
0x000000017065e920:   000000078008b468 000000078558a890
0x000000017065e930:   000000017065ea98 00000001a163d630
0x000000017065e940:   0000000126957400 0000000108451150
0x000000017065e950:   000000017065ea00 0000000000000001
0x000000017065e960:   000000017065e9a0 0000000781867550
0x000000017065e970:   000000017065ea60 00000001293622d8
0x000000017065e980:   000000078558a890 000000078005b9c8
0x000000017065e990:   000000017065e9f8 00000000000000b6 

Instructions: (pc=0x00000001288014f0)
0x00000001288013f0:   f2a10869 f2c00029 6d425935 1e640886
0x0000000128801400:   0c402d31 1e6408c7 1f5654d0 1e6c1017
0x0000000128801410:   1f5050d0 1f504cd0 1f5048d0 1e650af6
0x0000000128801420:   1f50d8f6 1f5694d6 1f5158f6 1e762880
0x0000000128801430:   36000501 1e614000 14000026 2e251ca5
0x0000000128801440:   d2923009 f2a10869 f2c00029 6d425d36
0x0000000128801450:   1e600806 0c402d32 1f5758c7 1e6c101a
0x0000000128801460:   1f4754c7 1e650805 1f4750c7 d2866668
0x0000000128801470:   f2a7fa68 1f474cc7 1e6608c0 1f4748c7
0x0000000128801480:   1e6e1019 eb08007f 540000ac 1f479400
0x0000000128801490:   1f460340 1e603b20 1400000e d2a7fd29
0x00000001288014a0:   eb09007f 540000ac 51480069 d3607d29
0x00000001288014b0:   9e670121 14000002 1e6a5001 1f679417
0x00000001288014c0:   1f668742 1e613b23 1e773857 1e773860
0x00000001288014d0:   a8c17ff3 910003bf a8c17bfd d65f03c0
0x00000001288014e0:   b9400001 aa0103e0 d65f03c0 f9400001
0x00000001288014f0:   aa0103e0 d65f03c0 00000000 00000000
0x0000000128801500:   00000000 00000000 00000000 00000000
0x0000000128801510:   00000000 00000000 00000000 00000000
0x0000000128801520:   00000000 00000000 00000000 00000000
0x0000000128801530:   00000000 00000000 00000000 00000000
0x0000000128801540:   00000000 00000000 00000000 00000000
0x0000000128801550:   00000000 00000000 00000000 00000000
0x0000000128801560:   00000000 00000000 00000000 00000000
0x0000000128801570:   00000000 00000000 00000000 00000000
0x0000000128801580:   00000000 00000000 00000000 00000000
0x0000000128801590:   00000000 00000000 00000000 00000000
0x00000001288015a0:   00000000 00000000 00000000 00000000
0x00000001288015b0:   00000000 00000000 00000000 00000000
0x00000001288015c0:   00000000 00000000 00000000 00000000
0x00000001288015d0:   00000000 00000000 00000000 00000000
0x00000001288015e0:   00000000 00000000 00000000 00000000 


Stack slot to memory mapping:
stack at sp + 0 slots: 0x0000000112698000 is pointing into metadata
stack at sp + 1 slots: 0x0000000000000001 is an unknown value
stack at sp + 2 slots: 0x00000008000ea378 is a pointer to class: 
com.sun.glass.ui.mac.MacApplication {0x00000008000ea378}
 - instance size:     5
 - klass size:        135
 - access:            final synchronized 
 - state:             fully_initialized
 - name:              'com/sun/glass/ui/mac/MacApplication'
 - super:             'com/sun/glass/ui/Application'
 - sub:               
 - arrays:            NULL
 - methods:           Array<T>(0x000000011266f9a0)
 - method ordering:   Array<T>(0x0000000112000018)
 - default_methods:   Array<T>(0x0000000000000000)
 - local interfaces:  Array<T>(0x0000000112671158)
 - trans. interfaces: Array<T>(0x0000000112671158)
 - constants:         constant pool [546]/operands[69] {0x0000000112670000} for 'com/sun/glass/ui/mac/MacApplication' cache=0x0000000112695818
 - class loader data:  loader data: 0x000000012784bed0 for instance a 'jdk/internal/loader/ClassLoaders$AppClassLoader'{0x000000078005c118}
 - source file:       'MacApplication.java'
 - class annotations:       Array<T>(0x0000000000000000)
 - class type annotations:  Array<T>(0x0000000000000000)
 - field annotations:       Array<T>(0x0000000000000000)
 - field type annotations:  Array<T>(0x0000000000000000)
 - inner classes:     Array<T>(0x0000000112674018)
 - nest members:     Array<T>(0x0000000112674070)
 - permitted subclasses:     Array<T>(0x0000000112000028)
 - java mirror:       a 'java/lang/Class'{0x000000078008b3f0} = 'com/sun/glass/ui/mac/MacApplication'
 - vtable length      71  (start addr: 0x00000008000ea548)
 - itable length      5 (start addr: 0x00000008000ea780)
 - ---- static fields (1 words):
 - static final 'BROWSER_PARENT_ID' 'J' @112 
 - ---- non-static fields (7 words):
 - private 'initialActiveEventReceived' 'Z' @12 
 - private 'terminateWhenLastWindowClosed' 'Z' @13 
 - protected 'name' 'Ljava/lang/String;' @16 
 - private 'eventHandler' 'Lcom/sun/glass/ui/Application$EventHandler;' @20 
 - private 'initialOpenedFiles' '[Ljava/lang/String;' @24 
 - private 'isTaskbarApplication' 'Z' @14 
 - private 'firstDidResignActive' 'Z' @15 
 - private final 'invokeLaterDispatcher' 'Lcom/sun/glass/ui/InvokeLaterDispatcher;' @28 
 - private 'appleMenu' 'Lcom/sun/glass/ui/Menu;' @32 
 - private final 'reactivationLatch' 'Ljava/util/concurrent/CountDownLatch;' @36 
 - non-static oop maps: 16-36 
stack at sp + 3 slots: 0x0 is NULL
stack at sp + 4 slots: 0x0000000115ae02a8 points into unknown readable memory: 0x00000001084268a0 | a0 68 42 08 01 00 00 00
stack at sp + 5 slots: 0x00000001278295a8 is a global jni handle
stack at sp + 6 slots: 0x00000001278295a8 is a global jni handle
stack at sp + 7 slots: 0x000000012672dda0 points into unknown readable memory: 0x0000000126711120 | 20 11 71 26 01 00 00 00

StubRoutines::SafeFetchN [0x00000001288014ec, 0x00000001288014f8] (12 bytes)
[MachCode]
  0x00000001288014ec: 0100 40f9 | e003 01aa | c003 5fd6 
[/MachCode]

---------------  P R O C E S S  ---------------

Threads class SMR info:
_java_thread_list=0x00000001075207c0, length=18, elements={
0x000000012800d400, 0x0000000128043200, 0x0000000111808e00, 0x0000000128043e00,
0x0000000128044400, 0x0000000128044a00, 0x0000000128045000, 0x0000000128045600,
0x0000000128045c00, 0x000000012680fa00, 0x0000000128077600, 0x000000012680f400,
0x0000000126957400, 0x0000000115ae0000, 0x0000000127142a00, 0x0000000126825000,
0x0000000126967800, 0x0000000111837e00
}

Java Threads: ( => current thread )
  0x000000012800d400 JavaThread "main" [_thread_blocked, id=5891, stack(0x000000016dc60000,0x000000016de63000)]
  0x0000000128043200 JavaThread "Reference Handler" daemon [_thread_blocked, id=17667, stack(0x000000016eab4000,0x000000016ecb7000)]
  0x0000000111808e00 JavaThread "Finalizer" daemon [_thread_blocked, id=17411, stack(0x000000016ecc0000,0x000000016eec3000)]
  0x0000000128043e00 JavaThread "Signal Dispatcher" daemon [_thread_blocked, id=22275, stack(0x000000016efe4000,0x000000016f1e7000)]
  0x0000000128044400 JavaThread "Service Thread" daemon [_thread_blocked, id=22787, stack(0x000000016f1f0000,0x000000016f3f3000)]
  0x0000000128044a00 JavaThread "Monitor Deflation Thread" daemon [_thread_blocked, id=23299, stack(0x000000016f3fc000,0x000000016f5ff000)]
  0x0000000128045000 JavaThread "C2 CompilerThread0" daemon [_thread_blocked, id=23555, stack(0x000000016f608000,0x000000016f80b000)]
  0x0000000128045600 JavaThread "C1 CompilerThread0" daemon [_thread_blocked, id=23811, stack(0x000000016f814000,0x000000016fa17000)]
  0x0000000128045c00 JavaThread "Sweeper thread" daemon [_thread_blocked, id=41219, stack(0x000000016fa20000,0x000000016fc23000)]
  0x000000012680fa00 JavaThread "Common-Cleaner" daemon [_thread_blocked, id=24323, stack(0x000000016fc2c000,0x000000016fe2f000)]
  0x0000000128077600 JavaThread "Notification Thread" daemon [_thread_blocked, id=40451, stack(0x000000016fe38000,0x000000017003b000)]
  0x000000012680f400 JavaThread "QuantumRenderer-0" daemon [_thread_blocked, id=25091, stack(0x0000000170250000,0x0000000170453000)]
=>0x0000000126957400 JavaThread "InvokeLaterDispatcher" daemon [_thread_in_native, id=29959, stack(0x000000017045c000,0x000000017065f000)]
  0x0000000115ae0000 JavaThread "JavaFX Application Thread" [_thread_in_vm, id=259, stack(0x000000016d3d8000,0x000000016dbd4000)]
  0x0000000127142a00 JavaThread "JavaFX-Launcher" [_thread_blocked, id=77059, stack(0x000000017098c000,0x0000000170b8f000)]
  0x0000000126825000 JavaThread "Prism Font Disposer" daemon [_thread_blocked, id=75271, stack(0x00000001717e0000,0x00000001719e3000)]
  0x0000000126967800 JavaThread "Cleaner-0" daemon [_thread_blocked, id=57607, stack(0x000000017624c000,0x000000017644f000)]
  0x0000000111837e00 JavaThread "PulseTimer-CVDisplayLink thread" daemon [_thread_in_native, id=66339, stack(0x0000000170668000,0x00000001706eb000)]

Other Threads:
  0x0000000126732e80 VMThread "VM Thread" [stack: 0x000000016e8a8000,0x000000016eaab000] [id=18179]
  0x0000000127875f40 WatcherThread [stack: 0x0000000170044000,0x0000000170247000] [id=40195]
  0x0000000127814a40 GCTaskThread "GC Thread#0" [stack: 0x000000016de6c000,0x000000016e06f000] [id=19715]
  0x0000000117f57000 GCTaskThread "GC Thread#1" [stack: 0x0000000170b98000,0x0000000170d9b000] [id=55811]
  0x0000000117f578d0 GCTaskThread "GC Thread#2" [stack: 0x0000000170da4000,0x0000000170fa7000] [id=56323]
  0x0000000117f581a0 GCTaskThread "GC Thread#3" [stack: 0x0000000170fb0000,0x00000001711b3000] [id=76547]
  0x0000000117f58a70 GCTaskThread "GC Thread#4" [stack: 0x00000001711bc000,0x00000001713bf000] [id=56579]
  0x0000000117f59340 GCTaskThread "GC Thread#5" [stack: 0x00000001713c8000,0x00000001715cb000] [id=56835]
  0x0000000117f5d6c0 GCTaskThread "GC Thread#6" [stack: 0x00000001715d4000,0x00000001717d7000] [id=57091]
  0x00000001266c7660 GCTaskThread "GC Thread#7" [stack: 0x0000000176458000,0x000000017665b000] [id=67627]
  0x00000001278158f0 ConcurrentGCThread "G1 Main Marker" [stack: 0x000000016e078000,0x000000016e27b000] [id=12547]
  0x00000001278166c0 ConcurrentGCThread "G1 Conc#0" [stack: 0x000000016e284000,0x000000016e487000] [id=13315]
  0x00000001115e9e60 ConcurrentGCThread "G1 Conc#1" [stack: 0x0000000176664000,0x0000000176867000] [id=67075]
  0x000000012662c5e0 ConcurrentGCThread "G1 Refine#0" [stack: 0x000000016e490000,0x000000016e693000] [id=13827]
  0x0000000107504080 ConcurrentGCThread "G1 Service" [stack: 0x000000016e69c000,0x000000016e89f000] [id=14339]

Threads with active compile tasks:

VM state: not at safepoint (normal execution)

VM Mutex/Monitor currently owned by a thread: None

Heap address: 0x0000000780000000, size: 2048 MB, Compressed Oops mode: Zero based, Oop shift amount: 3

CDS archive(s) not mapped
Compressed class space mapped at: 0x0000000800000000-0x0000000840000000, reserved size: 1073741824
Narrow klass base: 0x0000000800000000, Narrow klass shift: 0, Narrow klass range: 0x40000000

GC Precious Log:
 CPUs: 8 total, 8 available
 Memory: 8192M
 Large Page Support: Disabled
 NUMA Support: Disabled
 Compressed Oops: Enabled (Zero based)
 Heap Region Size: 1M
 Heap Min Capacity: 8M
 Heap Initial Capacity: 128M
 Heap Max Capacity: 2G
 Pre-touch: Disabled
 Parallel Workers: 8
 Concurrent Workers: 2
 Concurrent Refinement Workers: 8
 Periodic GC: Disabled

Heap:
 garbage-first heap   total 96256K, used 74133K [0x0000000780000000, 0x0000000800000000)
  region size 1024K, 41 young (41984K), 4 survivors (4096K)
 Metaspace       used 25402K, committed 25600K, reserved 1073152K
  class space    used 3395K, committed 3520K, reserved 1048576K

Heap Regions: E=young(eden), S=young(survivor), O=old, HS=humongous(starts), HC=humongous(continues), CS=collection set, F=free, OA=open archive, CA=closed archive, TAMS=top-at-mark-start (previous, next)
|   0|0x0000000780000000, 0x0000000780100000, 0x0000000780100000|100%| O|  |TAMS 0x0000000780053e00, 0x0000000780000000| Untracked 
|   1|0x0000000780100000, 0x0000000780200000, 0x0000000780200000|100%|HS|  |TAMS 0x0000000780200000, 0x0000000780100000| Complete 
|   2|0x0000000780200000, 0x0000000780300000, 0x0000000780300000|100%|HC|  |TAMS 0x0000000780300000, 0x0000000780200000| Complete 
|   3|0x0000000780300000, 0x0000000780400000, 0x0000000780400000|100%|HS|  |TAMS 0x0000000780400000, 0x0000000780300000| Complete 
|   4|0x0000000780400000, 0x0000000780500000, 0x0000000780500000|100%|HC|  |TAMS 0x0000000780500000, 0x0000000780400000| Complete 
|   5|0x0000000780500000, 0x0000000780600000, 0x0000000780600000|100%|HC|  |TAMS 0x0000000780600000, 0x0000000780500000| Complete 
|   6|0x0000000780600000, 0x0000000780700000, 0x0000000780700000|100%|HC|  |TAMS 0x0000000780700000, 0x0000000780600000| Complete 
|   7|0x0000000780700000, 0x0000000780800000, 0x0000000780800000|100%|HC|  |TAMS 0x0000000780800000, 0x0000000780700000| Complete 
|   8|0x0000000780800000, 0x0000000780900000, 0x0000000780900000|100%|HC|  |TAMS 0x0000000780900000, 0x0000000780800000| Complete 
|   9|0x0000000780900000, 0x0000000780a00000, 0x0000000780a00000|100%|HC|  |TAMS 0x0000000780a00000, 0x0000000780900000| Complete 
|  10|0x0000000780a00000, 0x0000000780b00000, 0x0000000780b00000|100%|HC|  |TAMS 0x0000000780b00000, 0x0000000780a00000| Complete 
|  11|0x0000000780b00000, 0x0000000780c00000, 0x0000000780c00000|100%|HC|  |TAMS 0x0000000780c00000, 0x0000000780b00000| Complete 
|  12|0x0000000780c00000, 0x0000000780d00000, 0x0000000780d00000|100%|HC|  |TAMS 0x0000000780d00000, 0x0000000780c00000| Complete 
|  13|0x0000000780d00000, 0x0000000780e00000, 0x0000000780e00000|100%|HS|  |TAMS 0x0000000780d00000, 0x0000000780d00000| Complete 
|  14|0x0000000780e00000, 0x0000000780f00000, 0x0000000780f00000|100%|HC|  |TAMS 0x0000000780e00000, 0x0000000780e00000| Complete 
|  15|0x0000000780f00000, 0x0000000781000000, 0x0000000781000000|100%|HS|  |TAMS 0x0000000781000000, 0x0000000780f00000| Complete 
|  16|0x0000000781000000, 0x0000000781100000, 0x0000000781100000|100%|HC|  |TAMS 0x0000000781100000, 0x0000000781000000| Complete 
|  17|0x0000000781100000, 0x0000000781200000, 0x0000000781200000|100%|HC|  |TAMS 0x0000000781200000, 0x0000000781100000| Complete 
|  18|0x0000000781200000, 0x0000000781300000, 0x0000000781300000|100%|HC|  |TAMS 0x0000000781300000, 0x0000000781200000| Complete 
|  19|0x0000000781300000, 0x0000000781400000, 0x0000000781400000|100%|HC|  |TAMS 0x0000000781400000, 0x0000000781300000| Complete 
|  20|0x0000000781400000, 0x0000000781500000, 0x0000000781500000|100%|HS|  |TAMS 0x0000000781500000, 0x0000000781400000| Complete 
|  21|0x0000000781500000, 0x0000000781600000, 0x0000000781600000|100%|HC|  |TAMS 0x0000000781600000, 0x0000000781500000| Complete 
|  22|0x0000000781600000, 0x0000000781700000, 0x0000000781700000|100%| O|  |TAMS 0x0000000781600000, 0x0000000781600000| Untracked 
|  23|0x0000000781700000, 0x0000000781800000, 0x0000000781800000|100%| O|  |TAMS 0x0000000781700000, 0x0000000781700000| Untracked 
|  24|0x0000000781800000, 0x00000007818a5400, 0x0000000781900000| 64%| O|  |TAMS 0x0000000781800000, 0x0000000781800000| Complete 
|  25|0x0000000781900000, 0x0000000781a00000, 0x0000000781a00000|100%|HS|  |TAMS 0x0000000781900000, 0x0000000781900000| Complete 
|  26|0x0000000781a00000, 0x0000000781b00000, 0x0000000781b00000|100%|HC|  |TAMS 0x0000000781a00000, 0x0000000781a00000| Complete 
|  27|0x0000000781b00000, 0x0000000781c00000, 0x0000000781c00000|100%|HC|  |TAMS 0x0000000781b00000, 0x0000000781b00000| Complete 
|  28|0x0000000781c00000, 0x0000000781d00000, 0x0000000781d00000|100%|HC|  |TAMS 0x0000000781c00000, 0x0000000781c00000| Complete 
|  29|0x0000000781d00000, 0x0000000781e00000, 0x0000000781e00000|100%|HS|  |TAMS 0x0000000781d00000, 0x0000000781d00000| Complete 
|  30|0x0000000781e00000, 0x0000000781f00000, 0x0000000781f00000|100%|HC|  |TAMS 0x0000000781e00000, 0x0000000781e00000| Complete 
|  31|0x0000000781f00000, 0x0000000782000000, 0x0000000782000000|100%|HS|  |TAMS 0x0000000781f00000, 0x0000000781f00000| Complete 
|  32|0x0000000782000000, 0x0000000782100000, 0x0000000782100000|100%|HC|  |TAMS 0x0000000782000000, 0x0000000782000000| Complete 
|  33|0x0000000782100000, 0x0000000782100000, 0x0000000782200000|  0%| F|  |TAMS 0x0000000782100000, 0x0000000782100000| Untracked 
|  34|0x0000000782200000, 0x0000000782200000, 0x0000000782300000|  0%| F|  |TAMS 0x0000000782200000, 0x0000000782200000| Untracked 
|  35|0x0000000782300000, 0x0000000782300000, 0x0000000782400000|  0%| F|  |TAMS 0x0000000782300000, 0x0000000782300000| Untracked 
|  36|0x0000000782400000, 0x0000000782400000, 0x0000000782500000|  0%| F|  |TAMS 0x0000000782400000, 0x0000000782400000| Untracked 
|  37|0x0000000782500000, 0x0000000782500000, 0x0000000782600000|  0%| F|  |TAMS 0x0000000782500000, 0x0000000782500000| Untracked 
|  38|0x0000000782600000, 0x0000000782600000, 0x0000000782700000|  0%| F|  |TAMS 0x0000000782600000, 0x0000000782600000| Untracked 
|  39|0x0000000782700000, 0x0000000782700000, 0x0000000782800000|  0%| F|  |TAMS 0x0000000782700000, 0x0000000782700000| Untracked 
|  40|0x0000000782800000, 0x0000000782800000, 0x0000000782900000|  0%| F|  |TAMS 0x0000000782800000, 0x0000000782800000| Untracked 
|  41|0x0000000782900000, 0x0000000782900000, 0x0000000782a00000|  0%| F|  |TAMS 0x0000000782900000, 0x0000000782900000| Untracked 
|  42|0x0000000782a00000, 0x0000000782a00000, 0x0000000782b00000|  0%| F|  |TAMS 0x0000000782a00000, 0x0000000782a00000| Untracked 
|  43|0x0000000782b00000, 0x0000000782b00000, 0x0000000782c00000|  0%| F|  |TAMS 0x0000000782b00000, 0x0000000782b00000| Untracked 
|  44|0x0000000782c00000, 0x0000000782c00000, 0x0000000782d00000|  0%| F|  |TAMS 0x0000000782c00000, 0x0000000782c00000| Untracked 
|  45|0x0000000782d00000, 0x0000000782d00000, 0x0000000782e00000|  0%| F|  |TAMS 0x0000000782d00000, 0x0000000782d00000| Untracked 
|  46|0x0000000782e00000, 0x0000000782e00000, 0x0000000782f00000|  0%| F|  |TAMS 0x0000000782e00000, 0x0000000782e00000| Untracked 
|  47|0x0000000782f00000, 0x0000000782f00000, 0x0000000783000000|  0%| F|  |TAMS 0x0000000782f00000, 0x0000000782f00000| Untracked 
|  48|0x0000000783000000, 0x0000000783000000, 0x0000000783100000|  0%| F|  |TAMS 0x0000000783000000, 0x0000000783000000| Untracked 
|  49|0x0000000783100000, 0x0000000783100000, 0x0000000783200000|  0%| F|  |TAMS 0x0000000783100000, 0x0000000783100000| Untracked 
|  50|0x0000000783200000, 0x0000000783200000, 0x0000000783300000|  0%| F|  |TAMS 0x0000000783200000, 0x0000000783200000| Untracked 
|  51|0x0000000783300000, 0x0000000783300000, 0x0000000783400000|  0%| F|  |TAMS 0x0000000783300000, 0x0000000783300000| Untracked 
|  52|0x0000000783400000, 0x0000000783400000, 0x0000000783500000|  0%| F|  |TAMS 0x0000000783400000, 0x0000000783400000| Untracked 
|  53|0x0000000783500000, 0x0000000783580800, 0x0000000783600000| 50%| E|  |TAMS 0x0000000783500000, 0x0000000783500000| Complete 
|  54|0x0000000783600000, 0x0000000783700000, 0x0000000783700000|100%| E|CS|TAMS 0x0000000783600000, 0x0000000783600000| Complete 
|  55|0x0000000783700000, 0x0000000783800000, 0x0000000783800000|100%| E|CS|TAMS 0x0000000783700000, 0x0000000783700000| Complete 
|  56|0x0000000783800000, 0x0000000783900000, 0x0000000783900000|100%| E|CS|TAMS 0x0000000783800000, 0x0000000783800000| Complete 
|  57|0x0000000783900000, 0x0000000783a00000, 0x0000000783a00000|100%| E|CS|TAMS 0x0000000783900000, 0x0000000783900000| Complete 
|  58|0x0000000783a00000, 0x0000000783b00000, 0x0000000783b00000|100%| E|CS|TAMS 0x0000000783a00000, 0x0000000783a00000| Complete 
|  59|0x0000000783b00000, 0x0000000783c00000, 0x0000000783c00000|100%| E|CS|TAMS 0x0000000783b00000, 0x0000000783b00000| Complete 
|  60|0x0000000783c00000, 0x0000000783d00000, 0x0000000783d00000|100%| E|CS|TAMS 0x0000000783c00000, 0x0000000783c00000| Complete 
|  61|0x0000000783d00000, 0x0000000783e00000, 0x0000000783e00000|100%| E|CS|TAMS 0x0000000783d00000, 0x0000000783d00000| Complete 
|  62|0x0000000783e00000, 0x0000000783f00000, 0x0000000783f00000|100%| E|CS|TAMS 0x0000000783e00000, 0x0000000783e00000| Complete 
|  63|0x0000000783f00000, 0x0000000784000000, 0x0000000784000000|100%| E|CS|TAMS 0x0000000783f00000, 0x0000000783f00000| Complete 
|  64|0x0000000784000000, 0x0000000784100000, 0x0000000784100000|100%| E|CS|TAMS 0x0000000784000000, 0x0000000784000000| Complete 
|  65|0x0000000784100000, 0x0000000784200000, 0x0000000784200000|100%| E|CS|TAMS 0x0000000784100000, 0x0000000784100000| Complete 
|  66|0x0000000784200000, 0x0000000784300000, 0x0000000784300000|100%| E|CS|TAMS 0x0000000784200000, 0x0000000784200000| Complete 
|  67|0x0000000784300000, 0x0000000784400000, 0x0000000784400000|100%| E|CS|TAMS 0x0000000784300000, 0x0000000784300000| Complete 
|  68|0x0000000784400000, 0x0000000784500000, 0x0000000784500000|100%| E|CS|TAMS 0x0000000784400000, 0x0000000784400000| Complete 
|  69|0x0000000784500000, 0x0000000784600000, 0x0000000784600000|100%| E|CS|TAMS 0x0000000784500000, 0x0000000784500000| Complete 
|  70|0x0000000784600000, 0x0000000784700000, 0x0000000784700000|100%| E|CS|TAMS 0x0000000784600000, 0x0000000784600000| Complete 
|  71|0x0000000784700000, 0x0000000784800000, 0x0000000784800000|100%| E|CS|TAMS 0x0000000784700000, 0x0000000784700000| Complete 
|  72|0x0000000784800000, 0x0000000784900000, 0x0000000784900000|100%| E|CS|TAMS 0x0000000784800000, 0x0000000784800000| Complete 
|  73|0x0000000784900000, 0x0000000784a00000, 0x0000000784a00000|100%| E|CS|TAMS 0x0000000784900000, 0x0000000784900000| Complete 
|  74|0x0000000784a00000, 0x0000000784b00000, 0x0000000784b00000|100%| E|CS|TAMS 0x0000000784a00000, 0x0000000784a00000| Complete 
|  75|0x0000000784b00000, 0x0000000784c00000, 0x0000000784c00000|100%| E|CS|TAMS 0x0000000784b00000, 0x0000000784b00000| Complete 
|  76|0x0000000784c00000, 0x0000000784d00000, 0x0000000784d00000|100%| E|CS|TAMS 0x0000000784c00000, 0x0000000784c00000| Complete 
|  77|0x0000000784d00000, 0x0000000784e00000, 0x0000000784e00000|100%| E|CS|TAMS 0x0000000784d00000, 0x0000000784d00000| Complete 
|  78|0x0000000784e00000, 0x0000000784f00000, 0x0000000784f00000|100%| E|CS|TAMS 0x0000000784e00000, 0x0000000784e00000| Complete 
|  79|0x0000000784f00000, 0x0000000785000000, 0x0000000785000000|100%| E|CS|TAMS 0x0000000784f00000, 0x0000000784f00000| Complete 
|  80|0x0000000785000000, 0x0000000785100000, 0x0000000785100000|100%| E|CS|TAMS 0x0000000785000000, 0x0000000785000000| Complete 
|  81|0x0000000785100000, 0x0000000785200000, 0x0000000785200000|100%| E|CS|TAMS 0x0000000785100000, 0x0000000785100000| Complete 
|  82|0x0000000785200000, 0x0000000785300000, 0x0000000785300000|100%| E|CS|TAMS 0x0000000785200000, 0x0000000785200000| Complete 
|  83|0x0000000785300000, 0x0000000785400000, 0x0000000785400000|100%| E|CS|TAMS 0x0000000785300000, 0x0000000785300000| Complete 
|  84|0x0000000785400000, 0x0000000785500000, 0x0000000785500000|100%| E|CS|TAMS 0x0000000785400000, 0x0000000785400000| Complete 
|  85|0x0000000785500000, 0x0000000785600000, 0x0000000785600000|100%| E|CS|TAMS 0x0000000785500000, 0x0000000785500000| Complete 
|  86|0x0000000785600000, 0x0000000785700000, 0x0000000785700000|100%| E|CS|TAMS 0x0000000785600000, 0x0000000785600000| Complete 
|  87|0x0000000785700000, 0x0000000785800000, 0x0000000785800000|100%| E|CS|TAMS 0x0000000785700000, 0x0000000785700000| Complete 
|  88|0x0000000785800000, 0x0000000785900000, 0x0000000785900000|100%| E|CS|TAMS 0x0000000785800000, 0x0000000785800000| Complete 
|  90|0x0000000785a00000, 0x0000000785ac01b0, 0x0000000785b00000| 75%| S|CS|TAMS 0x0000000785a00000, 0x0000000785a00000| Complete 
|  91|0x0000000785b00000, 0x0000000785c00000, 0x0000000785c00000|100%| S|CS|TAMS 0x0000000785b00000, 0x0000000785b00000| Complete 
|  92|0x0000000785c00000, 0x0000000785d00000, 0x0000000785d00000|100%| S|CS|TAMS 0x0000000785c00000, 0x0000000785c00000| Complete 
|  93|0x0000000785d00000, 0x0000000785e00000, 0x0000000785e00000|100%| S|CS|TAMS 0x0000000785d00000, 0x0000000785d00000| Complete 
| 127|0x0000000787f00000, 0x0000000788000000, 0x0000000788000000|100%| E|CS|TAMS 0x0000000787f00000, 0x0000000787f00000| Complete 

Card table byte_map: [0x0000000106c00000,0x0000000107000000] _byte_map_base: 0x0000000103000000

Marking Bits (Prev, Next): (CMBitMap*) 0x000000012802e650, (CMBitMap*) 0x000000012802e610
 Prev Bits: [0x000000010d44c000, 0x000000010f44c000)
 Next Bits: [0x000000010b44c000, 0x000000010d44c000)

Polling page: 0x00000001023ac000

Metaspace:

Usage:
  Non-class:     21.49 MB used.
      Class:      3.32 MB used.
       Both:     24.81 MB used.

Virtual space:
  Non-class space:       24.00 MB reserved,      21.56 MB ( 90%) committed,  3 nodes.
      Class space:        1.00 GB reserved,       3.44 MB ( <1%) committed,  1 nodes.
             Both:        1.02 GB reserved,      25.00 MB (  2%) committed. 

Chunk freelists:
   Non-Class:  2.00 MB
       Class:  496.00 KB
        Both:  2.48 MB

MaxMetaspaceSize: unlimited
CompressedClassSpaceSize: 1.00 GB
Initial GC threshold: 21.00 MB
Current GC threshold: 35.25 MB
CDS: off
MetaspaceReclaimPolicy: balanced
 - commit_granule_bytes: 65536.
 - commit_granule_words: 8192.
 - virtual_space_node_default_size: 1048576.
 - enlarge_chunks_in_place: 1.
 - new_chunks_are_fully_committed: 0.
 - uncommit_free_chunks: 1.
 - use_allocation_guard: 0.
 - handle_deallocations: 1.


Internal statistics:

num_allocs_failed_limit: 3.
num_arena_births: 232.
num_arena_deaths: 0.
num_vsnodes_births: 4.
num_vsnodes_deaths: 0.
num_space_committed: 400.
num_space_uncommitted: 0.
num_chunks_returned_to_freelist: 3.
num_chunks_taken_from_freelist: 873.
num_chunk_merges: 0.
num_chunk_splits: 609.
num_chunks_enlarged: 476.
num_purges: 0.
num_inconsistent_stats: 0.

CodeHeap 'non-profiled nmethods': size=120032Kb used=2489Kb max_used=2489Kb free=117542Kb
 bounds [0x00000001302c8000, 0x0000000130538000, 0x0000000137800000]
CodeHeap 'profiled nmethods': size=120016Kb used=10395Kb max_used=10395Kb free=109620Kb
 bounds [0x0000000128d94000, 0x00000001297c4000, 0x00000001302c8000]
CodeHeap 'non-nmethods': size=5712Kb used=1414Kb max_used=1610Kb free=4297Kb
 bounds [0x0000000128800000, 0x0000000128a70000, 0x0000000128d94000]
 total_blobs=5527 nmethods=4733 adapters=708
 compilation: enabled
              stopped_count=0, restarted_count=0
 full_count=0

Compilation events (20 events):
Event: 29.006 Thread 0x0000000128045000 4818       4       java.util.HashMap::containsKey (14 bytes)
Event: 29.006 Thread 0x0000000128045600 4876       3       com.sun.marlin.MaskMarlinAlphaConsumer::setAndClearRelativeAlphas (641 bytes)
Event: 29.008 Thread 0x0000000128045600 nmethod 4876 0x00000001297b4c90 code [0x00000001297b5080, 0x00000001297b67d8]
Event: 29.009 Thread 0x0000000128045000 nmethod 4818 0x0000000130531f10 code [0x0000000130532100, 0x0000000130532600]
Event: 29.009 Thread 0x0000000128045000 4808       4       java.util.ArrayList::add (65 bytes)
Event: 29.014 Thread 0x0000000128045000 nmethod 4808 0x0000000130532910 code [0x0000000130532b40, 0x00000001305333b0]
Event: 29.014 Thread 0x0000000128045000 4877       4       com.sun.marlin.MaskMarlinAlphaConsumer::setAndClearRelativeAlphas (641 bytes)
Event: 29.016 Thread 0x0000000128045600 4878       3       com.sun.prism.impl.shape.DMarlinPrismUtils::feedConsumer (902 bytes)
Event: 29.017 Thread 0x0000000128045600 nmethod 4878 0x00000001297b7510 code [0x00000001297b7ac0, 0x00000001297ba138]
Event: 29.023 Thread 0x0000000128045000 nmethod 4877 0x0000000130533710 code [0x0000000130533940, 0x00000001305341a0]
Event: 29.023 Thread 0x0000000128045000 4810       4       javafx.collections.ListChangeBuilder$SingleChange::next (16 bytes)
Event: 29.023 Thread 0x0000000128045000 nmethod 4810 0x0000000130534a10 code [0x0000000130534b80, 0x0000000130534c20]
Event: 29.023 Thread 0x0000000128045000 4809       4       javafx.collections.ListChangeBuilder$SingleChange::getFrom (12 bytes)
Event: 29.024 Thread 0x0000000128045000 nmethod 4809 0x0000000130534d10 code [0x0000000130534ec0, 0x0000000130534fc0]
Event: 29.024 Thread 0x0000000128045000 4879       4       com.sun.javafx.geom.transform.AffineBase::getType (33 bytes)
Event: 29.026 Thread 0x0000000128045000 nmethod 4879 0x0000000130535090 code [0x0000000130535340, 0x00000001305359b0]
Event: 29.026 Thread 0x0000000128045000 4798       4       javafx.css.StyleableObjectProperty::set (13 bytes)
Event: 29.027 Thread 0x0000000128045000 nmethod 4798 0x0000000130535d10 code [0x0000000130535ec0, 0x0000000130536210]
Event: 29.027 Thread 0x0000000128045000 4797       4       com.sun.javafx.css.StyleManager$$Lambda$160/0x00000008001fba78::apply (8 bytes)
Event: 29.027 Thread 0x0000000128045000 nmethod 4797 0x0000000130536390 code [0x0000000130536540, 0x0000000130536640]

GC Heap History (4 events):
Event: 0.561 GC heap before
{Heap before GC invocations=0 (full 0):
 garbage-first heap   total 131072K, used 22528K [0x0000000780000000, 0x0000000800000000)
  region size 1024K, 23 young (23552K), 0 survivors (0K)
 Metaspace       used 13452K, committed 13632K, reserved 1064960K
  class space    used 1623K, committed 1728K, reserved 1048576K
}
Event: 0.563 GC heap after
{Heap after GC invocations=1 (full 0):
 garbage-first heap   total 131072K, used 3407K [0x0000000780000000, 0x0000000800000000)
  region size 1024K, 3 young (3072K), 3 survivors (3072K)
 Metaspace       used 13452K, committed 13632K, reserved 1064960K
  class space    used 1623K, committed 1728K, reserved 1048576K
}
Event: 3.944 GC heap before
{Heap before GC invocations=1 (full 0):
 garbage-first heap   total 131072K, used 55631K [0x0000000780000000, 0x0000000800000000)
  region size 1024K, 34 young (34816K), 3 survivors (3072K)
 Metaspace       used 21298K, committed 21504K, reserved 1073152K
  class space    used 2951K, committed 3072K, reserved 1048576K
}
Event: 3.948 GC heap after
{Heap after GC invocations=2 (full 0):
 garbage-first heap   total 131072K, used 27029K [0x0000000780000000, 0x0000000800000000)
  region size 1024K, 4 young (4096K), 4 survivors (4096K)
 Metaspace       used 21298K, committed 21504K, reserved 1073152K
  class space    used 2951K, committed 3072K, reserved 1048576K
}

Deoptimization events (20 events):
Event: 29.020 Thread 0x000000012680f400 DEOPT PACKING pc=0x00000001297b66b8 sp=0x0000000170450930
Event: 29.020 Thread 0x000000012680f400 DEOPT UNPACKING pc=0x000000012883eb7c sp=0x0000000170450590 mode 0
Event: 29.020 Thread 0x000000012680f400 DEOPT PACKING pc=0x00000001297b66b8 sp=0x0000000170450930
Event: 29.020 Thread 0x000000012680f400 DEOPT UNPACKING pc=0x000000012883eb7c sp=0x0000000170450590 mode 0
Event: 29.022 Thread 0x000000012680f400 DEOPT PACKING pc=0x00000001297b66b8 sp=0x0000000170450ad0
Event: 29.022 Thread 0x000000012680f400 DEOPT UNPACKING pc=0x000000012883eb7c sp=0x0000000170450730 mode 0
Event: 29.022 Thread 0x000000012680f400 DEOPT PACKING pc=0x00000001297b66b8 sp=0x0000000170450ad0
Event: 29.022 Thread 0x000000012680f400 DEOPT UNPACKING pc=0x000000012883eb7c sp=0x0000000170450730 mode 0
Event: 29.022 Thread 0x000000012680f400 DEOPT PACKING pc=0x00000001297b66b8 sp=0x0000000170450ad0
Event: 29.022 Thread 0x000000012680f400 DEOPT UNPACKING pc=0x000000012883eb7c sp=0x0000000170450730 mode 0
Event: 29.022 Thread 0x000000012680f400 DEOPT PACKING pc=0x00000001297b66b8 sp=0x0000000170450ad0
Event: 29.022 Thread 0x000000012680f400 DEOPT UNPACKING pc=0x000000012883eb7c sp=0x0000000170450730 mode 0
Event: 29.022 Thread 0x000000012680f400 DEOPT PACKING pc=0x00000001297b66b8 sp=0x0000000170450ad0
Event: 29.022 Thread 0x000000012680f400 DEOPT UNPACKING pc=0x000000012883eb7c sp=0x0000000170450730 mode 0
Event: 29.022 Thread 0x000000012680f400 DEOPT PACKING pc=0x00000001297b66b8 sp=0x0000000170450ad0
Event: 29.022 Thread 0x000000012680f400 DEOPT UNPACKING pc=0x000000012883eb7c sp=0x0000000170450730 mode 0
Event: 29.022 Thread 0x000000012680f400 DEOPT PACKING pc=0x00000001297b66b8 sp=0x0000000170450ad0
Event: 29.022 Thread 0x000000012680f400 DEOPT UNPACKING pc=0x000000012883eb7c sp=0x0000000170450730 mode 0
Event: 29.022 Thread 0x000000012680f400 DEOPT PACKING pc=0x00000001297b66b8 sp=0x0000000170450ad0
Event: 29.022 Thread 0x000000012680f400 DEOPT UNPACKING pc=0x000000012883eb7c sp=0x0000000170450730 mode 0

Classes unloaded (0 events):
No events

Classes redefined (0 events):
No events

Internal exceptions (20 events):
Event: 0.889 Thread 0x000000012680f400 Exception <a 'java/lang/NoSuchMethodError'{0x00000007869df8d0}: 'int java.lang.invoke.DirectMethodHandle$Holder.invokeStaticInit(java.lang.Object, java.lang.Object)'> (0x00000007869df8d0) 
thrown [../../src/hotspot/share/interpreter/linkResolver.cpp, line 766]
Event: 0.895 Thread 0x0000000115ae0000 Exception <a 'java/lang/NoSuchMethodError'{0x000000078693c008}: 'long java.lang.invoke.DirectMethodHandle$Holder.invokeStatic(java.lang.Object, java.lang.Object, java.lang.Object)'> (0x000000078693c008) 
thrown [../../src/hotspot/share/interpreter/linkResolver.cpp, line 766]
Event: 0.895 Thread 0x0000000115ae0000 Exception <a 'java/lang/NoSuchMethodError'{0x000000078693f7b0}: 'long java.lang.invoke.DirectMethodHandle$Holder.invokeStaticInit(java.lang.Object, java.lang.Object, java.lang.Object)'> (0x000000078693f7b0) 
thrown [../../src/hotspot/share/interpreter/linkResolver.cpp, line 766]
Event: 0.895 Thread 0x0000000115ae0000 Exception <a 'java/lang/NoSuchMethodError'{0x00000007869573b8}: 'java.lang.Object java.lang.invoke.DirectMethodHandle$Holder.newInvokeSpecial(java.lang.Object, java.lang.Object, long)'> (0x00000007869573b8) 
thrown [../../src/hotspot/share/interpreter/linkResolver.cpp, line 766]
Event: 0.895 Thread 0x0000000115ae0000 Exception <a 'java/lang/NoSuchMethodError'{0x000000078695ac80}: 'java.lang.Object java.lang.invoke.Invokers$Holder.linkToTargetMethod(java.lang.Object, long, java.lang.Object)'> (0x000000078695ac80) 
thrown [../../src/hotspot/share/interpreter/linkResolver.cpp, line 766]
Event: 3.847 Thread 0x0000000115ae0000 Exception <a 'sun/nio/fs/UnixException'{0x000000078612d420}> (0x000000078612d420) 
thrown [../../src/hotspot/share/prims/jni.cpp, line 516]
Event: 3.862 Thread 0x0000000115ae0000 Exception <a 'java/io/FileNotFoundException'{0x0000000786065810}> (0x0000000786065810) 
thrown [../../src/hotspot/share/prims/jni.cpp, line 516]
Event: 3.907 Thread 0x0000000115ae0000 Exception <a 'java/io/FileNotFoundException'{0x00000007860b3a88}> (0x00000007860b3a88) 
thrown [../../src/hotspot/share/prims/jni.cpp, line 516]
Event: 3.920 Thread 0x0000000115ae0000 Exception <a 'java/io/FileNotFoundException'{0x00000007860e5888}> (0x00000007860e5888) 
thrown [../../src/hotspot/share/prims/jni.cpp, line 516]
Event: 3.995 Thread 0x000000012680f400 Exception <a 'java/lang/NoSuchMethodError'{0x00000007856a4128}: 'java.lang.Object java.lang.invoke.DirectMethodHandle$Holder.invokeStaticInit(java.lang.Object, int)'> (0x00000007856a4128) 
thrown [../../src/hotspot/share/interpreter/linkResolver.cpp, line 766]
Event: 7.676 Thread 0x0000000115ae0000 Exception <a 'java/lang/NoSuchMethodError'{0x00000007853773f0}: 'java.lang.Object java.lang.invoke.DirectMethodHandle$Holder.newInvokeSpecial(java.lang.Object, java.lang.Object, int, int, int, int, int, java.lang.Object)'> (0x00000007853773f0) 
thrown [../../src/hotspot/share/interpreter/linkResolver.cpp, line 766]
Event: 7.677 Thread 0x0000000115ae0000 Exception <a 'java/lang/NoSuchMethodError'{0x000000078538a3d0}: 'java.lang.Object java.lang.invoke.DirectMethodHandle$Holder.newInvokeSpecial(java.lang.Object, java.lang.Object, java.lang.Object, int, int, int, int, int)'> (0x000000078538a3d0) 
thrown [../../src/hotspot/share/interpreter/linkResolver.cpp, line 766]
Event: 7.677 Thread 0x0000000115ae0000 Exception <a 'java/lang/NoSuchMethodError'{0x0000000785391c30}: 'java.lang.Object java.lang.invoke.Invokers$Holder.linkToTargetMethod(java.lang.Object, java.lang.Object, int, int, int, int, int, java.lang.Object)'> (0x0000000785391c30) 
thrown [../../src/hotspot/share/interpreter/linkResolver.cpp, line 766]
Event: 20.340 Thread 0x0000000115ae0000 Exception <a 'java/io/FileNotFoundException'{0x0000000784fe0938}> (0x0000000784fe0938) 
thrown [../../src/hotspot/share/prims/jni.cpp, line 516]
Event: 20.350 Thread 0x0000000115ae0000 Exception <a 'java/io/FileNotFoundException'{0x0000000784feb488}> (0x0000000784feb488) 
thrown [../../src/hotspot/share/prims/jni.cpp, line 516]
Event: 20.354 Thread 0x0000000115ae0000 Exception <a 'java/io/FileNotFoundException'{0x0000000784ff5f70}> (0x0000000784ff5f70) 
thrown [../../src/hotspot/share/prims/jni.cpp, line 516]
Event: 20.360 Thread 0x0000000115ae0000 Exception <a 'java/io/FileNotFoundException'{0x0000000784e47818}> (0x0000000784e47818) 
thrown [../../src/hotspot/share/prims/jni.cpp, line 516]
Event: 20.389 Thread 0x0000000115ae0000 Exception <a 'java/lang/NoSuchMethodError'{0x0000000784c4c748}: 'void java.lang.invoke.DirectMethodHandle$Holder.invokeSpecialIFC(java.lang.Object, java.lang.Object, java.lang.Object, java.lang.Object)'> (0x0000000784c4c748) 
thrown [../../src/hotspot/share/interpreter/linkResolver.cpp, line 766]
Event: 20.401 Thread 0x0000000115ae0000 Exception <a 'java/lang/NoSuchMethodError'{0x0000000784a01248}: 'int java.lang.invoke.DirectMethodHandle$Holder.invokeSpecial(java.lang.Object, java.lang.Object, int)'> (0x0000000784a01248) 
thrown [../../src/hotspot/share/interpreter/linkResolver.cpp, line 766]
Event: 21.698 Thread 0x0000000115ae0000 Implicit null exception at 0x0000000130486718 to 0x000000013048af1c

VM Operations (20 events):
Event: 21.699 Executing VM operation: HandshakeAllThreads
Event: 21.699 Executing VM operation: HandshakeAllThreads done
Event: 21.724 Executing VM operation: ICBufferFull
Event: 21.724 Executing VM operation: ICBufferFull done
Event: 22.262 Executing VM operation: ICBufferFull
Event: 22.263 Executing VM operation: ICBufferFull done
Event: 23.264 Executing VM operation: Cleanup
Event: 23.264 Executing VM operation: Cleanup done
Event: 24.269 Executing VM operation: Cleanup
Event: 24.269 Executing VM operation: Cleanup done
Event: 26.271 Executing VM operation: Cleanup
Event: 26.271 Executing VM operation: Cleanup done
Event: 26.746 Executing VM operation: ICBufferFull
Event: 26.746 Executing VM operation: ICBufferFull done
Event: 27.751 Executing VM operation: Cleanup
Event: 27.751 Executing VM operation: Cleanup done
Event: 28.756 Executing VM operation: Cleanup
Event: 28.756 Executing VM operation: Cleanup done
Event: 29.013 Executing VM operation: ICBufferFull
Event: 29.013 Executing VM operation: ICBufferFull done

Events (20 events):
Event: 24.061 Protecting memory [0x0000000170668000,0x0000000170674000] with protection modes 3
Event: 24.061 Thread 0x0000000111841200 Thread exited: 0x0000000111841200
Event: 25.628 Protecting memory [0x0000000170668000,0x0000000170674000] with protection modes 0
Event: 25.628 Thread 0x0000000111837e00 Thread added: 0x0000000111837e00
Event: 27.128 Protecting memory [0x0000000170668000,0x0000000170674000] with protection modes 3
Event: 27.128 Thread 0x0000000111837e00 Thread exited: 0x0000000111837e00
Event: 27.194 Protecting memory [0x0000000170668000,0x0000000170674000] with protection modes 0
Event: 27.194 Thread 0x000000011281ae00 Thread added: 0x000000011281ae00
Event: 27.478 Protecting memory [0x0000000170668000,0x0000000170674000] with protection modes 3
Event: 27.478 Thread 0x000000011281ae00 Thread exited: 0x000000011281ae00
Event: 27.761 Protecting memory [0x0000000170668000,0x0000000170674000] with protection modes 0
Event: 27.761 Thread 0x0000000111837e00 Thread added: 0x0000000111837e00
Event: 28.195 Protecting memory [0x0000000170668000,0x0000000170674000] with protection modes 3
Event: 28.195 Thread 0x0000000111837e00 Thread exited: 0x0000000111837e00
Event: 28.245 Protecting memory [0x0000000170668000,0x0000000170674000] with protection modes 0
Event: 28.245 Thread 0x00000002800f8a00 Thread added: 0x00000002800f8a00
Event: 28.761 Protecting memory [0x0000000170668000,0x0000000170674000] with protection modes 3
Event: 28.761 Thread 0x00000002800f8a00 Thread exited: 0x00000002800f8a00
Event: 28.861 Protecting memory [0x0000000170668000,0x0000000170674000] with protection modes 0
Event: 28.861 Thread 0x0000000111837e00 Thread added: 0x0000000111837e00


Dynamic libraries:
0x0000000102360000 	/Users/annetorgersen/.vscode/extensions/redhat.java-1.9.0-darwin-arm64/jre/17.0.3-macosx-aarch64/lib/libjli.dylib
0x00000001ac0c4000 	/usr/lib/libz.1.dylib
0x00000001ac17b000 	/usr/lib/libSystem.B.dylib
0x00000001ac175000 	/usr/lib/system/libcache.dylib
0x00000001ac133000 	/usr/lib/system/libcommonCrypto.dylib
0x00000001ac15c000 	/usr/lib/system/libcompiler_rt.dylib
0x00000001ac153000 	/usr/lib/system/libcopyfile.dylib
0x00000001a13bb000 	/usr/lib/system/libcorecrypto.dylib
0x00000001a146e000 	/usr/lib/system/libdispatch.dylib
0x00000001a163c000 	/usr/lib/system/libdyld.dylib
0x00000001ac16b000 	/usr/lib/system/libkeymgr.dylib
0x00000001ac10e000 	/usr/lib/system/libmacho.dylib
0x00000001ab803000 	/usr/lib/system/libquarantine.dylib
0x00000001ac168000 	/usr/lib/system/libremovefile.dylib
0x00000001a67a4000 	/usr/lib/system/libsystem_asl.dylib
0x00000001a135d000 	/usr/lib/system/libsystem_blocks.dylib
0x00000001a14f6000 	/usr/lib/system/libsystem_c.dylib
0x00000001ac160000 	/usr/lib/system/libsystem_collections.dylib
0x00000001aac91000 	/usr/lib/system/libsystem_configuration.dylib
0x00000001a9eed000 	/usr/lib/system/libsystem_containermanager.dylib
0x00000001abe70000 	/usr/lib/system/libsystem_coreservices.dylib
0x00000001a3d64000 	/usr/lib/system/libsystem_darwin.dylib
0x00000001ac16c000 	/usr/lib/system/libsystem_dnssd.dylib
0x00000001a14f3000 	/usr/lib/system/libsystem_featureflags.dylib
0x00000001a1651000 	/usr/lib/system/libsystem_info.dylib
0x00000001ac0d6000 	/usr/lib/system/libsystem_m.dylib
0x00000001a1443000 	/usr/lib/system/libsystem_malloc.dylib
0x00000001a6733000 	/usr/lib/system/libsystem_networkextension.dylib
0x00000001a41bd000 	/usr/lib/system/libsystem_notify.dylib
0x00000001b24b9000 	/usr/lib/system/libsystem_product_info_filter.dylib
0x00000001aac96000 	/usr/lib/system/libsystem_sandbox.dylib
0x00000001ac165000 	/usr/lib/system/libsystem_secinit.dylib
0x00000001a15f7000 	/usr/lib/system/libsystem_kernel.dylib
0x00000001a1649000 	/usr/lib/system/libsystem_platform.dylib
0x00000001a162f000 	/usr/lib/system/libsystem_pthread.dylib
0x00000001a7efc000 	/usr/lib/system/libsystem_symptoms.dylib
0x00000001a13a1000 	/usr/lib/system/libsystem_trace.dylib
0x00000001ac140000 	/usr/lib/system/libunwind.dylib
0x00000001a135f000 	/usr/lib/system/libxpc.dylib
0x00000001a15df000 	/usr/lib/libc++abi.dylib
0x00000001a14b5000 	/usr/lib/libobjc.A.dylib
0x00000001ac14b000 	/usr/lib/liboah.dylib
0x00000001a1578000 	/usr/lib/libc++.1.dylib
0x00000001b7fd2000 	/System/Library/Frameworks/Cocoa.framework/Versions/A/Cocoa
0x00000001a421e000 	/System/Library/Frameworks/AppKit.framework/Versions/C/AppKit
0x00000001a7724000 	/System/Library/Frameworks/CoreData.framework/Versions/A/CoreData
0x00000001a2579000 	/System/Library/Frameworks/Foundation.framework/Versions/C/Foundation
0x00000001a50d6000 	/System/Library/PrivateFrameworks/UIFoundation.framework/Versions/A/UIFoundation
0x00000001b21b3000 	/System/Library/PrivateFrameworks/RemoteViewServices.framework/Versions/A/RemoteViewServices
0x00000001aa639000 	/System/Library/PrivateFrameworks/XCTTargetBootstrap.framework/Versions/A/XCTTargetBootstrap
0x00000001adeb7000 	/System/Library/PrivateFrameworks/InternationalSupport.framework/Versions/A/InternationalSupport
0x00000001adf40000 	/System/Library/PrivateFrameworks/UserActivity.framework/Versions/A/UserActivity
0x00000001ad3b2000 	/usr/lib/libspindump.dylib
0x00000001a5347000 	/System/Library/Frameworks/UniformTypeIdentifiers.framework/Versions/A/UniformTypeIdentifiers
0x00000001a8b84000 	/usr/lib/libapp_launch_measurement.dylib
0x00000001a80ae000 	/System/Library/PrivateFrameworks/CoreAnalytics.framework/Versions/A/CoreAnalytics
0x00000001a8b87000 	/System/Library/PrivateFrameworks/CoreAutoLayout.framework/Versions/A/CoreAutoLayout
0x00000001a9f2a000 	/System/Library/Frameworks/Metal.framework/Versions/A/Metal
0x00000001aaca1000 	/usr/lib/liblangid.dylib
0x00000001aa63e000 	/System/Library/PrivateFrameworks/CoreSVG.framework/Versions/A/CoreSVG
0x00000001a67d8000 	/System/Library/PrivateFrameworks/SkyLight.framework/Versions/A/SkyLight
0x00000001a6bad000 	/System/Library/Frameworks/CoreGraphics.framework/Versions/A/CoreGraphics
0x00000001b287f000 	/System/Library/Frameworks/Accelerate.framework/Versions/A/Accelerate
0x00000001ace29000 	/System/Library/PrivateFrameworks/IconServices.framework/Versions/A/IconServices
0x00000001a9f0c000 	/System/Library/Frameworks/IOSurface.framework/Versions/A/IOSurface
0x00000001a80df000 	/usr/lib/libDiagnosticMessagesClient.dylib
0x00000001b5d80000 	/System/Library/Frameworks/ApplicationServices.framework/Versions/A/ApplicationServices
0x00000001aa621000 	/System/Library/PrivateFrameworks/DFRFoundation.framework/Versions/A/DFRFoundation
0x00000001a3aae000 	/usr/lib/libicucore.A.dylib
0x00000001aed63000 	/System/Library/Frameworks/AudioToolbox.framework/Versions/A/AudioToolbox
0x00000001adec3000 	/System/Library/PrivateFrameworks/DataDetectorsCore.framework/Versions/A/DataDetectorsCore
0x00000001c4803000 	/System/Library/PrivateFrameworks/TextInput.framework/Versions/A/TextInput
0x00000001a674d000 	/usr/lib/libMobileGestalt.dylib
0x00000001aa2ed000 	/System/Library/Frameworks/Carbon.framework/Versions/A/Frameworks/HIToolbox.framework/Versions/A/HIToolbox
0x00000001a8560000 	/System/Library/Frameworks/QuartzCore.framework/Versions/A/QuartzCore
0x00000001a3731000 	/System/Library/Frameworks/Security.framework/Versions/A/Security
0x00000001b21f3000 	/System/Library/Frameworks/Carbon.framework/Versions/A/Frameworks/SpeechRecognition.framework/Versions/A/SpeechRecognition
0x00000001a88da000 	/System/Library/PrivateFrameworks/CoreUI.framework/Versions/A/CoreUI
0x00000001a300e000 	/System/Library/Frameworks/CoreAudio.framework/Versions/A/CoreAudio
0x00000001a81d4000 	/System/Library/Frameworks/DiskArbitration.framework/Versions/A/DiskArbitration
0x00000001ad7bc000 	/System/Library/PrivateFrameworks/MultitouchSupport.framework/Versions/A/MultitouchSupport
0x00000001a674b000 	/usr/lib/libenergytrace.dylib
0x00000001a40e6000 	/System/Library/Frameworks/IOKit.framework/Versions/A/IOKit
0x00000001b25e2000 	/System/Library/Frameworks/CoreServices.framework/Versions/A/CoreServices
0x00000001a8b14000 	/System/Library/PrivateFrameworks/PerformanceAnalysis.framework/Versions/A/PerformanceAnalysis
0x0000000202aeb000 	/System/Library/Frameworks/OpenGL.framework/Versions/A/OpenGL
0x00000001ab71b000 	/System/Library/PrivateFrameworks/MobileKeyBag.framework/Versions/A/MobileKeyBag
0x00000001a71ba000 	/System/Library/Frameworks/ColorSync.framework/Versions/A/ColorSync
0x00000001a167e000 	/System/Library/Frameworks/CoreFoundation.framework/Versions/A/CoreFoundation
0x00000001aa8bd000 	/System/Library/Frameworks/CoreImage.framework/Versions/A/CoreImage
0x00000001a2e32000 	/System/Library/Frameworks/CoreText.framework/Versions/A/CoreText
0x00000001aa66e000 	/System/Library/Frameworks/ImageIO.framework/Versions/A/ImageIO
0x00000001ac181000 	/System/Library/PrivateFrameworks/SoftLinking.framework/Versions/A/SoftLinking
0x00000001a8bd2000 	/usr/lib/libxml2.2.dylib
0x00000001ac41a000 	/usr/lib/libcompression.dylib
0x00000001ade13000 	/System/Library/PrivateFrameworks/TextureIO.framework/Versions/A/TextureIO
0x00000001acb42000 	/usr/lib/libate.dylib
0x00000001aca07000 	/usr/lib/liblzma.5.dylib
0x00000001a226d000 	/System/Library/Frameworks/SystemConfiguration.framework/Versions/A/SystemConfiguration
0x00000001ac17d000 	/usr/lib/libfakelink.dylib
0x00000001a627f000 	/System/Library/Frameworks/CFNetwork.framework/Versions/A/CFNetwork
0x00000001ac2c3000 	/usr/lib/libarchive.2.dylib
0x00000001aac9d000 	/System/Library/PrivateFrameworks/AppleSystemInfo.framework/Versions/A/AppleSystemInfo
0x00000001ab82e000 	/usr/lib/libbsm.0.dylib
0x00000001a57f0000 	/usr/lib/libnetwork.dylib
0x00000001ac117000 	/usr/lib/system/libkxld.dylib
0x00000001ab441000 	/System/Library/PrivateFrameworks/IOMobileFramebuffer.framework/Versions/A/IOMobileFramebuffer
0x0000000220417000 	/usr/lib/libCoreEntitlements.dylib
0x00000001abe52000 	/System/Library/PrivateFrameworks/AppleFSCompression.framework/Versions/A/AppleFSCompression
0x00000001ab816000 	/usr/lib/libcoretls.dylib
0x00000001aca20000 	/usr/lib/libcoretls_cfhelpers.dylib
0x00000001ac415000 	/usr/lib/libpam.2.dylib
0x00000001a7b13000 	/usr/lib/libsqlite3.dylib
0x00000001aca89000 	/usr/lib/libxar.1.dylib
0x00000001abe63000 	/usr/lib/libbz2.1.0.dylib
0x00000001ac182000 	/usr/lib/libpcap.A.dylib
0x00000001a7ef3000 	/usr/lib/libdns_services.dylib
0x00000001ac3e8000 	/usr/lib/libapple_nghttp2.dylib
0x00000001ac1bf000 	/usr/lib/libiconv.2.dylib
0x00000001ac10d000 	/usr/lib/libcharset.1.dylib
0x00000001a8b50000 	/System/Library/Frameworks/CoreServices.framework/Versions/A/Frameworks/FSEvents.framework/Versions/A/FSEvents
0x00000001a3d6f000 	/System/Library/Frameworks/CoreServices.framework/Versions/A/Frameworks/CarbonCore.framework/Versions/A/CarbonCore
0x00000001a8134000 	/System/Library/Frameworks/CoreServices.framework/Versions/A/Frameworks/Metadata.framework/Versions/A/Metadata
0x00000001abe76000 	/System/Library/Frameworks/CoreServices.framework/Versions/A/Frameworks/OSServices.framework/Versions/A/OSServices
0x00000001ac349000 	/System/Library/Frameworks/CoreServices.framework/Versions/A/Frameworks/SearchKit.framework/Versions/A/SearchKit
0x00000001a7e82000 	/System/Library/Frameworks/CoreServices.framework/Versions/A/Frameworks/AE.framework/Versions/A/AE
0x00000001a1bc4000 	/System/Library/Frameworks/CoreServices.framework/Versions/A/Frameworks/LaunchServices.framework/Versions/A/LaunchServices
0x00000001ac9b0000 	/System/Library/Frameworks/CoreServices.framework/Versions/A/Frameworks/DictionaryServices.framework/Versions/A/DictionaryServices
0x00000001a8b5d000 	/System/Library/Frameworks/CoreServices.framework/Versions/A/Frameworks/SharedFileList.framework/Versions/A/SharedFileList
0x00000001ab806000 	/usr/lib/libCheckFix.dylib
0x00000001a67bc000 	/System/Library/PrivateFrameworks/TCC.framework/Versions/A/TCC
0x00000001aaca3000 	/System/Library/PrivateFrameworks/CoreNLP.framework/Versions/A/CoreNLP
0x00000001a80e2000 	/System/Library/PrivateFrameworks/MetadataUtilities.framework/Versions/A/MetadataUtilities
0x00000001a2326000 	/usr/lib/libmecabra.dylib
0x00000001ab83f000 	/usr/lib/libmecab.dylib
0x00000001a22f2000 	/usr/lib/libCRFSuite.dylib
0x00000001ab89c000 	/usr/lib/libgermantok.dylib
0x00000001ac3c1000 	/usr/lib/libThaiTokenizer.dylib
0x00000001a81dc000 	/System/Library/Frameworks/Accelerate.framework/Versions/A/Frameworks/vImage.framework/Versions/A/vImage
0x00000001b25b9000 	/System/Library/Frameworks/Accelerate.framework/Versions/A/Frameworks/vecLib.framework/Versions/A/vecLib
0x00000001acace000 	/System/Library/Frameworks/Accelerate.framework/Versions/A/Frameworks/vecLib.framework/Versions/A/libvMisc.dylib
0x00000001ab348000 	/System/Library/Frameworks/Accelerate.framework/Versions/A/Frameworks/vecLib.framework/Versions/A/libvDSP.dylib
0x00000001a1f4d000 	/System/Library/Frameworks/Accelerate.framework/Versions/A/Frameworks/vecLib.framework/Versions/A/libBLAS.dylib
0x00000001ac4eb000 	/System/Library/Frameworks/Accelerate.framework/Versions/A/Frameworks/vecLib.framework/Versions/A/libLAPACK.dylib
0x00000001ab89f000 	/System/Library/Frameworks/Accelerate.framework/Versions/A/Frameworks/vecLib.framework/Versions/A/libLinearAlgebra.dylib
0x00000001ac400000 	/System/Library/Frameworks/Accelerate.framework/Versions/A/Frameworks/vecLib.framework/Versions/A/libSparseBLAS.dylib
0x00000001ac4e6000 	/System/Library/Frameworks/Accelerate.framework/Versions/A/Frameworks/vecLib.framework/Versions/A/libQuadrature.dylib
0x00000001aad9c000 	/System/Library/Frameworks/Accelerate.framework/Versions/A/Frameworks/vecLib.framework/Versions/A/libBNNS.dylib
0x00000001a220b000 	/System/Library/Frameworks/Accelerate.framework/Versions/A/Frameworks/vecLib.framework/Versions/A/libSparse.dylib
0x00000001aad94000 	/System/Library/PrivateFrameworks/LinguisticData.framework/Versions/A/LinguisticData
0x00000001a21c3000 	/System/Library/PrivateFrameworks/Lexicon.framework/Versions/A/Lexicon
0x00000001acac6000 	/usr/lib/libChineseTokenizer.dylib
0x00000001a296a000 	/System/Library/PrivateFrameworks/LanguageModeling.framework/Versions/A/LanguageModeling
0x00000001ac3c3000 	/System/Library/PrivateFrameworks/AppleSauce.framework/Versions/A/AppleSauce
0x00000001ab42e000 	/System/Library/PrivateFrameworks/CoreEmoji.framework/Versions/A/CoreEmoji
0x00000001ac2b1000 	/usr/lib/libcmph.dylib
0x00000001a8b30000 	/System/Library/Frameworks/OpenDirectory.framework/Versions/A/Frameworks/CFOpenDirectory.framework/Versions/A/CFOpenDirectory
0x00000001a8b20000 	/System/Library/Frameworks/OpenDirectory.framework/Versions/A/OpenDirectory
0x00000001aca22000 	/System/Library/PrivateFrameworks/APFS.framework/Versions/A/APFS
0x00000001ab756000 	/System/Library/Frameworks/SecurityFoundation.framework/Versions/A/SecurityFoundation
0x00000001aca98000 	/usr/lib/libutil.dylib
0x00000001a40a8000 	/System/Library/PrivateFrameworks/CoreServicesStore.framework/Versions/A/CoreServicesStore
0x00000001aca9c000 	/usr/lib/libxslt.1.dylib
0x00000001ab7ea000 	/System/Library/PrivateFrameworks/BackgroundTaskManagement.framework/Versions/A/BackgroundTaskManagement
0x00000001add34000 	/System/Library/Frameworks/ImageIO.framework/Versions/A/Resources/libRadiance.dylib
0x00000001add3d000 	/System/Library/Frameworks/ImageIO.framework/Versions/A/Resources/libJPEG.dylib
0x00000001adc90000 	/System/Library/Frameworks/ImageIO.framework/Versions/A/Resources/libPng.dylib
0x00000001adcb2000 	/System/Library/Frameworks/ImageIO.framework/Versions/A/Resources/libTIFF.dylib
0x00000001add98000 	/System/Library/Frameworks/ImageIO.framework/Versions/A/Resources/libGIF.dylib
0x00000001ad6cc000 	/System/Library/Frameworks/ImageIO.framework/Versions/A/Resources/libJP2.dylib
0x00000001acdee000 	/usr/lib/libexpat.1.dylib
0x00000001ad687000 	/System/Library/PrivateFrameworks/AppleJPEG.framework/Versions/A/AppleJPEG
0x00000001aa1a9000 	/System/Library/PrivateFrameworks/FontServices.framework/libFontParser.dylib
0x00000001a7e27000 	/System/Library/PrivateFrameworks/RunningBoardServices.framework/Versions/A/RunningBoardServices
0x00000001b86a5000 	/System/Library/PrivateFrameworks/IOSurfaceAccelerator.framework/Versions/A/IOSurfaceAccelerator
0x00000001ad7b8000 	/System/Library/PrivateFrameworks/WatchdogClient.framework/Versions/A/WatchdogClient
0x00000001a2a6e000 	/System/Library/Frameworks/CoreDisplay.framework/Versions/A/CoreDisplay
0x00000001aa093000 	/System/Library/Frameworks/CoreMedia.framework/Versions/A/CoreMedia
0x00000001a9f20000 	/System/Library/PrivateFrameworks/IOAccelerator.framework/Versions/A/IOAccelerator
0x00000001a8cc0000 	/System/Library/Frameworks/CoreVideo.framework/Versions/A/CoreVideo
0x00000001ac413000 	/System/Library/Frameworks/MetalPerformanceShaders.framework/Versions/A/MetalPerformanceShaders
0x00000001ad7f7000 	/System/Library/Frameworks/VideoToolbox.framework/Versions/A/VideoToolbox
0x00000001a7d6b000 	/System/Library/PrivateFrameworks/BaseBoard.framework/Versions/A/BaseBoard
0x00000001a7af9000 	/System/Library/PrivateFrameworks/ProtocolBuffer.framework/Versions/A/ProtocolBuffer
0x00000001add2f000 	/System/Library/PrivateFrameworks/GPUWrangler.framework/Versions/A/GPUWrangler
0x00000001add0f000 	/System/Library/PrivateFrameworks/IOPresentment.framework/Versions/A/IOPresentment
0x00000001add37000 	/System/Library/PrivateFrameworks/DSExternalDisplay.framework/Versions/A/DSExternalDisplay
0x0000000202ade000 	/System/Library/Frameworks/OpenGL.framework/Versions/A/Libraries/libCoreFSCache.dylib
0x000000020cf9d000 	/System/Library/PrivateFrameworks/GPUCompiler.framework/Versions/31001/Libraries/libGPUCompilerUtils.dylib
0x00000001add9d000 	/System/Library/PrivateFrameworks/CMCaptureCore.framework/Versions/A/CMCaptureCore
0x00000001ad39f000 	/System/Library/PrivateFrameworks/AppServerSupport.framework/Versions/A/AppServerSupport
0x00000001af620000 	/System/Library/PrivateFrameworks/perfdata.framework/Versions/A/perfdata
0x00000001a2b8e000 	/System/Library/PrivateFrameworks/AudioToolboxCore.framework/Versions/A/AudioToolboxCore
0x00000001aa06c000 	/System/Library/PrivateFrameworks/caulk.framework/Versions/A/caulk
0x00000001aef15000 	/usr/lib/libAudioStatistics.dylib
0x00000001c0e6a000 	/System/Library/PrivateFrameworks/SystemPolicy.framework/Versions/A/SystemPolicy
0x00000001af181000 	/usr/lib/libSMC.dylib
0x00000001b7eb4000 	/System/Library/Frameworks/CoreMIDI.framework/Versions/A/CoreMIDI
0x00000001adc5e000 	/usr/lib/libAudioToolboxUtility.dylib
0x00000001bcf37000 	/System/Library/PrivateFrameworks/OSAServicesClient.framework/Versions/A/OSAServicesClient
0x00000001af62d000 	/usr/lib/libperfcheck.dylib
0x00000001c1982000 	/usr/lib/libmis.dylib
0x0000000202b40000 	/System/Library/Frameworks/OpenGL.framework/Versions/A/Libraries/libGLU.dylib
0x0000000202aff000 	/System/Library/Frameworks/OpenGL.framework/Versions/A/Libraries/libGFXShared.dylib
0x0000000202cec000 	/System/Library/Frameworks/OpenGL.framework/Versions/A/Libraries/libGL.dylib
0x0000000202b08000 	/System/Library/Frameworks/OpenGL.framework/Versions/A/Libraries/libGLImage.dylib
0x0000000202afc000 	/System/Library/Frameworks/OpenGL.framework/Versions/A/Libraries/libCVMSPluginSupport.dylib
0x0000000202ae5000 	/System/Library/Frameworks/OpenGL.framework/Versions/A/Libraries/libCoreVMClient.dylib
0x00000001aac1d000 	/System/Library/Frameworks/MetalPerformanceShaders.framework/Versions/A/Frameworks/MPSCore.framework/Versions/A/MPSCore
0x00000001abdc5000 	/System/Library/Frameworks/MetalPerformanceShaders.framework/Versions/A/Frameworks/MPSImage.framework/Versions/A/MPSImage
0x00000001ab8b4000 	/System/Library/Frameworks/MetalPerformanceShaders.framework/Versions/A/Frameworks/MPSNeuralNetwork.framework/Versions/A/MPSNeuralNetwork
0x00000001abced000 	/System/Library/Frameworks/MetalPerformanceShaders.framework/Versions/A/Frameworks/MPSMatrix.framework/Versions/A/MPSMatrix
0x00000001abac6000 	/System/Library/Frameworks/MetalPerformanceShaders.framework/Versions/A/Frameworks/MPSRayIntersector.framework/Versions/A/MPSRayIntersector
0x00000001abd1e000 	/System/Library/Frameworks/MetalPerformanceShaders.framework/Versions/A/Frameworks/MPSNDArray.framework/Versions/A/MPSNDArray
0x0000000204c57000 	/System/Library/Frameworks/MetalPerformanceShaders.framework/Versions/A/Frameworks/MPSFunctions.framework/Versions/A/MPSFunctions
0x00000001a1e24000 	/System/Library/PrivateFrameworks/MetalTools.framework/Versions/A/MetalTools
0x00000001aac9b000 	/System/Library/PrivateFrameworks/AggregateDictionary.framework/Versions/A/AggregateDictionary
0x00000001acbd3000 	/usr/lib/libIOReport.dylib
0x00000001b6ed2000 	/System/Library/PrivateFrameworks/ASEProcessing.framework/Versions/A/ASEProcessing
0x00000001acf48000 	/System/Library/PrivateFrameworks/FaceCore.framework/Versions/A/FaceCore
0x00000001acf3a000 	/System/Library/PrivateFrameworks/GraphVisualizer.framework/Versions/A/GraphVisualizer
0x000000020ceb4000 	/System/Library/PrivateFrameworks/FontServices.framework/Versions/A/FontServices
0x00000001ad35b000 	/System/Library/PrivateFrameworks/OTSVG.framework/Versions/A/OTSVG
0x00000001a888a000 	/System/Library/Frameworks/ApplicationServices.framework/Versions/A/Frameworks/ATS.framework/Versions/A/Resources/libFontRegistry.dylib
0x00000001ad3a8000 	/System/Library/PrivateFrameworks/FontServices.framework/libhvf.dylib
0x000000020ceb5000 	/System/Library/PrivateFrameworks/FontServices.framework/libXTFontStaticRegistryData.dylib
0x0000000202e8d000 	/System/Library/Frameworks/OpenCL.framework/Versions/A/OpenCL
0x00000001acda2000 	/System/Library/PrivateFrameworks/AppleVA.framework/Versions/A/AppleVA
0x00000001aef3d000 	/System/Library/Frameworks/ApplicationServices.framework/Versions/A/Frameworks/ATS.framework/Versions/A/ATS
0x00000001a72b7000 	/System/Library/Frameworks/ApplicationServices.framework/Versions/A/Frameworks/HIServices.framework/Versions/A/HIServices
0x00000001adda7000 	/System/Library/Frameworks/ApplicationServices.framework/Versions/A/Frameworks/PrintCore.framework/Versions/A/PrintCore
0x00000001af2d4000 	/System/Library/Frameworks/ApplicationServices.framework/Versions/A/Frameworks/QD.framework/Versions/A/QD
0x00000001af2cc000 	/System/Library/Frameworks/ApplicationServices.framework/Versions/A/Frameworks/ColorSyncLegacy.framework/Versions/A/ColorSyncLegacy
0x00000001aef29000 	/System/Library/Frameworks/ApplicationServices.framework/Versions/A/Frameworks/SpeechSynthesis.framework/Versions/A/SpeechSynthesis
0x00000001add68000 	/System/Library/Frameworks/ApplicationServices.framework/Versions/A/Frameworks/ATSUI.framework/Versions/A/ATSUI
0x00000001af261000 	/usr/lib/libcups.2.dylib
0x00000001af63b000 	/System/Library/Frameworks/Kerberos.framework/Versions/A/Kerberos
0x00000001af64c000 	/System/Library/Frameworks/GSS.framework/Versions/A/GSS
0x00000001aefad000 	/usr/lib/libresolv.9.dylib
0x00000001ad3b7000 	/System/Library/PrivateFrameworks/Heimdal.framework/Versions/A/Heimdal
0x00000001b6107000 	/System/Library/Frameworks/Kerberos.framework/Versions/A/Libraries/libHeimdalProxy.dylib
0x00000001a7f05000 	/System/Library/Frameworks/Network.framework/Versions/A/Network
0x00000001ace09000 	/usr/lib/libheimdal-asn1.dylib
0x00000001af69c000 	/System/Library/PrivateFrameworks/CommonAuth.framework/Versions/A/CommonAuth
0x00000001aeea3000 	/System/Library/PrivateFrameworks/AudioSession.framework/Versions/A/AudioSession
0x00000001ace9b000 	/System/Library/PrivateFrameworks/MediaExperience.framework/Versions/A/MediaExperience
0x00000001aed29000 	/System/Library/PrivateFrameworks/AudioSession.framework/libSessionUtility.dylib
0x00000001af2e0000 	/System/Library/PrivateFrameworks/AudioResourceArbitration.framework/Versions/A/AudioResourceArbitration
0x00000001b3496000 	/System/Library/PrivateFrameworks/PowerLog.framework/Versions/A/PowerLog
0x00000001ace13000 	/System/Library/PrivateFrameworks/IconFoundation.framework/Versions/A/IconFoundation
0x00000001b21df000 	/System/Library/PrivateFrameworks/SpeechRecognitionCore.framework/Versions/A/SpeechRecognitionCore
0x0000000107808000 	/Users/annetorgersen/.vscode/extensions/redhat.java-1.9.0-darwin-arm64/jre/17.0.3-macosx-aarch64/lib/server/libjvm.dylib
0x00000001023c0000 	/Users/annetorgersen/.vscode/extensions/redhat.java-1.9.0-darwin-arm64/jre/17.0.3-macosx-aarch64/lib/libjimage.dylib
0x0000000102448000 	/Users/annetorgersen/.vscode/extensions/redhat.java-1.9.0-darwin-arm64/jre/17.0.3-macosx-aarch64/lib/libjava.dylib
0x000000010277c000 	/Users/annetorgersen/.vscode/extensions/redhat.java-1.9.0-darwin-arm64/jre/17.0.3-macosx-aarch64/lib/libzip.dylib
0x00000001027b4000 	/Users/annetorgersen/.vscode/extensions/redhat.java-1.9.0-darwin-arm64/jre/17.0.3-macosx-aarch64/lib/libnio.dylib
0x0000000107700000 	/Users/annetorgersen/.vscode/extensions/redhat.java-1.9.0-darwin-arm64/jre/17.0.3-macosx-aarch64/lib/libnet.dylib
0x0000000102794000 	/Users/annetorgersen/.openjfx/cache/17-ea/libprism_es2.dylib
0x00000001a406b000 	/System/Library/PrivateFrameworks/CoreServicesInternal.framework/Versions/A/CoreServicesInternal
0x0000000202cf6000 	/System/Library/Frameworks/OpenGL.framework/Versions/A/Resources/GLEngine.bundle/GLEngine
0x0000000202b7e000 	/System/Library/Frameworks/OpenGL.framework/Versions/A/Libraries/libGLProgrammability.dylib
0x000000011144c000 	/System/Library/Extensions/AppleMetalOpenGLRenderer.bundle/Contents/MacOS/AppleMetalOpenGLRenderer
0x0000000202e65000 	/System/Library/Frameworks/OpenGL.framework/Versions/A/Resources/GLRendererFloat.bundle/GLRendererFloat
0x0000000202f65000 	/System/Library/Extensions/AGXMetal13_3.bundle/Contents/MacOS/AGXMetal13_3
0x00000001c199e000 	/System/Library/PrivateFrameworks/GPURawCounter.framework/Versions/A/GPURawCounter
0x00000001bc0a8000 	/System/Library/PrivateFrameworks/IOGPU.framework/Versions/A/IOGPU
0x0000000115500000 	/Users/annetorgersen/.openjfx/cache/17-ea/libglass.dylib
0x00000001b36ee000 	/System/Library/Frameworks/FileProvider.framework/Versions/A/FileProvider
0x00000001a7cd3000 	/System/Library/Frameworks/Accounts.framework/Versions/A/Accounts
0x00000001b3872000 	/System/Library/PrivateFrameworks/GenerationalStorage.framework/Versions/A/GenerationalStorage
0x00000001b4435000 	/System/Library/PrivateFrameworks/CoreSymbolication.framework/Versions/A/CoreSymbolication
0x00000001b348a000 	/System/Library/PrivateFrameworks/SymptomDiagnosticReporter.framework/Versions/A/SymptomDiagnosticReporter
0x00000001a535b000 	/System/Library/PrivateFrameworks/DesktopServicesPriv.framework/Versions/A/DesktopServicesPriv
0x00000001a41cd000 	/usr/lib/libsandbox.1.dylib
0x00000001a8d4e000 	/System/Library/PrivateFrameworks/UserManagement.framework/Versions/A/UserManagement
0x00000001b43f2000 	/System/Library/PrivateFrameworks/DebugSymbols.framework/Versions/A/DebugSymbols
0x00000001af2bf000 	/System/Library/PrivateFrameworks/NetAuth.framework/Versions/A/NetAuth
0x00000001b01dd000 	/System/Library/PrivateFrameworks/Sharing.framework/Versions/A/Sharing
0x00000001a8d1e000 	/System/Library/PrivateFrameworks/login.framework/Versions/A/Frameworks/loginsupport.framework/Versions/A/loginsupport
0x00000001b5627000 	/System/Library/PrivateFrameworks/Apple80211.framework/Versions/A/Apple80211
0x00000001abea9000 	/System/Library/PrivateFrameworks/AuthKit.framework/Versions/A/AuthKit
0x00000001ab52a000 	/System/Library/PrivateFrameworks/CoreUtils.framework/Versions/A/CoreUtils
0x00000001ab44d000 	/System/Library/Frameworks/CoreWLAN.framework/Versions/A/CoreWLAN
0x00000001b034d000 	/System/Library/Frameworks/IOBluetooth.framework/Versions/A/IOBluetooth
0x00000001b5687000 	/System/Library/PrivateFrameworks/CoreWiFi.framework/Versions/A/CoreWiFi
0x00000001b3fd2000 	/System/Library/PrivateFrameworks/FrontBoardServices.framework/Versions/A/FrontBoardServices
0x00000001b406a000 	/System/Library/PrivateFrameworks/BoardServices.framework/Versions/A/BoardServices
0x00000001ab744000 	/System/Library/PrivateFrameworks/AssertionServices.framework/Versions/A/AssertionServices
0x00000001b5804000 	/System/Library/PrivateFrameworks/BackBoardServices.framework/Versions/A/BackBoardServices
0x00000001af733000 	/System/Library/PrivateFrameworks/CorePhoneNumbers.framework/Versions/A/CorePhoneNumbers
0x00000001b35ba000 	/System/Library/PrivateFrameworks/DiskManagement.framework/Versions/A/DiskManagement
0x00000001b34bd000 	/System/Library/PrivateFrameworks/AppleIDAuthSupport.framework/Versions/A/AppleIDAuthSupport
0x000000020747e000 	/System/Library/PrivateFrameworks/AAAFoundation.framework/Versions/A/AAAFoundation
0x00000001af712000 	/System/Library/PrivateFrameworks/KeychainCircle.framework/Versions/A/KeychainCircle
0x00000001b3586000 	/System/Library/PrivateFrameworks/MediaKit.framework/Versions/A/MediaKit
0x00000001b34ca000 	/System/Library/Frameworks/DiscRecording.framework/Versions/A/DiscRecording
0x00000001acd1e000 	/usr/lib/libCoreStorage.dylib
0x00000001b5b01000 	/usr/lib/libcsfde.dylib
0x00000001b0422000 	/System/Library/PrivateFrameworks/ProtectedCloudStorage.framework/Versions/A/ProtectedCloudStorage
0x00000001b5af9000 	/System/Library/PrivateFrameworks/EFILogin.framework/Versions/A/EFILogin
0x00000001b3899000 	/System/Library/PrivateFrameworks/OctagonTrust.framework/Versions/A/OctagonTrust
0x000000020c04f000 	/System/Library/PrivateFrameworks/CoreUtilsExtras.framework/Versions/A/CoreUtilsExtras
0x00000001b33ef000 	/System/Library/Frameworks/CoreBluetooth.framework/Versions/A/CoreBluetooth
0x00000001b618c000 	/System/Library/Frameworks/AudioUnit.framework/Versions/A/AudioUnit
0x00000001acd16000 	/usr/lib/libMatch.1.dylib
0x00000001c5e4a000 	/System/Library/Frameworks/Accelerate.framework/Versions/A/Frameworks/vImage.framework/Versions/A/Libraries/libCGInterfaces.dylib
0x00000001157dc000 	/usr/lib/libobjc-trampolines.dylib
0x00000001a8a18000 	/System/Library/PrivateFrameworks/ViewBridge.framework/Versions/A/ViewBridge
0x0000000117de4000 	/Users/annetorgersen/.openjfx/cache/17-ea/libjavafx_font.dylib
0x00000001ad47a000 	/System/Library/PrivateFrameworks/login.framework/Versions/A/login
0x0000000220595000 	/usr/lib/libRosetta.dylib
0x00000001b2908000 	/System/Library/PrivateFrameworks/SystemAdministration.framework/Versions/A/SystemAdministration
0x00000001adfae000 	/System/Library/Frameworks/MediaToolbox.framework/Versions/A/MediaToolbox
0x00000001b21a7000 	/System/Library/Frameworks/DirectoryService.framework/Versions/A/DirectoryService
0x00000001b598e000 	/System/Library/PrivateFrameworks/DiskImages.framework/Versions/A/DiskImages
0x00000001ab7f5000 	/System/Library/Frameworks/ServiceManagement.framework/Versions/A/ServiceManagement
0x00000001b5b77000 	/System/Library/PrivateFrameworks/LoginUIKit.framework/Versions/A/Frameworks/LoginUICore.framework/Versions/A/LoginUICore
0x00000001ad630000 	/usr/lib/libodfde.dylib
0x00000001b36ba000 	/System/Library/PrivateFrameworks/CoreAVCHD.framework/Versions/A/CoreAVCHD
0x00000001b28ca000 	/System/Library/Frameworks/MediaAccessibility.framework/Versions/A/MediaAccessibility
0x00000001b36b6000 	/System/Library/PrivateFrameworks/Mangrove.framework/Versions/A/Mangrove
0x00000001b28d7000 	/System/Library/PrivateFrameworks/AlgosScoreFramework.framework/Versions/A/AlgosScoreFramework
0x000000020913a000 	/System/Library/PrivateFrameworks/CMPhoto.framework/Versions/A/CMPhoto
0x00000001b36aa000 	/System/Library/PrivateFrameworks/CoreAUC.framework/Versions/A/CoreAUC
0x00000001b5b0d000 	/usr/lib/libcurl.4.dylib
0x000000022093d000 	/usr/lib/libcrypto.46.dylib
0x0000000220de2000 	/usr/lib/libssl.48.dylib
0x00000001b5824000 	/System/Library/Frameworks/LDAP.framework/Versions/A/LDAP
0x00000001b5860000 	/System/Library/PrivateFrameworks/TrustEvaluationAgent.framework/Versions/A/TrustEvaluationAgent
0x00000001aefc6000 	/usr/lib/libsasl2.2.dylib
0x00000001b28fd000 	/System/Library/PrivateFrameworks/CoreDaemon.framework/Versions/B/CoreDaemon
0x00000001b28f7000 	/System/Library/PrivateFrameworks/AppleSRP.framework/Versions/A/AppleSRP


VM Arguments:
jvm_args: -XX:+ShowCodeDetailsInExceptionMessages -Dfile.encoding=UTF-8 --module-path=/Users/annetorgersen/Desktop/Objektorientertprogrammering/TDT4100_prosjekt/target/classes:/Users/annetorgersen/.m2/repository/org/openjfx/javafx-fxml/17-ea+8/javafx-fxml-17-ea+8-mac-aarch64.jar:/Users/annetorgersen/.m2/repository/org/openjfx/javafx-controls/17-ea+8/javafx-controls-17-ea+8-mac-aarch64.jar:/Users/annetorgersen/.m2/repository/org/openjfx/javafx-graphics/17-ea+8/javafx-graphics-17-ea+8-mac-aarch64.jar:/Users/annetorgersen/.m2/repository/org/openjfx/javafx-base/17-ea+8/javafx-base-17-ea+8-mac-aarch64.jar -Djdk.module.main=TDT4100_project 
java_command: TDT4100_project/promillekalkulator.App
java_class_path (initial): /Users/annetorgersen/.m2/repository/org/openjfx/javafx-fxml/17-ea+8/javafx-fxml-17-ea+8.jar:/Users/annetorgersen/.m2/repository/org/openjfx/javafx-controls/17-ea+8/javafx-controls-17-ea+8.jar:/Users/annetorgersen/.m2/repository/org/openjfx/javafx-graphics/17-ea+8/javafx-graphics-17-ea+8.jar:/Users/annetorgersen/.m2/repository/org/openjfx/javafx-base/17-ea+8/javafx-base-17-ea+8.jar:/Users/annetorgersen/.m2/repository/org/junit/jupiter/junit-jupiter-engine/5.7.0/junit-jupiter-engine-5.7.0.jar:/Users/annetorgersen/.m2/repository/org/apiguardian/apiguardian-api/1.1.0/apiguardian-api-1.1.0.jar:/Users/annetorgersen/.m2/repository/org/junit/platform/junit-platform-engine/1.7.0/junit-platform-engine-1.7.0.jar:/Users/annetorgersen/.m2/repository/org/opentest4j/opentest4j/1.2.0/opentest4j-1.2.0.jar:/Users/annetorgersen/.m2/repository/org/junit/platform/junit-platform-commons/1.7.0/junit-platform-commons-1.7.0.jar:/Users/annetorgersen/.m2/repository/org/junit/jupiter/junit-jupiter-api/5.7.0/junit-jupiter-api-5.7.0.jar
Launcher Type: SUN_STANDARD

[Global flags]
     intx CICompilerCount                          = 4                                         {product} {ergonomic}
     uint ConcGCThreads                            = 2                                         {product} {ergonomic}
     uint G1ConcRefinementThreads                  = 8                                         {product} {ergonomic}
   size_t G1HeapRegionSize                         = 1048576                                   {product} {ergonomic}
    uintx GCDrainStackTargetSize                   = 64                                        {product} {ergonomic}
   size_t InitialHeapSize                          = 134217728                                 {product} {ergonomic}
   size_t MarkStackSize                            = 4194304                                   {product} {ergonomic}
   size_t MaxHeapSize                              = 2147483648                                {product} {ergonomic}
   size_t MaxNewSize                               = 1287651328                                {product} {ergonomic}
   size_t MinHeapDeltaBytes                        = 1048576                                   {product} {ergonomic}
   size_t MinHeapSize                              = 8388608                                   {product} {ergonomic}
    uintx NonNMethodCodeHeapSize                   = 5839564                                {pd product} {ergonomic}
    uintx NonProfiledCodeHeapSize                  = 122909338                              {pd product} {ergonomic}
    uintx ProfiledCodeHeapSize                     = 122909338                              {pd product} {ergonomic}
    uintx ReservedCodeCacheSize                    = 251658240                              {pd product} {ergonomic}
     bool SegmentedCodeCache                       = true                                      {product} {ergonomic}
     bool ShowCodeDetailsInExceptionMessages       = true                                   {manageable} {command line}
   size_t SoftMaxHeapSize                          = 2147483648                             {manageable} {ergonomic}
     bool UseCompressedClassPointers               = true                           {product lp64_product} {ergonomic}
     bool UseCompressedOops                        = true                           {product lp64_product} {ergonomic}
     bool UseG1GC                                  = true                                      {product} {ergonomic}
     bool UseNUMA                                  = false                                     {product} {ergonomic}
     bool UseNUMAInterleaving                      = false                                     {product} {ergonomic}

Logging:
Log output configuration:
 #0: stdout all=warning uptime,level,tags
 #1: stderr all=off uptime,level,tags

Environment Variables:
PATH=/usr/local/bin:/usr/bin:/bin:/usr/sbin:/sbin
SHELL=/bin/zsh

Signal Handlers:
   SIGSEGV: _ZL13crash_handleriP9__siginfoPv in libjvm.dylib, mask=11100110000111110111111111111111, flags=SA_RESTART|SA_SIGINFO
    SIGBUS: _ZL13crash_handleriP9__siginfoPv in libjvm.dylib, mask=11100110000111110111111111111111, flags=SA_RESTART|SA_SIGINFO
    SIGFPE: _ZL13crash_handleriP9__siginfoPv in libjvm.dylib, mask=11100110000111110111111111111111, flags=SA_RESTART|SA_SIGINFO
   SIGPIPE: _ZL17javaSignalHandleriP9__siginfoPv in libjvm.dylib, mask=11100110000111110111111111111111, flags=SA_RESTART|SA_SIGINFO
   SIGXFSZ: _ZL17javaSignalHandleriP9__siginfoPv in libjvm.dylib, mask=11100110000111110111111111111111, flags=SA_RESTART|SA_SIGINFO
    SIGILL: _ZL13crash_handleriP9__siginfoPv in libjvm.dylib, mask=11100110000111110111111111111111, flags=SA_RESTART|SA_SIGINFO
   SIGUSR2: _ZL10SR_handleriP9__siginfoP17__darwin_ucontext in libjvm.dylib, mask=00100000000000000000000000000000, flags=SA_RESTART|SA_SIGINFO
    SIGHUP: _ZL11UserHandleriPvS_ in libjvm.dylib, mask=11100110000111110111111111111111, flags=SA_RESTART|SA_SIGINFO
    SIGINT: _ZL11UserHandleriPvS_ in libjvm.dylib, mask=11100110000111110111111111111111, flags=SA_RESTART|SA_SIGINFO
   SIGTERM: _ZL11UserHandleriPvS_ in libjvm.dylib, mask=11100110000111110111111111111111, flags=SA_RESTART|SA_SIGINFO
   SIGQUIT: _ZL11UserHandleriPvS_ in libjvm.dylib, mask=11100110000111110111111111111111, flags=SA_RESTART|SA_SIGINFO
  *** Handler was modified!
  *** Expected: _ZL17javaSignalHandleriP9__siginfoPv in libjvm.dylib, mask=11100110100111111111111111111111, flags=SA_RESTART|SA_SIGINFO
   SIGTRAP: _ZL13crash_handleriP9__siginfoPv in libjvm.dylib, mask=11100110000111110111111111111111, flags=SA_RESTART|SA_SIGINFO


---------------  S Y S T E M  ---------------

OS:
uname: Darwin 21.4.0 Darwin Kernel Version 21.4.0: Mon Feb 21 20:36:53 PST 2022; root:xnu-8020.101.4~2/RELEASE_ARM64_T8101 arm64
OS uptime: 1 days 7:34 hours
rlimit (soft/hard): STACK 8176k/65520k , CORE 0k/infinity , NPROC 1333/2000 , NOFILE 10240/infinity , AS infinity/infinity , CPU infinity/infinity , DATA infinity/infinity , FSIZE infinity/infinity , MEMLOCK infinity/infinity , RSS infinity/infinity
load average: 1.64 1.81 1.82

CPU: total 8 (initial active 8) 0x61:0x0:0x1b588bb3:0, fp, simd, crc, lse

Memory: 16k page, physical 8388608k(82112k free), swap 3145728k(501760k free)

vm_info: OpenJDK 64-Bit Server VM (17.0.3+7) for bsd-aarch64 JRE (17.0.3+7), built on Apr 19 2022 22:59:25 by "jenkins" with clang Apple LLVM 12.0.0 (clang-1200.0.32.29)

END.
