#
# A fatal error has been detected by the Java Runtime Environment:
#
#  SIGBUS (0xa) at pc=0x000000010bc4d4f0, pid=26104, tid=30219
#
# JRE version: OpenJDK Runtime Environment Temurin-17.0.3+7 (17.0.3+7) (build 17.0.3+7)
# Java VM: OpenJDK 64-Bit Server VM Temurin-17.0.3+7 (17.0.3+7, mixed mode, tiered, compressed oops, compressed class ptrs, g1 gc, bsd-aarch64)
# Problematic frame:
# v  ~StubRoutines::SafeFetchN
#
# No core dump will be written. Core dumps have been disabled. To enable core dumping, try "ulimit -c unlimited" before starting Java again
#
# If you would like to submit a bug report, please visit:
#   https://github.com/adoptium/adoptium-support/issues
# The crash happened outside the Java Virtual Machine in native code.
# See problematic frame for where to report the bug.
#

---------------  S U M M A R Y ------------

Command Line: -XX:+ShowCodeDetailsInExceptionMessages -Dfile.encoding=UTF-8 --module-path=/Users/annetorgersen/Desktop/Objektorientertprogrammering/TDT4100_prosjekt/target/classes:/Users/annetorgersen/.m2/repository/org/openjfx/javafx-fxml/17-ea+8/javafx-fxml-17-ea+8-mac-aarch64.jar:/Users/annetorgersen/.m2/repository/org/openjfx/javafx-controls/17-ea+8/javafx-controls-17-ea+8-mac-aarch64.jar:/Users/annetorgersen/.m2/repository/org/openjfx/javafx-graphics/17-ea+8/javafx-graphics-17-ea+8-mac-aarch64.jar:/Users/annetorgersen/.m2/repository/org/openjfx/javafx-base/17-ea+8/javafx-base-17-ea+8-mac-aarch64.jar -Djdk.module.main=TDT4100_project TDT4100_project/promillekalkulator.App

Host: "MacBookAir10,1" arm64, 8 cores, 8G, Darwin 21.4.0, macOS 12.3 (21E230)
Time: Wed Aug 10 20:20:15 2022 CEST elapsed time: 7.384933 seconds (0d 0h 0m 7s)

---------------  T H R E A D  ---------------

Current thread (0x00000001312afa00):  JavaThread "InvokeLaterDispatcher" daemon [_thread_in_native, id=30219, stack(0x00000001702a8000,0x00000001704ab000)]

Stack: [0x00000001702a8000,0x00000001704ab000],  sp=0x00000001704aa780,  free space=2057k
Native frames: (J=compiled Java code, j=interpreted, Vv=VM code, C=native code)
v  ~StubRoutines::SafeFetchN
V  [libjvm.dylib+0x7ba8fc]  _ZN10OopStorage7releaseEPKP7oopDesc+0x20
V  [libjvm.dylib+0x4c55f0]  jni_DeleteGlobalRef+0xd8
C  [libglass.dylib+0xa880]  -[GlassRunnable dealloc]+0x34
C  [Foundation+0x85618]  -[_NSThreadPerformInfo dealloc]+0x30
C  [Foundation+0x5198c]  -[NSObject(NSThreadPerformAdditions) performSelectorOnMainThread:withObject:waitUntilDone:]+0x88
C  0xaa1a80010bc558ac
j  com.sun.glass.ui.mac.MacApplication.submitForLaterInvocation(Ljava/lang/Runnable;)V+2 javafx.graphics
j  com.sun.glass.ui.InvokeLaterDispatcher.run()V+82 javafx.graphics
v  ~StubRoutines::call_stub
V  [libjvm.dylib+0x46a690]  _ZN9JavaCalls11call_helperEP9JavaValueRK12methodHandleP17JavaCallArgumentsP10JavaThread+0x38c
V  [libjvm.dylib+0x4696ac]  _ZN9JavaCalls12call_virtualEP9JavaValueP5KlassP6SymbolS5_P17JavaCallArgumentsP10JavaThread+0x11c
V  [libjvm.dylib+0x469778]  _ZN9JavaCalls12call_virtualEP9JavaValue6HandleP5KlassP6SymbolS6_P10JavaThread+0x64
V  [libjvm.dylib+0x521de4]  _ZL12thread_entryP10JavaThreadS0_+0xc4
V  [libjvm.dylib+0x9a2540]  _ZN10JavaThread17thread_main_innerEv+0x13c
V  [libjvm.dylib+0x9a0c1c]  _ZN6Thread8call_runEv+0x128
V  [libjvm.dylib+0x7c1708]  _ZL19thread_native_entryP6Thread+0x158
C  [libsystem_pthread.dylib+0x726c]  _pthread_start+0x94

Java frames: (J=compiled Java code, j=interpreted, Vv=VM code)
j  com.sun.glass.ui.mac.MacApplication._submitForLaterInvocation(Ljava/lang/Runnable;)V+0 javafx.graphics
j  com.sun.glass.ui.mac.MacApplication.submitForLaterInvocation(Ljava/lang/Runnable;)V+2 javafx.graphics
j  com.sun.glass.ui.InvokeLaterDispatcher.run()V+82 javafx.graphics
v  ~StubRoutines::call_stub

siginfo: si_signo: 10 (SIGBUS), si_code: 1 (BUS_ADRALN), si_addr: 0x000000010bc4d4f0

Register to memory mapping:

 x0=0x0000000130f1e2c8 is a global jni handle
 x1=0x0 is NULL
 x2=0x0000000785582c10 is an oop: com.sun.glass.ui.InvokeLaterDispatcher$Future 
{0x0000000785582c10} - klass: 'com/sun/glass/ui/InvokeLaterDispatcher$Future'
 - ---- fields (total size 3 words):
 - private 'done' 'Z' @12  true
 - private final 'runnable' 'Ljava/lang/Runnable;' @16  a 'com/sun/javafx/tk/quantum/QuantumToolkit$$Lambda$83+0x00000008000f8000'{0x000000078005f4b0} (f000be96)
 - final synthetic 'this$0' 'Lcom/sun/glass/ui/InvokeLaterDispatcher;' @20  a 'com/sun/glass/ui/InvokeLaterDispatcher'{0x000000078005f2a8} (f000be55)
 x3=0x0 is NULL
 x4=0x00000000000130a8 is an unknown value
 x5=0x0 is NULL
 x6=0x0 is NULL
 x7=0x0 is NULL
 x8=0x000000010bc4d4ec is at begin+0 in a stub
StubRoutines::SafeFetchN [0x000000010bc4d4ec, 0x000000010bc4d4f8] (12 bytes)
 x9=0x0 is NULL
x10=0x2010000030300000 is an unknown value
x11=0x0000000000000007 is an unknown value
x12=0x0000000000000004 is an unknown value
x13=0x0000000130fa5890 points into unknown readable memory: 0x0000000000000000 | 00 00 00 00 00 00 00 00
x14=0x00001b0000000000 is an unknown value
x15=0x0000000120ee5f98: OBJC_CLASS_$_GlassRunnable+0 in /Users/annetorgersen/.openjfx/cache/17-ea/libglass.dylib at 0x0000000120ea0000
x16=0x00000001a16310fc: pthread_getspecific+0 in /usr/lib/system/libsystem_pthread.dylib at 0x00000001a162f000
x17=0x0000000130e928c0 points into unknown readable memory: 0xfffffffffffffffe | fe ff ff ff ff ff ff ff
x18=0x0 is NULL
x19=0x0000000130e2bf90 points into unknown readable memory: 0x0000000130e16740 | 40 67 e1 30 01 00 00 00
x20=0x0000000130f1e0c0 points into unknown readable memory: 0x0000000000000053 | 53 00 00 00 00 00 00 00
x21=0x0000000130f1e2c8 is a global jni handle
x22=0x00000001312afa00 is a thread
x23=0x0000000000000001 is an unknown value
x24=0x0000000130f1e280 is a global jni handle
x25=0x0000000108c6ca98: _ZN12StubRoutines17_safefetchN_entryE+0 in /Users/annetorgersen/.vscode/extensions/redhat.java-1.9.0-darwin-arm64/jre/17.0.3-macosx-aarch64/lib/server/libjvm.dylib at 0x0000000108008000
x26=0x0000000107e95818 is pointing into metadata
x27=0x0 is NULL
x28=0x00000001312afa00 is a thread


Registers:
 x0=0x0000000130f1e2c8  x1=0x0000000000000000  x2=0x0000000785582c10  x3=0x0000000000000000
 x4=0x00000000000130a8  x5=0x0000000000000000  x6=0x0000000000000000  x7=0x0000000000000000
 x8=0x000000010bc4d4ec  x9=0x0000000000000000 x10=0x2010000030300000 x11=0x0000000000000007
x12=0x0000000000000004 x13=0x0000000130fa5890 x14=0x00001b0000000000 x15=0x0000000120ee5f98
x16=0x00000001a16310fc x17=0x0000000130e928c0 x18=0x0000000000000000 x19=0x0000000130e2bf90
x20=0x0000000130f1e0c0 x21=0x0000000130f1e2c8 x22=0x00000001312afa00 x23=0x0000000000000001
x24=0x0000000130f1e280 x25=0x0000000108c6ca98 x26=0x0000000107e95818 x27=0x0000000000000000
x28=0x00000001312afa00  fp=0x00000001704aa7c0  lr=0x00000001087c16cc  sp=0x00000001704aa780
pc=0x000000010bc4d4f0 cpsr=0x0000000060001000
Top of Stack: (sp=0x00000001704aa780)
0x00000001704aa780:   0000000107e95818 0000000000000001
0x00000001704aa790:   00000001704aa988 0000000000000000
0x00000001704aa7a0:   000000013298aaa8 0000000130f1e280
0x00000001704aa7b0:   0000000130f1e280 0000000130e2bf90
0x00000001704aa7c0:   00000001704aa800 00000001087c28fc
0x00000001704aa7d0:   0000000000000001 0000000130f1e280
0x00000001704aa7e0:   000000013298aaa8 0000000130f1e280
0x00000001704aa7f0:   0000000000000001 000000013298a800
0x00000001704aa800:   00000001704aa840 00000001084cd5f0
0x00000001704aa810:   00000001704aa988 0000000132117d20
0x00000001704aa820:   0000000132110540 00000001eb6f5be0
0x00000001704aa830:   0000000000000000 0000000132110540
0x00000001704aa840:   00000001704aa870 0000000120eaa880
0x00000001704aa850:   85024472d83a00dd 0000000000000000
0x00000001704aa860:   0000000000000000 0000000132120ec0
0x00000001704aa870:   00000001704aa8b0 00000001a25fe618
0x00000001704aa880:   00000001704aa988 0000000132117d20
0x00000001704aa890:   0000000132110540 85024472d83a00dd
0x00000001704aa8a0:   0000000000000000 0000000000000000
0x00000001704aa8b0:   00000001704aa8f0 e8738001a25ca98c
0x00000001704aa8c0:   00000001704aa988 000000010bc547c0
0x00000001704aa8d0:   0000000000000000 0000000108c74458
0x00000001704aa8e0:   00000001704aa900 000000010bc53730
0x00000001704aa8f0:   00000001704aa960 aa1a80010bc558ac
0x00000001704aa900:   0000000000000000 0000000781768dc0
0x00000001704aa910:   00000001704aa910 0000000000000000
0x00000001704aa920:   00000001704aa988 0000000107e95818
0x00000001704aa930:   00000007816c2ee8 0000000000000000
0x00000001704aa940:   0000000000000000 0000000107e70520
0x00000001704aa950:   0000000000000000 00000001704aa960
0x00000001704aa960:   00000001704aa9e0 000000010bc51fc8
0x00000001704aa970:   0000000000000000 0000000000000000 

Instructions: (pc=0x000000010bc4d4f0)
0x000000010bc4d3f0:   f2a11869 f2c00029 6d425935 1e640886
0x000000010bc4d400:   0c402d31 1e6408c7 1f5654d0 1e6c1017
0x000000010bc4d410:   1f5050d0 1f504cd0 1f5048d0 1e650af6
0x000000010bc4d420:   1f50d8f6 1f5694d6 1f5158f6 1e762880
0x000000010bc4d430:   36000501 1e614000 14000026 2e251ca5
0x000000010bc4d440:   d2923009 f2a11869 f2c00029 6d425d36
0x000000010bc4d450:   1e600806 0c402d32 1f5758c7 1e6c101a
0x000000010bc4d460:   1f4754c7 1e650805 1f4750c7 d2866668
0x000000010bc4d470:   f2a7fa68 1f474cc7 1e6608c0 1f4748c7
0x000000010bc4d480:   1e6e1019 eb08007f 540000ac 1f479400
0x000000010bc4d490:   1f460340 1e603b20 1400000e d2a7fd29
0x000000010bc4d4a0:   eb09007f 540000ac 51480069 d3607d29
0x000000010bc4d4b0:   9e670121 14000002 1e6a5001 1f679417
0x000000010bc4d4c0:   1f668742 1e613b23 1e773857 1e773860
0x000000010bc4d4d0:   a8c17ff3 910003bf a8c17bfd d65f03c0
0x000000010bc4d4e0:   b9400001 aa0103e0 d65f03c0 f9400001
0x000000010bc4d4f0:   aa0103e0 d65f03c0 00000000 00000000
0x000000010bc4d500:   00000000 00000000 00000000 00000000
0x000000010bc4d510:   00000000 00000000 00000000 00000000
0x000000010bc4d520:   00000000 00000000 00000000 00000000
0x000000010bc4d530:   00000000 00000000 00000000 00000000
0x000000010bc4d540:   00000000 00000000 00000000 00000000
0x000000010bc4d550:   00000000 00000000 00000000 00000000
0x000000010bc4d560:   00000000 00000000 00000000 00000000
0x000000010bc4d570:   00000000 00000000 00000000 00000000
0x000000010bc4d580:   00000000 00000000 00000000 00000000
0x000000010bc4d590:   00000000 00000000 00000000 00000000
0x000000010bc4d5a0:   00000000 00000000 00000000 00000000
0x000000010bc4d5b0:   00000000 00000000 00000000 00000000
0x000000010bc4d5c0:   00000000 00000000 00000000 00000000
0x000000010bc4d5d0:   00000000 00000000 00000000 00000000
0x000000010bc4d5e0:   00000000 00000000 00000000 00000000 


Stack slot to memory mapping:
stack at sp + 0 slots: 0x0000000107e95818 is pointing into metadata
stack at sp + 1 slots: 0x0000000000000001 is an unknown value
stack at sp + 2 slots: 0x00000001704aa988 is pointing into the stack for thread: 0x00000001312afa00
stack at sp + 3 slots: 0x0 is NULL
stack at sp + 4 slots: 0x000000013298aaa8 points into unknown readable memory: 0x0000000108c268a0 | a0 68 c2 08 01 00 00 00
stack at sp + 5 slots: 0x0000000130f1e280 is a global jni handle
stack at sp + 6 slots: 0x0000000130f1e280 is a global jni handle
stack at sp + 7 slots: 0x0000000130e2bf90 points into unknown readable memory: 0x0000000130e16740 | 40 67 e1 30 01 00 00 00

StubRoutines::SafeFetchN [0x000000010bc4d4ec, 0x000000010bc4d4f8] (12 bytes)
[MachCode]
  0x000000010bc4d4ec: 0100 40f9 | e003 01aa | c003 5fd6 
[/MachCode]

---------------  P R O C E S S  ---------------

Threads class SMR info:
_java_thread_list=0x0000000130d59850, length=18, elements={
0x000000013281b400, 0x000000013181b000, 0x000000013181b600, 0x000000013181cc00,
0x0000000131834a00, 0x0000000131835000, 0x0000000131835600, 0x0000000131835c00,
0x0000000132841e00, 0x0000000121088200, 0x0000000131820400, 0x000000013283d000,
0x00000001312afa00, 0x000000013298a800, 0x000000013187ec00, 0x000000013298fa00,
0x0000000131386600, 0x0000000131912600
}

Java Threads: ( => current thread )
  0x000000013281b400 JavaThread "main" [_thread_blocked, id=10499, stack(0x000000016daac000,0x000000016dcaf000)]
  0x000000013181b000 JavaThread "Reference Handler" daemon [_thread_blocked, id=16643, stack(0x000000016e900000,0x000000016eb03000)]
  0x000000013181b600 JavaThread "Finalizer" daemon [_thread_blocked, id=17155, stack(0x000000016eb0c000,0x000000016ed0f000)]
  0x000000013181cc00 JavaThread "Signal Dispatcher" daemon [_thread_blocked, id=22275, stack(0x000000016ee30000,0x000000016f033000)]
  0x0000000131834a00 JavaThread "Service Thread" daemon [_thread_blocked, id=41731, stack(0x000000016f03c000,0x000000016f23f000)]
  0x0000000131835000 JavaThread "Monitor Deflation Thread" daemon [_thread_blocked, id=22787, stack(0x000000016f248000,0x000000016f44b000)]
  0x0000000131835600 JavaThread "C2 CompilerThread0" daemon [_thread_blocked, id=23043, stack(0x000000016f454000,0x000000016f657000)]
  0x0000000131835c00 JavaThread "C1 CompilerThread0" daemon [_thread_blocked, id=40707, stack(0x000000016f660000,0x000000016f863000)]
  0x0000000132841e00 JavaThread "Sweeper thread" daemon [_thread_blocked, id=23299, stack(0x000000016f86c000,0x000000016fa6f000)]
  0x0000000121088200 JavaThread "Common-Cleaner" daemon [_thread_blocked, id=23811, stack(0x000000016fa78000,0x000000016fc7b000)]
  0x0000000131820400 JavaThread "Notification Thread" daemon [_thread_blocked, id=40195, stack(0x000000016fc84000,0x000000016fe87000)]
  0x000000013283d000 JavaThread "QuantumRenderer-0" daemon [_thread_blocked, id=24323, stack(0x000000017009c000,0x000000017029f000)]
=>0x00000001312afa00 JavaThread "InvokeLaterDispatcher" daemon [_thread_in_native, id=30219, stack(0x00000001702a8000,0x00000001704ab000)]
  0x000000013298a800 JavaThread "JavaFX Application Thread" [_thread_in_native, id=259, stack(0x000000016d224000,0x000000016da20000)]
  0x000000013187ec00 JavaThread "JavaFX-Launcher" [_thread_blocked, id=55555, stack(0x00000001707d8000,0x00000001709db000)]
  0x000000013298fa00 JavaThread "Prism Font Disposer" daemon [_thread_blocked, id=74503, stack(0x000000017162c000,0x000000017182f000)]
  0x0000000131386600 JavaThread "Cleaner-0" daemon [_thread_blocked, id=79371, stack(0x0000000176098000,0x000000017629b000)]
  0x0000000131912600 JavaThread "PulseTimer-CVDisplayLink thread" daemon [_thread_in_native, id=73991, stack(0x00000001704b4000,0x0000000170537000)]

Other Threads:
  0x0000000130e31070 VMThread "VM Thread" [stack: 0x000000016e6f4000,0x000000016e8f7000] [id=15875]
  0x0000000102e071e0 WatcherThread [stack: 0x000000016fe90000,0x0000000170093000] [id=39683]
  0x000000013201b990 GCTaskThread "GC Thread#0" [stack: 0x000000016dcb8000,0x000000016debb000] [id=12803]
  0x00000001320fa190 GCTaskThread "GC Thread#1" [stack: 0x00000001709e4000,0x0000000170be7000] [id=55811]
  0x00000001320faa60 GCTaskThread "GC Thread#2" [stack: 0x0000000170bf0000,0x0000000170df3000] [id=56323]
  0x00000001320fb330 GCTaskThread "GC Thread#3" [stack: 0x0000000170dfc000,0x0000000170fff000] [id=56579]
  0x00000001320fbff0 GCTaskThread "GC Thread#4" [stack: 0x0000000171008000,0x000000017120b000] [id=56835]
  0x00000001320fccb0 GCTaskThread "GC Thread#5" [stack: 0x0000000171214000,0x0000000171417000] [id=75011]
  0x0000000130a049e0 GCTaskThread "GC Thread#6" [stack: 0x0000000171420000,0x0000000171623000] [id=74755]
  0x0000000130c39800 GCTaskThread "GC Thread#7" [stack: 0x00000001762a4000,0x00000001764a7000] [id=1311]
  0x00000001322045f0 ConcurrentGCThread "G1 Main Marker" [stack: 0x000000016dec4000,0x000000016e0c7000] [id=13059]
  0x00000001323042b0 ConcurrentGCThread "G1 Conc#0" [stack: 0x000000016e0d0000,0x000000016e2d3000] [id=13827]
  0x0000000130c38e10 ConcurrentGCThread "G1 Conc#1" [stack: 0x00000001764b0000,0x00000001766b3000] [id=68919]
  0x000000013231e160 ConcurrentGCThread "G1 Refine#0" [stack: 0x000000016e2dc000,0x000000016e4df000] [id=14339]
  0x0000000130f06ff0 ConcurrentGCThread "G1 Service" [stack: 0x000000016e4e8000,0x000000016e6eb000] [id=19203]

Threads with active compile tasks:

VM state: not at safepoint (normal execution)

VM Mutex/Monitor currently owned by a thread: None

Heap address: 0x0000000780000000, size: 2048 MB, Compressed Oops mode: Zero based, Oop shift amount: 3

CDS archive(s) not mapped
Compressed class space mapped at: 0x0000000800000000-0x0000000840000000, reserved size: 1073741824
Narrow klass base: 0x0000000800000000, Narrow klass shift: 0, Narrow klass range: 0x40000000

GC Precious Log:
 CPUs: 8 total, 8 available
 Memory: 8192M
 Large Page Support: Disabled
 NUMA Support: Disabled
 Compressed Oops: Enabled (Zero based)
 Heap Region Size: 1M
 Heap Min Capacity: 8M
 Heap Initial Capacity: 128M
 Heap Max Capacity: 2G
 Pre-touch: Disabled
 Parallel Workers: 8
 Concurrent Workers: 2
 Concurrent Refinement Workers: 8
 Periodic GC: Disabled

Heap:
 garbage-first heap   total 96256K, used 33080K [0x0000000780000000, 0x0000000800000000)
  region size 1024K, 11 young (11264K), 4 survivors (4096K)
 Metaspace       used 22825K, committed 23040K, reserved 1073152K
  class space    used 3111K, committed 3200K, reserved 1048576K

Heap Regions: E=young(eden), S=young(survivor), O=old, HS=humongous(starts), HC=humongous(continues), CS=collection set, F=free, OA=open archive, CA=closed archive, TAMS=top-at-mark-start (previous, next)
|   0|0x0000000780000000, 0x0000000780100000, 0x0000000780100000|100%| O|  |TAMS 0x0000000780055600, 0x0000000780000000| Untracked 
|   1|0x0000000780100000, 0x0000000780200000, 0x0000000780200000|100%|HS|  |TAMS 0x0000000780200000, 0x0000000780100000| Complete 
|   2|0x0000000780200000, 0x0000000780300000, 0x0000000780300000|100%|HC|  |TAMS 0x0000000780300000, 0x0000000780200000| Complete 
|   3|0x0000000780300000, 0x0000000780400000, 0x0000000780400000|100%|HS|  |TAMS 0x0000000780400000, 0x0000000780300000| Complete 
|   4|0x0000000780400000, 0x0000000780500000, 0x0000000780500000|100%|HC|  |TAMS 0x0000000780500000, 0x0000000780400000| Complete 
|   5|0x0000000780500000, 0x0000000780600000, 0x0000000780600000|100%|HC|  |TAMS 0x0000000780600000, 0x0000000780500000| Complete 
|   6|0x0000000780600000, 0x0000000780700000, 0x0000000780700000|100%|HC|  |TAMS 0x0000000780700000, 0x0000000780600000| Complete 
|   7|0x0000000780700000, 0x0000000780800000, 0x0000000780800000|100%|HC|  |TAMS 0x0000000780800000, 0x0000000780700000| Complete 
|   8|0x0000000780800000, 0x0000000780900000, 0x0000000780900000|100%|HC|  |TAMS 0x0000000780900000, 0x0000000780800000| Complete 
|   9|0x0000000780900000, 0x0000000780a00000, 0x0000000780a00000|100%|HC|  |TAMS 0x0000000780a00000, 0x0000000780900000| Complete 
|  10|0x0000000780a00000, 0x0000000780b00000, 0x0000000780b00000|100%|HC|  |TAMS 0x0000000780b00000, 0x0000000780a00000| Complete 
|  11|0x0000000780b00000, 0x0000000780c00000, 0x0000000780c00000|100%|HC|  |TAMS 0x0000000780c00000, 0x0000000780b00000| Complete 
|  12|0x0000000780c00000, 0x0000000780d00000, 0x0000000780d00000|100%|HC|  |TAMS 0x0000000780d00000, 0x0000000780c00000| Complete 
|  13|0x0000000780d00000, 0x0000000780d00000, 0x0000000780e00000|  0%| F|  |TAMS 0x0000000780d00000, 0x0000000780d00000| Untracked 
|  14|0x0000000780e00000, 0x0000000780e00000, 0x0000000780f00000|  0%| F|  |TAMS 0x0000000780e00000, 0x0000000780e00000| Untracked 
|  15|0x0000000780f00000, 0x0000000781000000, 0x0000000781000000|100%|HS|  |TAMS 0x0000000781000000, 0x0000000780f00000| Complete 
|  16|0x0000000781000000, 0x0000000781100000, 0x0000000781100000|100%|HC|  |TAMS 0x0000000781100000, 0x0000000781000000| Complete 
|  17|0x0000000781100000, 0x0000000781200000, 0x0000000781200000|100%|HC|  |TAMS 0x0000000781200000, 0x0000000781100000| Complete 
|  18|0x0000000781200000, 0x0000000781300000, 0x0000000781300000|100%|HC|  |TAMS 0x0000000781300000, 0x0000000781200000| Complete 
|  19|0x0000000781300000, 0x0000000781400000, 0x0000000781400000|100%|HC|  |TAMS 0x0000000781400000, 0x0000000781300000| Complete 
|  20|0x0000000781400000, 0x0000000781500000, 0x0000000781500000|100%|HS|  |TAMS 0x0000000781500000, 0x0000000781400000| Complete 
|  21|0x0000000781500000, 0x0000000781600000, 0x0000000781600000|100%|HC|  |TAMS 0x0000000781600000, 0x0000000781500000| Complete 
|  22|0x0000000781600000, 0x0000000781700000, 0x0000000781700000|100%| O|  |TAMS 0x0000000781600000, 0x0000000781600000| Untracked 
|  23|0x0000000781700000, 0x0000000781800000, 0x0000000781800000|100%| O|  |TAMS 0x0000000781700000, 0x0000000781700000| Untracked 
|  24|0x0000000781800000, 0x000000078188e200, 0x0000000781900000| 55%| O|  |TAMS 0x0000000781800000, 0x0000000781800000| Complete 
|  25|0x0000000781900000, 0x0000000781900000, 0x0000000781a00000|  0%| F|  |TAMS 0x0000000781900000, 0x0000000781900000| Untracked 
|  26|0x0000000781a00000, 0x0000000781a00000, 0x0000000781b00000|  0%| F|  |TAMS 0x0000000781a00000, 0x0000000781a00000| Untracked 
|  27|0x0000000781b00000, 0x0000000781b00000, 0x0000000781c00000|  0%| F|  |TAMS 0x0000000781b00000, 0x0000000781b00000| Untracked 
|  28|0x0000000781c00000, 0x0000000781c00000, 0x0000000781d00000|  0%| F|  |TAMS 0x0000000781c00000, 0x0000000781c00000| Untracked 
|  29|0x0000000781d00000, 0x0000000781d00000, 0x0000000781e00000|  0%| F|  |TAMS 0x0000000781d00000, 0x0000000781d00000| Untracked 
|  30|0x0000000781e00000, 0x0000000781e00000, 0x0000000781f00000|  0%| F|  |TAMS 0x0000000781e00000, 0x0000000781e00000| Untracked 
|  31|0x0000000781f00000, 0x0000000781f00000, 0x0000000782000000|  0%| F|  |TAMS 0x0000000781f00000, 0x0000000781f00000| Untracked 
|  32|0x0000000782000000, 0x0000000782000000, 0x0000000782100000|  0%| F|  |TAMS 0x0000000782000000, 0x0000000782000000| Untracked 
|  33|0x0000000782100000, 0x0000000782100000, 0x0000000782200000|  0%| F|  |TAMS 0x0000000782100000, 0x0000000782100000| Untracked 
|  34|0x0000000782200000, 0x0000000782200000, 0x0000000782300000|  0%| F|  |TAMS 0x0000000782200000, 0x0000000782200000| Untracked 
|  35|0x0000000782300000, 0x0000000782300000, 0x0000000782400000|  0%| F|  |TAMS 0x0000000782300000, 0x0000000782300000| Untracked 
|  36|0x0000000782400000, 0x0000000782400000, 0x0000000782500000|  0%| F|  |TAMS 0x0000000782400000, 0x0000000782400000| Untracked 
|  37|0x0000000782500000, 0x0000000782500000, 0x0000000782600000|  0%| F|  |TAMS 0x0000000782500000, 0x0000000782500000| Untracked 
|  38|0x0000000782600000, 0x0000000782600000, 0x0000000782700000|  0%| F|  |TAMS 0x0000000782600000, 0x0000000782600000| Untracked 
|  39|0x0000000782700000, 0x0000000782700000, 0x0000000782800000|  0%| F|  |TAMS 0x0000000782700000, 0x0000000782700000| Untracked 
|  40|0x0000000782800000, 0x0000000782800000, 0x0000000782900000|  0%| F|  |TAMS 0x0000000782800000, 0x0000000782800000| Untracked 
|  41|0x0000000782900000, 0x0000000782900000, 0x0000000782a00000|  0%| F|  |TAMS 0x0000000782900000, 0x0000000782900000| Untracked 
|  42|0x0000000782a00000, 0x0000000782a00000, 0x0000000782b00000|  0%| F|  |TAMS 0x0000000782a00000, 0x0000000782a00000| Untracked 
|  43|0x0000000782b00000, 0x0000000782b00000, 0x0000000782c00000|  0%| F|  |TAMS 0x0000000782b00000, 0x0000000782b00000| Untracked 
|  44|0x0000000782c00000, 0x0000000782c00000, 0x0000000782d00000|  0%| F|  |TAMS 0x0000000782c00000, 0x0000000782c00000| Untracked 
|  45|0x0000000782d00000, 0x0000000782d00000, 0x0000000782e00000|  0%| F|  |TAMS 0x0000000782d00000, 0x0000000782d00000| Untracked 
|  46|0x0000000782e00000, 0x0000000782e00000, 0x0000000782f00000|  0%| F|  |TAMS 0x0000000782e00000, 0x0000000782e00000| Untracked 
|  47|0x0000000782f00000, 0x0000000782f00000, 0x0000000783000000|  0%| F|  |TAMS 0x0000000782f00000, 0x0000000782f00000| Untracked 
|  48|0x0000000783000000, 0x0000000783000000, 0x0000000783100000|  0%| F|  |TAMS 0x0000000783000000, 0x0000000783000000| Untracked 
|  49|0x0000000783100000, 0x0000000783100000, 0x0000000783200000|  0%| F|  |TAMS 0x0000000783100000, 0x0000000783100000| Untracked 
|  50|0x0000000783200000, 0x0000000783200000, 0x0000000783300000|  0%| F|  |TAMS 0x0000000783200000, 0x0000000783200000| Untracked 
|  51|0x0000000783300000, 0x0000000783300000, 0x0000000783400000|  0%| F|  |TAMS 0x0000000783300000, 0x0000000783300000| Untracked 
|  52|0x0000000783400000, 0x0000000783400000, 0x0000000783500000|  0%| F|  |TAMS 0x0000000783400000, 0x0000000783400000| Untracked 
|  53|0x0000000783500000, 0x0000000783500000, 0x0000000783600000|  0%| F|  |TAMS 0x0000000783500000, 0x0000000783500000| Untracked 
|  54|0x0000000783600000, 0x0000000783600000, 0x0000000783700000|  0%| F|  |TAMS 0x0000000783600000, 0x0000000783600000| Untracked 
|  55|0x0000000783700000, 0x0000000783700000, 0x0000000783800000|  0%| F|  |TAMS 0x0000000783700000, 0x0000000783700000| Untracked 
|  56|0x0000000783800000, 0x0000000783800000, 0x0000000783900000|  0%| F|  |TAMS 0x0000000783800000, 0x0000000783800000| Untracked 
|  57|0x0000000783900000, 0x0000000783900000, 0x0000000783a00000|  0%| F|  |TAMS 0x0000000783900000, 0x0000000783900000| Untracked 
|  58|0x0000000783a00000, 0x0000000783a00000, 0x0000000783b00000|  0%| F|  |TAMS 0x0000000783a00000, 0x0000000783a00000| Untracked 
|  59|0x0000000783b00000, 0x0000000783b00000, 0x0000000783c00000|  0%| F|  |TAMS 0x0000000783b00000, 0x0000000783b00000| Untracked 
|  60|0x0000000783c00000, 0x0000000783c00000, 0x0000000783d00000|  0%| F|  |TAMS 0x0000000783c00000, 0x0000000783c00000| Untracked 
|  61|0x0000000783d00000, 0x0000000783d00000, 0x0000000783e00000|  0%| F|  |TAMS 0x0000000783d00000, 0x0000000783d00000| Untracked 
|  62|0x0000000783e00000, 0x0000000783e00000, 0x0000000783f00000|  0%| F|  |TAMS 0x0000000783e00000, 0x0000000783e00000| Untracked 
|  63|0x0000000783f00000, 0x0000000783f00000, 0x0000000784000000|  0%| F|  |TAMS 0x0000000783f00000, 0x0000000783f00000| Untracked 
|  64|0x0000000784000000, 0x0000000784000000, 0x0000000784100000|  0%| F|  |TAMS 0x0000000784000000, 0x0000000784000000| Untracked 
|  65|0x0000000784100000, 0x0000000784100000, 0x0000000784200000|  0%| F|  |TAMS 0x0000000784100000, 0x0000000784100000| Untracked 
|  66|0x0000000784200000, 0x0000000784200000, 0x0000000784300000|  0%| F|  |TAMS 0x0000000784200000, 0x0000000784200000| Untracked 
|  67|0x0000000784300000, 0x0000000784300000, 0x0000000784400000|  0%| F|  |TAMS 0x0000000784300000, 0x0000000784300000| Untracked 
|  68|0x0000000784400000, 0x0000000784400000, 0x0000000784500000|  0%| F|  |TAMS 0x0000000784400000, 0x0000000784400000| Untracked 
|  69|0x0000000784500000, 0x0000000784500000, 0x0000000784600000|  0%| F|  |TAMS 0x0000000784500000, 0x0000000784500000| Untracked 
|  70|0x0000000784600000, 0x0000000784600000, 0x0000000784700000|  0%| F|  |TAMS 0x0000000784600000, 0x0000000784600000| Untracked 
|  71|0x0000000784700000, 0x0000000784700000, 0x0000000784800000|  0%| F|  |TAMS 0x0000000784700000, 0x0000000784700000| Untracked 
|  72|0x0000000784800000, 0x0000000784800000, 0x0000000784900000|  0%| F|  |TAMS 0x0000000784800000, 0x0000000784800000| Untracked 
|  73|0x0000000784900000, 0x0000000784900000, 0x0000000784a00000|  0%| F|  |TAMS 0x0000000784900000, 0x0000000784900000| Untracked 
|  74|0x0000000784a00000, 0x0000000784a00000, 0x0000000784b00000|  0%| F|  |TAMS 0x0000000784a00000, 0x0000000784a00000| Untracked 
|  75|0x0000000784b00000, 0x0000000784b00000, 0x0000000784c00000|  0%| F|  |TAMS 0x0000000784b00000, 0x0000000784b00000| Untracked 
|  76|0x0000000784c00000, 0x0000000784c00000, 0x0000000784d00000|  0%| F|  |TAMS 0x0000000784c00000, 0x0000000784c00000| Untracked 
|  77|0x0000000784d00000, 0x0000000784d00000, 0x0000000784e00000|  0%| F|  |TAMS 0x0000000784d00000, 0x0000000784d00000| Untracked 
|  78|0x0000000784e00000, 0x0000000784e00000, 0x0000000784f00000|  0%| F|  |TAMS 0x0000000784e00000, 0x0000000784e00000| Untracked 
|  79|0x0000000784f00000, 0x0000000784f00000, 0x0000000785000000|  0%| F|  |TAMS 0x0000000784f00000, 0x0000000784f00000| Untracked 
|  80|0x0000000785000000, 0x0000000785000000, 0x0000000785100000|  0%| F|  |TAMS 0x0000000785000000, 0x0000000785000000| Untracked 
|  81|0x0000000785100000, 0x0000000785100000, 0x0000000785200000|  0%| F|  |TAMS 0x0000000785100000, 0x0000000785100000| Untracked 
|  82|0x0000000785200000, 0x0000000785200000, 0x0000000785300000|  0%| F|  |TAMS 0x0000000785200000, 0x0000000785200000| Untracked 
|  83|0x0000000785300000, 0x00000007853b5d60, 0x0000000785400000| 71%| E|  |TAMS 0x0000000785300000, 0x0000000785300000| Complete 
|  84|0x0000000785400000, 0x0000000785500000, 0x0000000785500000|100%| E|CS|TAMS 0x0000000785400000, 0x0000000785400000| Complete 
|  85|0x0000000785500000, 0x0000000785600000, 0x0000000785600000|100%| E|CS|TAMS 0x0000000785500000, 0x0000000785500000| Complete 
|  86|0x0000000785600000, 0x0000000785700000, 0x0000000785700000|100%| E|CS|TAMS 0x0000000785600000, 0x0000000785600000| Complete 
|  87|0x0000000785700000, 0x0000000785800000, 0x0000000785800000|100%| E|CS|TAMS 0x0000000785700000, 0x0000000785700000| Complete 
|  88|0x0000000785800000, 0x0000000785900000, 0x0000000785900000|100%| E|CS|TAMS 0x0000000785800000, 0x0000000785800000| Complete 
|  90|0x0000000785a00000, 0x0000000785abff90, 0x0000000785b00000| 74%| S|CS|TAMS 0x0000000785a00000, 0x0000000785a00000| Complete 
|  91|0x0000000785b00000, 0x0000000785c00000, 0x0000000785c00000|100%| S|CS|TAMS 0x0000000785b00000, 0x0000000785b00000| Complete 
|  92|0x0000000785c00000, 0x0000000785d00000, 0x0000000785d00000|100%| S|CS|TAMS 0x0000000785c00000, 0x0000000785c00000| Complete 
|  93|0x0000000785d00000, 0x0000000785e00000, 0x0000000785e00000|100%| S|CS|TAMS 0x0000000785d00000, 0x0000000785d00000| Complete 
| 127|0x0000000787f00000, 0x0000000788000000, 0x0000000788000000|100%| E|CS|TAMS 0x0000000787f00000, 0x0000000787f00000| Complete 

Card table byte_map: [0x0000000107000000,0x0000000107400000] _byte_map_base: 0x0000000103400000

Marking Bits (Prev, Next): (CMBitMap*) 0x0000000133008250, (CMBitMap*) 0x0000000133008210
 Prev Bits: [0x000000011cc4c000, 0x000000011ec4c000)
 Next Bits: [0x000000011ac4c000, 0x000000011cc4c000)

Polling page: 0x0000000102560000

Metaspace:

Usage:
  Non-class:     19.25 MB used.
      Class:      3.04 MB used.
       Both:     22.29 MB used.

Virtual space:
  Non-class space:       24.00 MB reserved,      19.38 MB ( 81%) committed,  3 nodes.
      Class space:        1.00 GB reserved,       3.12 MB ( <1%) committed,  1 nodes.
             Both:        1.02 GB reserved,      22.50 MB (  2%) committed. 

Chunk freelists:
   Non-Class:  208.00 KB
       Class:  774.00 KB
        Both:  982.00 KB

MaxMetaspaceSize: unlimited
CompressedClassSpaceSize: 1.00 GB
Initial GC threshold: 21.00 MB
Current GC threshold: 35.25 MB
CDS: off
MetaspaceReclaimPolicy: balanced
 - commit_granule_bytes: 65536.
 - commit_granule_words: 8192.
 - virtual_space_node_default_size: 1048576.
 - enlarge_chunks_in_place: 1.
 - new_chunks_are_fully_committed: 0.
 - uncommit_free_chunks: 1.
 - use_allocation_guard: 0.
 - handle_deallocations: 1.


Internal statistics:

num_allocs_failed_limit: 3.
num_arena_births: 192.
num_arena_deaths: 0.
num_vsnodes_births: 4.
num_vsnodes_deaths: 0.
num_space_committed: 360.
num_space_uncommitted: 0.
num_chunks_returned_to_freelist: 3.
num_chunks_taken_from_freelist: 730.
num_chunk_merges: 0.
num_chunk_splits: 508.
num_chunks_enlarged: 404.
num_purges: 0.
num_inconsistent_stats: 0.

CodeHeap 'non-profiled nmethods': size=120032Kb used=949Kb max_used=949Kb free=119082Kb
 bounds [0x0000000113714000, 0x0000000113984000, 0x000000011ac4c000]
CodeHeap 'profiled nmethods': size=120016Kb used=5656Kb max_used=5656Kb free=114359Kb
 bounds [0x000000010c1e0000, 0x000000010c770000, 0x0000000113714000]
CodeHeap 'non-nmethods': size=5712Kb used=1402Kb max_used=1459Kb free=4309Kb
 bounds [0x000000010bc4c000, 0x000000010bebc000, 0x000000010c1e0000]
 total_blobs=3562 nmethods=2785 adapters=692
 compilation: enabled
              stopped_count=0, restarted_count=0
 full_count=0

Compilation events (20 events):
Event: 7.187 Thread 0x0000000131835c00 2857   !   3       com.sun.javafx.tk.Toolkit::firePulse (279 bytes)
Event: 7.191 Thread 0x0000000131835c00 nmethod 2857 0x000000010c757010 code [0x000000010c757b40, 0x000000010c75c828]
Event: 7.191 Thread 0x0000000131835c00 2856       3       com.sun.scenario.animation.AbstractPrimaryTimer$MainLoop::updateAnimationRunnable (61 bytes)
Event: 7.192 Thread 0x0000000131835c00 nmethod 2856 0x000000010c75de90 code [0x000000010c75e100, 0x000000010c75eb08]
Event: 7.201 Thread 0x0000000131835c00 2858       3       com.sun.javafx.tk.quantum.QuantumToolkit$$Lambda$83/0x00000008000f8000::run (8 bytes)
Event: 7.201 Thread 0x0000000131835c00 nmethod 2858 0x000000010c75ef10 code [0x000000010c75f100, 0x000000010c75f4b8]
Event: 7.201 Thread 0x0000000131835c00 2859       3       com.sun.javafx.tk.quantum.QuantumToolkit::lambda$runToolkit$11 (5 bytes)
Event: 7.202 Thread 0x0000000131835c00 nmethod 2859 0x000000010c75f690 code [0x000000010c75f940, 0x000000010c760098]
Event: 7.234 Thread 0x0000000131835c00 2860       3       java.lang.Math::max (12 bytes)
Event: 7.235 Thread 0x0000000131835c00 nmethod 2860 0x000000010c760390 code [0x000000010c760540, 0x000000010c7606a8]
Event: 7.268 Thread 0x0000000131835c00 2861       3       com.sun.javafx.tk.quantum.PrimaryTimer::recordStart (8 bytes)
Event: 7.268 Thread 0x0000000131835c00 nmethod 2861 0x000000010c760710 code [0x000000010c7608c0, 0x000000010c760ad8]
Event: 7.268 Thread 0x0000000131835c00 2862       3       com.sun.scenario.animation.AnimationPulse::recordStart (27 bytes)
Event: 7.269 Thread 0x0000000131835c00 nmethod 2862 0x000000010c760c10 code [0x000000010c760e00, 0x000000010c761148]
Event: 7.269 Thread 0x0000000131835c00 2863       3       com.sun.scenario.animation.AnimationPulse::recordEnd (81 bytes)
Event: 7.270 Thread 0x0000000131835c00 nmethod 2863 0x000000010c761290 code [0x000000010c7615c0, 0x000000010c7620b8]
Event: 7.352 Thread 0x0000000131835c00 2864       3       com.sun.javafx.geom.transform.Identity::inverseDeltaTransform (20 bytes)
Event: 7.352 Thread 0x0000000131835c00 nmethod 2864 0x000000010c762510 code [0x000000010c762700, 0x000000010c762b28]
Event: 7.354 Thread 0x0000000131835c00 2865       3       com.sun.javafx.sg.prism.NGNode::doRender (473 bytes)
Event: 7.356 Thread 0x0000000131835c00 nmethod 2865 0x000000010c762d10 code [0x000000010c763140, 0x000000010c765408]

GC Heap History (4 events):
Event: 1.239 GC heap before
{Heap before GC invocations=0 (full 0):
 garbage-first heap   total 131072K, used 22528K [0x0000000780000000, 0x0000000800000000)
  region size 1024K, 23 young (23552K), 0 survivors (0K)
 Metaspace       used 13455K, committed 13632K, reserved 1064960K
  class space    used 1625K, committed 1728K, reserved 1048576K
}
Event: 1.243 GC heap after
{Heap after GC invocations=1 (full 0):
 garbage-first heap   total 131072K, used 3413K [0x0000000780000000, 0x0000000800000000)
  region size 1024K, 3 young (3072K), 3 survivors (3072K)
 Metaspace       used 13455K, committed 13632K, reserved 1064960K
  class space    used 1625K, committed 1728K, reserved 1048576K
}
Event: 4.719 GC heap before
{Heap before GC invocations=1 (full 0):
 garbage-first heap   total 131072K, used 54613K [0x0000000780000000, 0x0000000800000000)
  region size 1024K, 34 young (34816K), 3 survivors (3072K)
 Metaspace       used 21292K, committed 21504K, reserved 1073152K
  class space    used 2955K, committed 3072K, reserved 1048576K
}
Event: 4.723 GC heap after
{Heap after GC invocations=2 (full 0):
 garbage-first heap   total 131072K, used 26936K [0x0000000780000000, 0x0000000800000000)
  region size 1024K, 4 young (4096K), 4 survivors (4096K)
 Metaspace       used 21292K, committed 21504K, reserved 1073152K
  class space    used 2955K, committed 3072K, reserved 1048576K
}

Deoptimization events (20 events):
Event: 5.522 Thread 0x000000013283d000 Uncommon trap: trap_request=0xffffffc6 fr.pc=0x00000001137e3c94 relative=0x0000000000001054
Event: 5.522 Thread 0x000000013283d000 Uncommon trap: reason=bimorphic_or_optimized_type_check action=maybe_recompile pc=0x00000001137e3c94 method=com.sun.javafx.sg.prism.NGNode.doRender(Lcom/sun/prism/Graphics;)V @ 330 c2
Event: 5.522 Thread 0x000000013283d000 DEOPT PACKING pc=0x00000001137e3c94 sp=0x000000017029d870
Event: 5.522 Thread 0x000000013283d000 DEOPT UNPACKING pc=0x000000010bc8ad1c sp=0x000000017029d740 mode 2
Event: 5.770 Thread 0x000000013283d000 Uncommon trap: trap_request=0xffffff45 fr.pc=0x00000001137ef8dc relative=0x000000000000191c
Event: 5.770 Thread 0x000000013283d000 Uncommon trap: reason=unstable_if action=reinterpret pc=0x00000001137ef8dc method=com.sun.javafx.sg.prism.NGNode.doRender(Lcom/sun/prism/Graphics;)V @ 24 c2
Event: 5.770 Thread 0x000000013283d000 DEOPT PACKING pc=0x00000001137ef8dc sp=0x000000017029d0a0
Event: 5.770 Thread 0x000000013283d000 DEOPT UNPACKING pc=0x000000010bc8ad1c sp=0x000000017029cf80 mode 2
Event: 6.181 Thread 0x000000013298a800 Uncommon trap: trap_request=0xffffff45 fr.pc=0x0000000113767860 relative=0x0000000000000ee0
Event: 6.181 Thread 0x000000013298a800 Uncommon trap: reason=unstable_if action=reinterpret pc=0x0000000113767860 method=java.util.concurrent.ConcurrentHashMap.putVal(Ljava/lang/Object;Ljava/lang/Object;Z)Ljava/lang/Object; @ 231 c2
Event: 6.181 Thread 0x000000013298a800 DEOPT PACKING pc=0x0000000113767860 sp=0x000000016da19660
Event: 6.181 Thread 0x000000013298a800 DEOPT UNPACKING pc=0x000000010bc8ad1c sp=0x000000016da19560 mode 2
Event: 6.204 Thread 0x000000013283d000 Uncommon trap: trap_request=0xffffff45 fr.pc=0x00000001137ea560 relative=0x00000000000000a0
Event: 6.204 Thread 0x000000013283d000 Uncommon trap: reason=unstable_if action=reinterpret pc=0x00000001137ea560 method=com.sun.javafx.sg.prism.NGNode.render(Lcom/sun/prism/Graphics;)V @ 20 c2
Event: 6.204 Thread 0x000000013283d000 DEOPT PACKING pc=0x00000001137ea560 sp=0x000000017029d4a0
Event: 6.204 Thread 0x000000013283d000 DEOPT UNPACKING pc=0x000000010bc8ad1c sp=0x000000017029d430 mode 2
Event: 6.351 Thread 0x000000013283d000 Uncommon trap: trap_request=0xffffff45 fr.pc=0x00000001137dc52c relative=0x00000000000000ec
Event: 6.351 Thread 0x000000013283d000 Uncommon trap: reason=unstable_if action=reinterpret pc=0x00000001137dc52c method=com.sun.javafx.geom.RectBounds.intersects(Lcom/sun/javafx/geom/BaseBounds;)Z @ 8 c2
Event: 6.351 Thread 0x000000013283d000 DEOPT PACKING pc=0x00000001137dc52c sp=0x000000017029df50
Event: 6.351 Thread 0x000000013283d000 DEOPT UNPACKING pc=0x000000010bc8ad1c sp=0x000000017029dee0 mode 2

Classes unloaded (0 events):
No events

Classes redefined (0 events):
No events

Internal exceptions (20 events):
Event: 1.705 Thread 0x000000013298a800 Implicit null exception at 0x00000001137585d0 to 0x0000000113758a4c
Event: 1.807 Thread 0x000000013298a800 Exception <a 'java/lang/ClassNotFoundException'{0x00000007870185c0}: com/sun/javafx/scene/control/skin/resources/controls> (0x00000007870185c0) 
thrown [../../src/hotspot/share/prims/jni.cpp, line 535]
Event: 1.807 Thread 0x000000013298a800 Exception <a 'java/lang/ClassNotFoundException'{0x00000007870260c0}: com/sun/javafx/scene/control/skin/resources/controls_no> (0x00000007870260c0) 
thrown [../../src/hotspot/share/prims/jni.cpp, line 535]
Event: 1.807 Thread 0x000000013298a800 Exception <a 'java/lang/ClassNotFoundException'{0x00000007870271a0}: com/sun/javafx/scene/control/skin/resources/controls_nb> (0x00000007870271a0) 
thrown [../../src/hotspot/share/prims/jni.cpp, line 535]
Event: 1.807 Thread 0x000000013298a800 Exception <a 'java/lang/ClassNotFoundException'{0x0000000787028290}: com/sun/javafx/scene/control/skin/resources/controls_no_NO> (0x0000000787028290) 
thrown [../../src/hotspot/share/prims/jni.cpp, line 535]
Event: 1.807 Thread 0x000000013298a800 Exception <a 'java/lang/ClassNotFoundException'{0x0000000787029398}: com/sun/javafx/scene/control/skin/resources/controls_nb_NO> (0x0000000787029398) 
thrown [../../src/hotspot/share/prims/jni.cpp, line 535]
Event: 1.823 Thread 0x000000013298a800 Exception <a 'java/lang/NoSuchMethodError'{0x0000000786fec4c8}: 'void java.lang.invoke.DirectMethodHandle$Holder.invokeSpecial(java.lang.Object, java.lang.Object, java.lang.Object, java.lang.Object, java.lang.Object, java.lang.Object)'> (0x0000000786fec4c8) 
thrown [../../src/hotspot/share/interpreter/linkResolver.cpp, line 766]
Event: 1.834 Thread 0x000000013298a800 Exception <a 'java/lang/NoSuchMethodError'{0x0000000786c49500}: 'java.lang.Object java.lang.invoke.DirectMethodHandle$Holder.invokeInterface(java.lang.Object, java.lang.Object, java.lang.Object)'> (0x0000000786c49500) 
thrown [../../src/hotspot/share/interpreter/linkResolver.cpp, line 766]
Event: 1.834 Thread 0x000000013298a800 Exception <a 'java/lang/IncompatibleClassChangeError'{0x0000000786c4ce88}: Found class java.lang.Object, but interface was expected> (0x0000000786c4ce88) 
thrown [../../src/hotspot/share/interpreter/linkResolver.cpp, line 833]
Event: 1.874 Thread 0x000000013298a800 Exception <a 'java/lang/NoSuchMethodError'{0x0000000786a2f518}: 'java.lang.Object java.lang.invoke.DirectMethodHandle$Holder.newInvokeSpecial(java.lang.Object, java.lang.Object, int)'> (0x0000000786a2f518) 
thrown [../../src/hotspot/share/interpreter/linkResolver.cpp, line 766]
Event: 1.927 Thread 0x000000013283d000 Exception <a 'java/lang/NoSuchMethodError'{0x0000000786938048}: 'int java.lang.invoke.DirectMethodHandle$Holder.invokeStaticInit(java.lang.Object, java.lang.Object)'> (0x0000000786938048) 
thrown [../../src/hotspot/share/interpreter/linkResolver.cpp, line 766]
Event: 1.935 Thread 0x000000013298a800 Exception <a 'java/lang/NoSuchMethodError'{0x00000007869c8bb8}: 'long java.lang.invoke.DirectMethodHandle$Holder.invokeStatic(java.lang.Object, java.lang.Object, java.lang.Object)'> (0x00000007869c8bb8) 
thrown [../../src/hotspot/share/interpreter/linkResolver.cpp, line 766]
Event: 1.935 Thread 0x000000013298a800 Exception <a 'java/lang/NoSuchMethodError'{0x00000007869cc360}: 'long java.lang.invoke.DirectMethodHandle$Holder.invokeStaticInit(java.lang.Object, java.lang.Object, java.lang.Object)'> (0x00000007869cc360) 
thrown [../../src/hotspot/share/interpreter/linkResolver.cpp, line 766]
Event: 1.936 Thread 0x000000013298a800 Exception <a 'java/lang/NoSuchMethodError'{0x00000007869e3f68}: 'java.lang.Object java.lang.invoke.DirectMethodHandle$Holder.newInvokeSpecial(java.lang.Object, java.lang.Object, long)'> (0x00000007869e3f68) 
thrown [../../src/hotspot/share/interpreter/linkResolver.cpp, line 766]
Event: 1.936 Thread 0x000000013298a800 Exception <a 'java/lang/NoSuchMethodError'{0x00000007869e7830}: 'java.lang.Object java.lang.invoke.Invokers$Holder.linkToTargetMethod(java.lang.Object, long, java.lang.Object)'> (0x00000007869e7830) 
thrown [../../src/hotspot/share/interpreter/linkResolver.cpp, line 766]
Event: 4.591 Thread 0x000000013298a800 Exception <a 'sun/nio/fs/UnixException'{0x00000007862d43c8}> (0x00000007862d43c8) 
thrown [../../src/hotspot/share/prims/jni.cpp, line 516]
Event: 4.615 Thread 0x000000013298a800 Exception <a 'java/io/FileNotFoundException'{0x000000078600de40}> (0x000000078600de40) 
thrown [../../src/hotspot/share/prims/jni.cpp, line 516]
Event: 4.675 Thread 0x000000013298a800 Exception <a 'java/io/FileNotFoundException'{0x000000078605bb10}> (0x000000078605bb10) 
thrown [../../src/hotspot/share/prims/jni.cpp, line 516]
Event: 4.690 Thread 0x000000013298a800 Exception <a 'java/io/FileNotFoundException'{0x000000078608dd28}> (0x000000078608dd28) 
thrown [../../src/hotspot/share/prims/jni.cpp, line 516]
Event: 4.777 Thread 0x000000013283d000 Exception <a 'java/lang/NoSuchMethodError'{0x00000007856a4128}: 'java.lang.Object java.lang.invoke.DirectMethodHandle$Holder.invokeStaticInit(java.lang.Object, int)'> (0x00000007856a4128) 
thrown [../../src/hotspot/share/interpreter/linkResolver.cpp, line 766]

VM Operations (20 events):
Event: 2.926 Executing VM operation: Cleanup
Event: 2.926 Executing VM operation: Cleanup done
Event: 3.930 Executing VM operation: Cleanup
Event: 3.930 Executing VM operation: Cleanup done
Event: 4.704 Executing VM operation: ICBufferFull
Event: 4.705 Executing VM operation: ICBufferFull done
Event: 4.719 Executing VM operation: CollectForMetadataAllocation
Event: 4.723 Executing VM operation: CollectForMetadataAllocation done
Event: 4.725 Executing VM operation: G1Concurrent
Event: 4.726 Executing VM operation: G1Concurrent done
Event: 4.727 Executing VM operation: G1Concurrent
Event: 4.727 Executing VM operation: G1Concurrent done
Event: 4.853 Executing VM operation: ICBufferFull
Event: 4.853 Executing VM operation: ICBufferFull done
Event: 5.118 Executing VM operation: ICBufferFull
Event: 5.118 Executing VM operation: ICBufferFull done
Event: 6.123 Executing VM operation: Cleanup
Event: 6.124 Executing VM operation: Cleanup done
Event: 7.129 Executing VM operation: Cleanup
Event: 7.129 Executing VM operation: Cleanup done

Events (20 events):
Event: 6.181 loading class sun/util/locale/provider/BreakIteratorProviderImpl
Event: 6.181 loading class sun/util/locale/provider/BreakIteratorProviderImpl done
Event: 6.181 loading class sun/util/locale/provider/BaseLocaleDataMetaInfo
Event: 6.181 loading class sun/util/locale/provider/BaseLocaleDataMetaInfo done
Event: 6.182 loading class sun/text/resources/BreakIteratorInfo
Event: 6.182 loading class sun/text/resources/BreakIteratorInfo done
Event: 6.182 loading class sun/text/resources/BreakIteratorResources
Event: 6.182 loading class sun/util/resources/BreakIteratorResourceBundle
Event: 6.182 loading class sun/util/resources/BreakIteratorResourceBundle done
Event: 6.182 loading class sun/text/resources/BreakIteratorResources done
Event: 6.182 loading class sun/text/RuleBasedBreakIterator
Event: 6.182 loading class sun/text/RuleBasedBreakIterator done
Event: 6.183 loading class sun/text/CompactByteArray
Event: 6.183 loading class sun/text/CompactByteArray done
Event: 6.183 loading class sun/text/SupplementaryCharacterData
Event: 6.183 loading class sun/text/SupplementaryCharacterData done
Event: 6.183 loading class java/text/BreakIterator$BreakIteratorCache
Event: 6.183 loading class java/text/BreakIterator$BreakIteratorCache done
Event: 6.200 Protecting memory [0x00000001704b4000,0x00000001704c0000] with protection modes 0
Event: 6.200 Thread 0x0000000131912600 Thread added: 0x0000000131912600


Dynamic libraries:
0x0000000102514000 	/Users/annetorgersen/.vscode/extensions/redhat.java-1.9.0-darwin-arm64/jre/17.0.3-macosx-aarch64/lib/libjli.dylib
0x00000001ac0c4000 	/usr/lib/libz.1.dylib
0x00000001ac17b000 	/usr/lib/libSystem.B.dylib
0x00000001ac175000 	/usr/lib/system/libcache.dylib
0x00000001ac133000 	/usr/lib/system/libcommonCrypto.dylib
0x00000001ac15c000 	/usr/lib/system/libcompiler_rt.dylib
0x00000001ac153000 	/usr/lib/system/libcopyfile.dylib
0x00000001a13bb000 	/usr/lib/system/libcorecrypto.dylib
0x00000001a146e000 	/usr/lib/system/libdispatch.dylib
0x00000001a163c000 	/usr/lib/system/libdyld.dylib
0x00000001ac16b000 	/usr/lib/system/libkeymgr.dylib
0x00000001ac10e000 	/usr/lib/system/libmacho.dylib
0x00000001ab803000 	/usr/lib/system/libquarantine.dylib
0x00000001ac168000 	/usr/lib/system/libremovefile.dylib
0x00000001a67a4000 	/usr/lib/system/libsystem_asl.dylib
0x00000001a135d000 	/usr/lib/system/libsystem_blocks.dylib
0x00000001a14f6000 	/usr/lib/system/libsystem_c.dylib
0x00000001ac160000 	/usr/lib/system/libsystem_collections.dylib
0x00000001aac91000 	/usr/lib/system/libsystem_configuration.dylib
0x00000001a9eed000 	/usr/lib/system/libsystem_containermanager.dylib
0x00000001abe70000 	/usr/lib/system/libsystem_coreservices.dylib
0x00000001a3d64000 	/usr/lib/system/libsystem_darwin.dylib
0x00000001ac16c000 	/usr/lib/system/libsystem_dnssd.dylib
0x00000001a14f3000 	/usr/lib/system/libsystem_featureflags.dylib
0x00000001a1651000 	/usr/lib/system/libsystem_info.dylib
0x00000001ac0d6000 	/usr/lib/system/libsystem_m.dylib
0x00000001a1443000 	/usr/lib/system/libsystem_malloc.dylib
0x00000001a6733000 	/usr/lib/system/libsystem_networkextension.dylib
0x00000001a41bd000 	/usr/lib/system/libsystem_notify.dylib
0x00000001b24b9000 	/usr/lib/system/libsystem_product_info_filter.dylib
0x00000001aac96000 	/usr/lib/system/libsystem_sandbox.dylib
0x00000001ac165000 	/usr/lib/system/libsystem_secinit.dylib
0x00000001a15f7000 	/usr/lib/system/libsystem_kernel.dylib
0x00000001a1649000 	/usr/lib/system/libsystem_platform.dylib
0x00000001a162f000 	/usr/lib/system/libsystem_pthread.dylib
0x00000001a7efc000 	/usr/lib/system/libsystem_symptoms.dylib
0x00000001a13a1000 	/usr/lib/system/libsystem_trace.dylib
0x00000001ac140000 	/usr/lib/system/libunwind.dylib
0x00000001a135f000 	/usr/lib/system/libxpc.dylib
0x00000001a15df000 	/usr/lib/libc++abi.dylib
0x00000001a14b5000 	/usr/lib/libobjc.A.dylib
0x00000001ac14b000 	/usr/lib/liboah.dylib
0x00000001a1578000 	/usr/lib/libc++.1.dylib
0x00000001b7fd2000 	/System/Library/Frameworks/Cocoa.framework/Versions/A/Cocoa
0x00000001a421e000 	/System/Library/Frameworks/AppKit.framework/Versions/C/AppKit
0x00000001a7724000 	/System/Library/Frameworks/CoreData.framework/Versions/A/CoreData
0x00000001a2579000 	/System/Library/Frameworks/Foundation.framework/Versions/C/Foundation
0x00000001a50d6000 	/System/Library/PrivateFrameworks/UIFoundation.framework/Versions/A/UIFoundation
0x00000001b21b3000 	/System/Library/PrivateFrameworks/RemoteViewServices.framework/Versions/A/RemoteViewServices
0x00000001aa639000 	/System/Library/PrivateFrameworks/XCTTargetBootstrap.framework/Versions/A/XCTTargetBootstrap
0x00000001adeb7000 	/System/Library/PrivateFrameworks/InternationalSupport.framework/Versions/A/InternationalSupport
0x00000001adf40000 	/System/Library/PrivateFrameworks/UserActivity.framework/Versions/A/UserActivity
0x00000001ad3b2000 	/usr/lib/libspindump.dylib
0x00000001a5347000 	/System/Library/Frameworks/UniformTypeIdentifiers.framework/Versions/A/UniformTypeIdentifiers
0x00000001a8b84000 	/usr/lib/libapp_launch_measurement.dylib
0x00000001a80ae000 	/System/Library/PrivateFrameworks/CoreAnalytics.framework/Versions/A/CoreAnalytics
0x00000001a8b87000 	/System/Library/PrivateFrameworks/CoreAutoLayout.framework/Versions/A/CoreAutoLayout
0x00000001a9f2a000 	/System/Library/Frameworks/Metal.framework/Versions/A/Metal
0x00000001aaca1000 	/usr/lib/liblangid.dylib
0x00000001aa63e000 	/System/Library/PrivateFrameworks/CoreSVG.framework/Versions/A/CoreSVG
0x00000001a67d8000 	/System/Library/PrivateFrameworks/SkyLight.framework/Versions/A/SkyLight
0x00000001a6bad000 	/System/Library/Frameworks/CoreGraphics.framework/Versions/A/CoreGraphics
0x00000001b287f000 	/System/Library/Frameworks/Accelerate.framework/Versions/A/Accelerate
0x00000001ace29000 	/System/Library/PrivateFrameworks/IconServices.framework/Versions/A/IconServices
0x00000001a9f0c000 	/System/Library/Frameworks/IOSurface.framework/Versions/A/IOSurface
0x00000001a80df000 	/usr/lib/libDiagnosticMessagesClient.dylib
0x00000001b5d80000 	/System/Library/Frameworks/ApplicationServices.framework/Versions/A/ApplicationServices
0x00000001aa621000 	/System/Library/PrivateFrameworks/DFRFoundation.framework/Versions/A/DFRFoundation
0x00000001a3aae000 	/usr/lib/libicucore.A.dylib
0x00000001aed63000 	/System/Library/Frameworks/AudioToolbox.framework/Versions/A/AudioToolbox
0x00000001adec3000 	/System/Library/PrivateFrameworks/DataDetectorsCore.framework/Versions/A/DataDetectorsCore
0x00000001c4803000 	/System/Library/PrivateFrameworks/TextInput.framework/Versions/A/TextInput
0x00000001a674d000 	/usr/lib/libMobileGestalt.dylib
0x00000001aa2ed000 	/System/Library/Frameworks/Carbon.framework/Versions/A/Frameworks/HIToolbox.framework/Versions/A/HIToolbox
0x00000001a8560000 	/System/Library/Frameworks/QuartzCore.framework/Versions/A/QuartzCore
0x00000001a3731000 	/System/Library/Frameworks/Security.framework/Versions/A/Security
0x00000001b21f3000 	/System/Library/Frameworks/Carbon.framework/Versions/A/Frameworks/SpeechRecognition.framework/Versions/A/SpeechRecognition
0x00000001a88da000 	/System/Library/PrivateFrameworks/CoreUI.framework/Versions/A/CoreUI
0x00000001a300e000 	/System/Library/Frameworks/CoreAudio.framework/Versions/A/CoreAudio
0x00000001a81d4000 	/System/Library/Frameworks/DiskArbitration.framework/Versions/A/DiskArbitration
0x00000001ad7bc000 	/System/Library/PrivateFrameworks/MultitouchSupport.framework/Versions/A/MultitouchSupport
0x00000001a674b000 	/usr/lib/libenergytrace.dylib
0x00000001a40e6000 	/System/Library/Frameworks/IOKit.framework/Versions/A/IOKit
0x00000001b25e2000 	/System/Library/Frameworks/CoreServices.framework/Versions/A/CoreServices
0x00000001a8b14000 	/System/Library/PrivateFrameworks/PerformanceAnalysis.framework/Versions/A/PerformanceAnalysis
0x0000000202aeb000 	/System/Library/Frameworks/OpenGL.framework/Versions/A/OpenGL
0x00000001ab71b000 	/System/Library/PrivateFrameworks/MobileKeyBag.framework/Versions/A/MobileKeyBag
0x00000001a71ba000 	/System/Library/Frameworks/ColorSync.framework/Versions/A/ColorSync
0x00000001a167e000 	/System/Library/Frameworks/CoreFoundation.framework/Versions/A/CoreFoundation
0x00000001aa8bd000 	/System/Library/Frameworks/CoreImage.framework/Versions/A/CoreImage
0x00000001a2e32000 	/System/Library/Frameworks/CoreText.framework/Versions/A/CoreText
0x00000001aa66e000 	/System/Library/Frameworks/ImageIO.framework/Versions/A/ImageIO
0x00000001ac181000 	/System/Library/PrivateFrameworks/SoftLinking.framework/Versions/A/SoftLinking
0x00000001a8bd2000 	/usr/lib/libxml2.2.dylib
0x00000001ac41a000 	/usr/lib/libcompression.dylib
0x00000001ade13000 	/System/Library/PrivateFrameworks/TextureIO.framework/Versions/A/TextureIO
0x00000001acb42000 	/usr/lib/libate.dylib
0x00000001aca07000 	/usr/lib/liblzma.5.dylib
0x00000001a226d000 	/System/Library/Frameworks/SystemConfiguration.framework/Versions/A/SystemConfiguration
0x00000001ac17d000 	/usr/lib/libfakelink.dylib
0x00000001a627f000 	/System/Library/Frameworks/CFNetwork.framework/Versions/A/CFNetwork
0x00000001ac2c3000 	/usr/lib/libarchive.2.dylib
0x00000001aac9d000 	/System/Library/PrivateFrameworks/AppleSystemInfo.framework/Versions/A/AppleSystemInfo
0x00000001ab82e000 	/usr/lib/libbsm.0.dylib
0x00000001a57f0000 	/usr/lib/libnetwork.dylib
0x00000001ac117000 	/usr/lib/system/libkxld.dylib
0x00000001ab441000 	/System/Library/PrivateFrameworks/IOMobileFramebuffer.framework/Versions/A/IOMobileFramebuffer
0x0000000220417000 	/usr/lib/libCoreEntitlements.dylib
0x00000001abe52000 	/System/Library/PrivateFrameworks/AppleFSCompression.framework/Versions/A/AppleFSCompression
0x00000001ab816000 	/usr/lib/libcoretls.dylib
0x00000001aca20000 	/usr/lib/libcoretls_cfhelpers.dylib
0x00000001ac415000 	/usr/lib/libpam.2.dylib
0x00000001a7b13000 	/usr/lib/libsqlite3.dylib
0x00000001aca89000 	/usr/lib/libxar.1.dylib
0x00000001abe63000 	/usr/lib/libbz2.1.0.dylib
0x00000001ac182000 	/usr/lib/libpcap.A.dylib
0x00000001a7ef3000 	/usr/lib/libdns_services.dylib
0x00000001ac3e8000 	/usr/lib/libapple_nghttp2.dylib
0x00000001ac1bf000 	/usr/lib/libiconv.2.dylib
0x00000001ac10d000 	/usr/lib/libcharset.1.dylib
0x00000001a8b50000 	/System/Library/Frameworks/CoreServices.framework/Versions/A/Frameworks/FSEvents.framework/Versions/A/FSEvents
0x00000001a3d6f000 	/System/Library/Frameworks/CoreServices.framework/Versions/A/Frameworks/CarbonCore.framework/Versions/A/CarbonCore
0x00000001a8134000 	/System/Library/Frameworks/CoreServices.framework/Versions/A/Frameworks/Metadata.framework/Versions/A/Metadata
0x00000001abe76000 	/System/Library/Frameworks/CoreServices.framework/Versions/A/Frameworks/OSServices.framework/Versions/A/OSServices
0x00000001ac349000 	/System/Library/Frameworks/CoreServices.framework/Versions/A/Frameworks/SearchKit.framework/Versions/A/SearchKit
0x00000001a7e82000 	/System/Library/Frameworks/CoreServices.framework/Versions/A/Frameworks/AE.framework/Versions/A/AE
0x00000001a1bc4000 	/System/Library/Frameworks/CoreServices.framework/Versions/A/Frameworks/LaunchServices.framework/Versions/A/LaunchServices
0x00000001ac9b0000 	/System/Library/Frameworks/CoreServices.framework/Versions/A/Frameworks/DictionaryServices.framework/Versions/A/DictionaryServices
0x00000001a8b5d000 	/System/Library/Frameworks/CoreServices.framework/Versions/A/Frameworks/SharedFileList.framework/Versions/A/SharedFileList
0x00000001ab806000 	/usr/lib/libCheckFix.dylib
0x00000001a67bc000 	/System/Library/PrivateFrameworks/TCC.framework/Versions/A/TCC
0x00000001aaca3000 	/System/Library/PrivateFrameworks/CoreNLP.framework/Versions/A/CoreNLP
0x00000001a80e2000 	/System/Library/PrivateFrameworks/MetadataUtilities.framework/Versions/A/MetadataUtilities
0x00000001a2326000 	/usr/lib/libmecabra.dylib
0x00000001ab83f000 	/usr/lib/libmecab.dylib
0x00000001a22f2000 	/usr/lib/libCRFSuite.dylib
0x00000001ab89c000 	/usr/lib/libgermantok.dylib
0x00000001ac3c1000 	/usr/lib/libThaiTokenizer.dylib
0x00000001a81dc000 	/System/Library/Frameworks/Accelerate.framework/Versions/A/Frameworks/vImage.framework/Versions/A/vImage
0x00000001b25b9000 	/System/Library/Frameworks/Accelerate.framework/Versions/A/Frameworks/vecLib.framework/Versions/A/vecLib
0x00000001acace000 	/System/Library/Frameworks/Accelerate.framework/Versions/A/Frameworks/vecLib.framework/Versions/A/libvMisc.dylib
0x00000001ab348000 	/System/Library/Frameworks/Accelerate.framework/Versions/A/Frameworks/vecLib.framework/Versions/A/libvDSP.dylib
0x00000001a1f4d000 	/System/Library/Frameworks/Accelerate.framework/Versions/A/Frameworks/vecLib.framework/Versions/A/libBLAS.dylib
0x00000001ac4eb000 	/System/Library/Frameworks/Accelerate.framework/Versions/A/Frameworks/vecLib.framework/Versions/A/libLAPACK.dylib
0x00000001ab89f000 	/System/Library/Frameworks/Accelerate.framework/Versions/A/Frameworks/vecLib.framework/Versions/A/libLinearAlgebra.dylib
0x00000001ac400000 	/System/Library/Frameworks/Accelerate.framework/Versions/A/Frameworks/vecLib.framework/Versions/A/libSparseBLAS.dylib
0x00000001ac4e6000 	/System/Library/Frameworks/Accelerate.framework/Versions/A/Frameworks/vecLib.framework/Versions/A/libQuadrature.dylib
0x00000001aad9c000 	/System/Library/Frameworks/Accelerate.framework/Versions/A/Frameworks/vecLib.framework/Versions/A/libBNNS.dylib
0x00000001a220b000 	/System/Library/Frameworks/Accelerate.framework/Versions/A/Frameworks/vecLib.framework/Versions/A/libSparse.dylib
0x00000001aad94000 	/System/Library/PrivateFrameworks/LinguisticData.framework/Versions/A/LinguisticData
0x00000001a21c3000 	/System/Library/PrivateFrameworks/Lexicon.framework/Versions/A/Lexicon
0x00000001acac6000 	/usr/lib/libChineseTokenizer.dylib
0x00000001a296a000 	/System/Library/PrivateFrameworks/LanguageModeling.framework/Versions/A/LanguageModeling
0x00000001ac3c3000 	/System/Library/PrivateFrameworks/AppleSauce.framework/Versions/A/AppleSauce
0x00000001ab42e000 	/System/Library/PrivateFrameworks/CoreEmoji.framework/Versions/A/CoreEmoji
0x00000001ac2b1000 	/usr/lib/libcmph.dylib
0x00000001a8b30000 	/System/Library/Frameworks/OpenDirectory.framework/Versions/A/Frameworks/CFOpenDirectory.framework/Versions/A/CFOpenDirectory
0x00000001a8b20000 	/System/Library/Frameworks/OpenDirectory.framework/Versions/A/OpenDirectory
0x00000001aca22000 	/System/Library/PrivateFrameworks/APFS.framework/Versions/A/APFS
0x00000001ab756000 	/System/Library/Frameworks/SecurityFoundation.framework/Versions/A/SecurityFoundation
0x00000001aca98000 	/usr/lib/libutil.dylib
0x00000001a40a8000 	/System/Library/PrivateFrameworks/CoreServicesStore.framework/Versions/A/CoreServicesStore
0x00000001aca9c000 	/usr/lib/libxslt.1.dylib
0x00000001ab7ea000 	/System/Library/PrivateFrameworks/BackgroundTaskManagement.framework/Versions/A/BackgroundTaskManagement
0x00000001add34000 	/System/Library/Frameworks/ImageIO.framework/Versions/A/Resources/libRadiance.dylib
0x00000001add3d000 	/System/Library/Frameworks/ImageIO.framework/Versions/A/Resources/libJPEG.dylib
0x00000001adc90000 	/System/Library/Frameworks/ImageIO.framework/Versions/A/Resources/libPng.dylib
0x00000001adcb2000 	/System/Library/Frameworks/ImageIO.framework/Versions/A/Resources/libTIFF.dylib
0x00000001add98000 	/System/Library/Frameworks/ImageIO.framework/Versions/A/Resources/libGIF.dylib
0x00000001ad6cc000 	/System/Library/Frameworks/ImageIO.framework/Versions/A/Resources/libJP2.dylib
0x00000001acdee000 	/usr/lib/libexpat.1.dylib
0x00000001ad687000 	/System/Library/PrivateFrameworks/AppleJPEG.framework/Versions/A/AppleJPEG
0x00000001aa1a9000 	/System/Library/PrivateFrameworks/FontServices.framework/libFontParser.dylib
0x00000001a7e27000 	/System/Library/PrivateFrameworks/RunningBoardServices.framework/Versions/A/RunningBoardServices
0x00000001b86a5000 	/System/Library/PrivateFrameworks/IOSurfaceAccelerator.framework/Versions/A/IOSurfaceAccelerator
0x00000001ad7b8000 	/System/Library/PrivateFrameworks/WatchdogClient.framework/Versions/A/WatchdogClient
0x00000001a2a6e000 	/System/Library/Frameworks/CoreDisplay.framework/Versions/A/CoreDisplay
0x00000001aa093000 	/System/Library/Frameworks/CoreMedia.framework/Versions/A/CoreMedia
0x00000001a9f20000 	/System/Library/PrivateFrameworks/IOAccelerator.framework/Versions/A/IOAccelerator
0x00000001a8cc0000 	/System/Library/Frameworks/CoreVideo.framework/Versions/A/CoreVideo
0x00000001ac413000 	/System/Library/Frameworks/MetalPerformanceShaders.framework/Versions/A/MetalPerformanceShaders
0x00000001ad7f7000 	/System/Library/Frameworks/VideoToolbox.framework/Versions/A/VideoToolbox
0x00000001a7d6b000 	/System/Library/PrivateFrameworks/BaseBoard.framework/Versions/A/BaseBoard
0x00000001a7af9000 	/System/Library/PrivateFrameworks/ProtocolBuffer.framework/Versions/A/ProtocolBuffer
0x00000001add2f000 	/System/Library/PrivateFrameworks/GPUWrangler.framework/Versions/A/GPUWrangler
0x00000001add0f000 	/System/Library/PrivateFrameworks/IOPresentment.framework/Versions/A/IOPresentment
0x00000001add37000 	/System/Library/PrivateFrameworks/DSExternalDisplay.framework/Versions/A/DSExternalDisplay
0x0000000202ade000 	/System/Library/Frameworks/OpenGL.framework/Versions/A/Libraries/libCoreFSCache.dylib
0x000000020cf9d000 	/System/Library/PrivateFrameworks/GPUCompiler.framework/Versions/31001/Libraries/libGPUCompilerUtils.dylib
0x00000001add9d000 	/System/Library/PrivateFrameworks/CMCaptureCore.framework/Versions/A/CMCaptureCore
0x00000001ad39f000 	/System/Library/PrivateFrameworks/AppServerSupport.framework/Versions/A/AppServerSupport
0x00000001af620000 	/System/Library/PrivateFrameworks/perfdata.framework/Versions/A/perfdata
0x00000001a2b8e000 	/System/Library/PrivateFrameworks/AudioToolboxCore.framework/Versions/A/AudioToolboxCore
0x00000001aa06c000 	/System/Library/PrivateFrameworks/caulk.framework/Versions/A/caulk
0x00000001aef15000 	/usr/lib/libAudioStatistics.dylib
0x00000001c0e6a000 	/System/Library/PrivateFrameworks/SystemPolicy.framework/Versions/A/SystemPolicy
0x00000001af181000 	/usr/lib/libSMC.dylib
0x00000001b7eb4000 	/System/Library/Frameworks/CoreMIDI.framework/Versions/A/CoreMIDI
0x00000001adc5e000 	/usr/lib/libAudioToolboxUtility.dylib
0x00000001bcf37000 	/System/Library/PrivateFrameworks/OSAServicesClient.framework/Versions/A/OSAServicesClient
0x00000001af62d000 	/usr/lib/libperfcheck.dylib
0x00000001c1982000 	/usr/lib/libmis.dylib
0x0000000202b40000 	/System/Library/Frameworks/OpenGL.framework/Versions/A/Libraries/libGLU.dylib
0x0000000202aff000 	/System/Library/Frameworks/OpenGL.framework/Versions/A/Libraries/libGFXShared.dylib
0x0000000202cec000 	/System/Library/Frameworks/OpenGL.framework/Versions/A/Libraries/libGL.dylib
0x0000000202b08000 	/System/Library/Frameworks/OpenGL.framework/Versions/A/Libraries/libGLImage.dylib
0x0000000202afc000 	/System/Library/Frameworks/OpenGL.framework/Versions/A/Libraries/libCVMSPluginSupport.dylib
0x0000000202ae5000 	/System/Library/Frameworks/OpenGL.framework/Versions/A/Libraries/libCoreVMClient.dylib
0x00000001aac1d000 	/System/Library/Frameworks/MetalPerformanceShaders.framework/Versions/A/Frameworks/MPSCore.framework/Versions/A/MPSCore
0x00000001abdc5000 	/System/Library/Frameworks/MetalPerformanceShaders.framework/Versions/A/Frameworks/MPSImage.framework/Versions/A/MPSImage
0x00000001ab8b4000 	/System/Library/Frameworks/MetalPerformanceShaders.framework/Versions/A/Frameworks/MPSNeuralNetwork.framework/Versions/A/MPSNeuralNetwork
0x00000001abced000 	/System/Library/Frameworks/MetalPerformanceShaders.framework/Versions/A/Frameworks/MPSMatrix.framework/Versions/A/MPSMatrix
0x00000001abac6000 	/System/Library/Frameworks/MetalPerformanceShaders.framework/Versions/A/Frameworks/MPSRayIntersector.framework/Versions/A/MPSRayIntersector
0x00000001abd1e000 	/System/Library/Frameworks/MetalPerformanceShaders.framework/Versions/A/Frameworks/MPSNDArray.framework/Versions/A/MPSNDArray
0x0000000204c57000 	/System/Library/Frameworks/MetalPerformanceShaders.framework/Versions/A/Frameworks/MPSFunctions.framework/Versions/A/MPSFunctions
0x00000001a1e24000 	/System/Library/PrivateFrameworks/MetalTools.framework/Versions/A/MetalTools
0x00000001aac9b000 	/System/Library/PrivateFrameworks/AggregateDictionary.framework/Versions/A/AggregateDictionary
0x00000001acbd3000 	/usr/lib/libIOReport.dylib
0x00000001b6ed2000 	/System/Library/PrivateFrameworks/ASEProcessing.framework/Versions/A/ASEProcessing
0x00000001acf48000 	/System/Library/PrivateFrameworks/FaceCore.framework/Versions/A/FaceCore
0x00000001acf3a000 	/System/Library/PrivateFrameworks/GraphVisualizer.framework/Versions/A/GraphVisualizer
0x000000020ceb4000 	/System/Library/PrivateFrameworks/FontServices.framework/Versions/A/FontServices
0x00000001ad35b000 	/System/Library/PrivateFrameworks/OTSVG.framework/Versions/A/OTSVG
0x00000001a888a000 	/System/Library/Frameworks/ApplicationServices.framework/Versions/A/Frameworks/ATS.framework/Versions/A/Resources/libFontRegistry.dylib
0x00000001ad3a8000 	/System/Library/PrivateFrameworks/FontServices.framework/libhvf.dylib
0x000000020ceb5000 	/System/Library/PrivateFrameworks/FontServices.framework/libXTFontStaticRegistryData.dylib
0x0000000202e8d000 	/System/Library/Frameworks/OpenCL.framework/Versions/A/OpenCL
0x00000001acda2000 	/System/Library/PrivateFrameworks/AppleVA.framework/Versions/A/AppleVA
0x00000001aef3d000 	/System/Library/Frameworks/ApplicationServices.framework/Versions/A/Frameworks/ATS.framework/Versions/A/ATS
0x00000001a72b7000 	/System/Library/Frameworks/ApplicationServices.framework/Versions/A/Frameworks/HIServices.framework/Versions/A/HIServices
0x00000001adda7000 	/System/Library/Frameworks/ApplicationServices.framework/Versions/A/Frameworks/PrintCore.framework/Versions/A/PrintCore
0x00000001af2d4000 	/System/Library/Frameworks/ApplicationServices.framework/Versions/A/Frameworks/QD.framework/Versions/A/QD
0x00000001af2cc000 	/System/Library/Frameworks/ApplicationServices.framework/Versions/A/Frameworks/ColorSyncLegacy.framework/Versions/A/ColorSyncLegacy
0x00000001aef29000 	/System/Library/Frameworks/ApplicationServices.framework/Versions/A/Frameworks/SpeechSynthesis.framework/Versions/A/SpeechSynthesis
0x00000001add68000 	/System/Library/Frameworks/ApplicationServices.framework/Versions/A/Frameworks/ATSUI.framework/Versions/A/ATSUI
0x00000001af261000 	/usr/lib/libcups.2.dylib
0x00000001af63b000 	/System/Library/Frameworks/Kerberos.framework/Versions/A/Kerberos
0x00000001af64c000 	/System/Library/Frameworks/GSS.framework/Versions/A/GSS
0x00000001aefad000 	/usr/lib/libresolv.9.dylib
0x00000001ad3b7000 	/System/Library/PrivateFrameworks/Heimdal.framework/Versions/A/Heimdal
0x00000001b6107000 	/System/Library/Frameworks/Kerberos.framework/Versions/A/Libraries/libHeimdalProxy.dylib
0x00000001a7f05000 	/System/Library/Frameworks/Network.framework/Versions/A/Network
0x00000001ace09000 	/usr/lib/libheimdal-asn1.dylib
0x00000001af69c000 	/System/Library/PrivateFrameworks/CommonAuth.framework/Versions/A/CommonAuth
0x00000001aeea3000 	/System/Library/PrivateFrameworks/AudioSession.framework/Versions/A/AudioSession
0x00000001ace9b000 	/System/Library/PrivateFrameworks/MediaExperience.framework/Versions/A/MediaExperience
0x00000001aed29000 	/System/Library/PrivateFrameworks/AudioSession.framework/libSessionUtility.dylib
0x00000001af2e0000 	/System/Library/PrivateFrameworks/AudioResourceArbitration.framework/Versions/A/AudioResourceArbitration
0x00000001b3496000 	/System/Library/PrivateFrameworks/PowerLog.framework/Versions/A/PowerLog
0x00000001ace13000 	/System/Library/PrivateFrameworks/IconFoundation.framework/Versions/A/IconFoundation
0x00000001b21df000 	/System/Library/PrivateFrameworks/SpeechRecognitionCore.framework/Versions/A/SpeechRecognitionCore
0x0000000108008000 	/Users/annetorgersen/.vscode/extensions/redhat.java-1.9.0-darwin-arm64/jre/17.0.3-macosx-aarch64/lib/server/libjvm.dylib
0x0000000102574000 	/Users/annetorgersen/.vscode/extensions/redhat.java-1.9.0-darwin-arm64/jre/17.0.3-macosx-aarch64/lib/libjimage.dylib
0x00000001025fc000 	/Users/annetorgersen/.vscode/extensions/redhat.java-1.9.0-darwin-arm64/jre/17.0.3-macosx-aarch64/lib/libjava.dylib
0x0000000102784000 	/Users/annetorgersen/.vscode/extensions/redhat.java-1.9.0-darwin-arm64/jre/17.0.3-macosx-aarch64/lib/libzip.dylib
0x0000000102d5c000 	/Users/annetorgersen/.vscode/extensions/redhat.java-1.9.0-darwin-arm64/jre/17.0.3-macosx-aarch64/lib/libnio.dylib
0x0000000102da0000 	/Users/annetorgersen/.vscode/extensions/redhat.java-1.9.0-darwin-arm64/jre/17.0.3-macosx-aarch64/lib/libnet.dylib
0x0000000102d3c000 	/Users/annetorgersen/.openjfx/cache/17-ea/libprism_es2.dylib
0x00000001a406b000 	/System/Library/PrivateFrameworks/CoreServicesInternal.framework/Versions/A/CoreServicesInternal
0x0000000202cf6000 	/System/Library/Frameworks/OpenGL.framework/Versions/A/Resources/GLEngine.bundle/GLEngine
0x0000000202b7e000 	/System/Library/Frameworks/OpenGL.framework/Versions/A/Libraries/libGLProgrammability.dylib
0x0000000120e08000 	/System/Library/Extensions/AppleMetalOpenGLRenderer.bundle/Contents/MacOS/AppleMetalOpenGLRenderer
0x0000000202e65000 	/System/Library/Frameworks/OpenGL.framework/Versions/A/Resources/GLRendererFloat.bundle/GLRendererFloat
0x0000000202f65000 	/System/Library/Extensions/AGXMetal13_3.bundle/Contents/MacOS/AGXMetal13_3
0x00000001c199e000 	/System/Library/PrivateFrameworks/GPURawCounter.framework/Versions/A/GPURawCounter
0x00000001bc0a8000 	/System/Library/PrivateFrameworks/IOGPU.framework/Versions/A/IOGPU
0x0000000120ea0000 	/Users/annetorgersen/.openjfx/cache/17-ea/libglass.dylib
0x00000001b36ee000 	/System/Library/Frameworks/FileProvider.framework/Versions/A/FileProvider
0x00000001a7cd3000 	/System/Library/Frameworks/Accounts.framework/Versions/A/Accounts
0x00000001b3872000 	/System/Library/PrivateFrameworks/GenerationalStorage.framework/Versions/A/GenerationalStorage
0x00000001b4435000 	/System/Library/PrivateFrameworks/CoreSymbolication.framework/Versions/A/CoreSymbolication
0x00000001b348a000 	/System/Library/PrivateFrameworks/SymptomDiagnosticReporter.framework/Versions/A/SymptomDiagnosticReporter
0x00000001a535b000 	/System/Library/PrivateFrameworks/DesktopServicesPriv.framework/Versions/A/DesktopServicesPriv
0x00000001a41cd000 	/usr/lib/libsandbox.1.dylib
0x00000001a8d4e000 	/System/Library/PrivateFrameworks/UserManagement.framework/Versions/A/UserManagement
0x00000001b43f2000 	/System/Library/PrivateFrameworks/DebugSymbols.framework/Versions/A/DebugSymbols
0x00000001af2bf000 	/System/Library/PrivateFrameworks/NetAuth.framework/Versions/A/NetAuth
0x00000001b01dd000 	/System/Library/PrivateFrameworks/Sharing.framework/Versions/A/Sharing
0x00000001a8d1e000 	/System/Library/PrivateFrameworks/login.framework/Versions/A/Frameworks/loginsupport.framework/Versions/A/loginsupport
0x00000001b5627000 	/System/Library/PrivateFrameworks/Apple80211.framework/Versions/A/Apple80211
0x00000001abea9000 	/System/Library/PrivateFrameworks/AuthKit.framework/Versions/A/AuthKit
0x00000001ab52a000 	/System/Library/PrivateFrameworks/CoreUtils.framework/Versions/A/CoreUtils
0x00000001ab44d000 	/System/Library/Frameworks/CoreWLAN.framework/Versions/A/CoreWLAN
0x00000001b034d000 	/System/Library/Frameworks/IOBluetooth.framework/Versions/A/IOBluetooth
0x00000001b5687000 	/System/Library/PrivateFrameworks/CoreWiFi.framework/Versions/A/CoreWiFi
0x00000001b3fd2000 	/System/Library/PrivateFrameworks/FrontBoardServices.framework/Versions/A/FrontBoardServices
0x00000001b406a000 	/System/Library/PrivateFrameworks/BoardServices.framework/Versions/A/BoardServices
0x00000001ab744000 	/System/Library/PrivateFrameworks/AssertionServices.framework/Versions/A/AssertionServices
0x00000001b5804000 	/System/Library/PrivateFrameworks/BackBoardServices.framework/Versions/A/BackBoardServices
0x00000001af733000 	/System/Library/PrivateFrameworks/CorePhoneNumbers.framework/Versions/A/CorePhoneNumbers
0x00000001b35ba000 	/System/Library/PrivateFrameworks/DiskManagement.framework/Versions/A/DiskManagement
0x00000001b34bd000 	/System/Library/PrivateFrameworks/AppleIDAuthSupport.framework/Versions/A/AppleIDAuthSupport
0x000000020747e000 	/System/Library/PrivateFrameworks/AAAFoundation.framework/Versions/A/AAAFoundation
0x00000001af712000 	/System/Library/PrivateFrameworks/KeychainCircle.framework/Versions/A/KeychainCircle
0x00000001b3586000 	/System/Library/PrivateFrameworks/MediaKit.framework/Versions/A/MediaKit
0x00000001b34ca000 	/System/Library/Frameworks/DiscRecording.framework/Versions/A/DiscRecording
0x00000001acd1e000 	/usr/lib/libCoreStorage.dylib
0x00000001b5b01000 	/usr/lib/libcsfde.dylib
0x00000001b0422000 	/System/Library/PrivateFrameworks/ProtectedCloudStorage.framework/Versions/A/ProtectedCloudStorage
0x00000001b5af9000 	/System/Library/PrivateFrameworks/EFILogin.framework/Versions/A/EFILogin
0x00000001b3899000 	/System/Library/PrivateFrameworks/OctagonTrust.framework/Versions/A/OctagonTrust
0x000000020c04f000 	/System/Library/PrivateFrameworks/CoreUtilsExtras.framework/Versions/A/CoreUtilsExtras
0x00000001b33ef000 	/System/Library/Frameworks/CoreBluetooth.framework/Versions/A/CoreBluetooth
0x00000001b618c000 	/System/Library/Frameworks/AudioUnit.framework/Versions/A/AudioUnit
0x00000001acd16000 	/usr/lib/libMatch.1.dylib
0x00000001c5e4a000 	/System/Library/Frameworks/Accelerate.framework/Versions/A/Frameworks/vImage.framework/Versions/A/Libraries/libCGInterfaces.dylib
0x0000000126904000 	/usr/lib/libobjc-trampolines.dylib
0x00000001a8a18000 	/System/Library/PrivateFrameworks/ViewBridge.framework/Versions/A/ViewBridge
0x0000000130868000 	/Users/annetorgersen/.openjfx/cache/17-ea/libjavafx_font.dylib
0x00000001ad47a000 	/System/Library/PrivateFrameworks/login.framework/Versions/A/login
0x0000000220595000 	/usr/lib/libRosetta.dylib


VM Arguments:
jvm_args: -XX:+ShowCodeDetailsInExceptionMessages -Dfile.encoding=UTF-8 --module-path=/Users/annetorgersen/Desktop/Objektorientertprogrammering/TDT4100_prosjekt/target/classes:/Users/annetorgersen/.m2/repository/org/openjfx/javafx-fxml/17-ea+8/javafx-fxml-17-ea+8-mac-aarch64.jar:/Users/annetorgersen/.m2/repository/org/openjfx/javafx-controls/17-ea+8/javafx-controls-17-ea+8-mac-aarch64.jar:/Users/annetorgersen/.m2/repository/org/openjfx/javafx-graphics/17-ea+8/javafx-graphics-17-ea+8-mac-aarch64.jar:/Users/annetorgersen/.m2/repository/org/openjfx/javafx-base/17-ea+8/javafx-base-17-ea+8-mac-aarch64.jar -Djdk.module.main=TDT4100_project 
java_command: TDT4100_project/promillekalkulator.App
java_class_path (initial): /Users/annetorgersen/.m2/repository/org/openjfx/javafx-fxml/17-ea+8/javafx-fxml-17-ea+8.jar:/Users/annetorgersen/.m2/repository/org/openjfx/javafx-controls/17-ea+8/javafx-controls-17-ea+8.jar:/Users/annetorgersen/.m2/repository/org/openjfx/javafx-graphics/17-ea+8/javafx-graphics-17-ea+8.jar:/Users/annetorgersen/.m2/repository/org/openjfx/javafx-base/17-ea+8/javafx-base-17-ea+8.jar:/Users/annetorgersen/.m2/repository/org/junit/jupiter/junit-jupiter-engine/5.7.0/junit-jupiter-engine-5.7.0.jar:/Users/annetorgersen/.m2/repository/org/apiguardian/apiguardian-api/1.1.0/apiguardian-api-1.1.0.jar:/Users/annetorgersen/.m2/repository/org/junit/platform/junit-platform-engine/1.7.0/junit-platform-engine-1.7.0.jar:/Users/annetorgersen/.m2/repository/org/opentest4j/opentest4j/1.2.0/opentest4j-1.2.0.jar:/Users/annetorgersen/.m2/repository/org/junit/platform/junit-platform-commons/1.7.0/junit-platform-commons-1.7.0.jar:/Users/annetorgersen/.m2/repository/org/junit/jupiter/junit-jupiter-api/5.7.0/junit-jupiter-api-5.7.0.jar
Launcher Type: SUN_STANDARD

[Global flags]
     intx CICompilerCount                          = 4                                         {product} {ergonomic}
     uint ConcGCThreads                            = 2                                         {product} {ergonomic}
     uint G1ConcRefinementThreads                  = 8                                         {product} {ergonomic}
   size_t G1HeapRegionSize                         = 1048576                                   {product} {ergonomic}
    uintx GCDrainStackTargetSize                   = 64                                        {product} {ergonomic}
   size_t InitialHeapSize                          = 134217728                                 {product} {ergonomic}
   size_t MarkStackSize                            = 4194304                                   {product} {ergonomic}
   size_t MaxHeapSize                              = 2147483648                                {product} {ergonomic}
   size_t MaxNewSize                               = 1287651328                                {product} {ergonomic}
   size_t MinHeapDeltaBytes                        = 1048576                                   {product} {ergonomic}
   size_t MinHeapSize                              = 8388608                                   {product} {ergonomic}
    uintx NonNMethodCodeHeapSize                   = 5839564                                {pd product} {ergonomic}
    uintx NonProfiledCodeHeapSize                  = 122909338                              {pd product} {ergonomic}
    uintx ProfiledCodeHeapSize                     = 122909338                              {pd product} {ergonomic}
    uintx ReservedCodeCacheSize                    = 251658240                              {pd product} {ergonomic}
     bool SegmentedCodeCache                       = true                                      {product} {ergonomic}
     bool ShowCodeDetailsInExceptionMessages       = true                                   {manageable} {command line}
   size_t SoftMaxHeapSize                          = 2147483648                             {manageable} {ergonomic}
     bool UseCompressedClassPointers               = true                           {product lp64_product} {ergonomic}
     bool UseCompressedOops                        = true                           {product lp64_product} {ergonomic}
     bool UseG1GC                                  = true                                      {product} {ergonomic}
     bool UseNUMA                                  = false                                     {product} {ergonomic}
     bool UseNUMAInterleaving                      = false                                     {product} {ergonomic}

Logging:
Log output configuration:
 #0: stdout all=warning uptime,level,tags
 #1: stderr all=off uptime,level,tags

Environment Variables:
PATH=/usr/local/bin:/usr/bin:/bin:/usr/sbin:/sbin
SHELL=/bin/zsh

Signal Handlers:
   SIGSEGV: _ZL13crash_handleriP9__siginfoPv in libjvm.dylib, mask=11100110000111110111111111111111, flags=SA_RESTART|SA_SIGINFO
    SIGBUS: _ZL13crash_handleriP9__siginfoPv in libjvm.dylib, mask=11100110000111110111111111111111, flags=SA_RESTART|SA_SIGINFO
    SIGFPE: _ZL13crash_handleriP9__siginfoPv in libjvm.dylib, mask=11100110000111110111111111111111, flags=SA_RESTART|SA_SIGINFO
   SIGPIPE: _ZL17javaSignalHandleriP9__siginfoPv in libjvm.dylib, mask=11100110000111110111111111111111, flags=SA_RESTART|SA_SIGINFO
   SIGXFSZ: _ZL17javaSignalHandleriP9__siginfoPv in libjvm.dylib, mask=11100110000111110111111111111111, flags=SA_RESTART|SA_SIGINFO
    SIGILL: _ZL13crash_handleriP9__siginfoPv in libjvm.dylib, mask=11100110000111110111111111111111, flags=SA_RESTART|SA_SIGINFO
   SIGUSR2: _ZL10SR_handleriP9__siginfoP17__darwin_ucontext in libjvm.dylib, mask=00100000000000000000000000000000, flags=SA_RESTART|SA_SIGINFO
    SIGHUP: _ZL11UserHandleriPvS_ in libjvm.dylib, mask=11100110000111110111111111111111, flags=SA_RESTART|SA_SIGINFO
    SIGINT: _ZL11UserHandleriPvS_ in libjvm.dylib, mask=11100110000111110111111111111111, flags=SA_RESTART|SA_SIGINFO
   SIGTERM: _ZL11UserHandleriPvS_ in libjvm.dylib, mask=11100110000111110111111111111111, flags=SA_RESTART|SA_SIGINFO
   SIGQUIT: _ZL11UserHandleriPvS_ in libjvm.dylib, mask=11100110000111110111111111111111, flags=SA_RESTART|SA_SIGINFO
  *** Handler was modified!
  *** Expected: _ZL17javaSignalHandleriP9__siginfoPv in libjvm.dylib, mask=11100110100111111111111111111111, flags=SA_RESTART|SA_SIGINFO
   SIGTRAP: _ZL13crash_handleriP9__siginfoPv in libjvm.dylib, mask=11100110000111110111111111111111, flags=SA_RESTART|SA_SIGINFO


---------------  S Y S T E M  ---------------

OS:
uname: Darwin 21.4.0 Darwin Kernel Version 21.4.0: Mon Feb 21 20:36:53 PST 2022; root:xnu-8020.101.4~2/RELEASE_ARM64_T8101 arm64
OS uptime: 1 days 7:21 hours
rlimit (soft/hard): STACK 8176k/65520k , CORE 0k/infinity , NPROC 1333/2000 , NOFILE 10240/infinity , AS infinity/infinity , CPU infinity/infinity , DATA infinity/infinity , FSIZE infinity/infinity , MEMLOCK infinity/infinity , RSS infinity/infinity
load average: 2.25 2.02 1.93

CPU: total 8 (initial active 8) 0x61:0x0:0x1b588bb3:0, fp, simd, crc, lse

Memory: 16k page, physical 8388608k(113760k free), swap 3145728k(542720k free)

vm_info: OpenJDK 64-Bit Server VM (17.0.3+7) for bsd-aarch64 JRE (17.0.3+7), built on Apr 19 2022 22:59:25 by "jenkins" with clang Apple LLVM 12.0.0 (clang-1200.0.32.29)

END.
